{"C:\\Users\\Jazzy\\Pictures\\thesis-app\\NutriCycle-RN-App\\src\\components\\BottomNavigation.tsx": {"path":"C:\\Users\\Jazzy\\Pictures\\thesis-app\\NutriCycle-RN-App\\src\\components\\BottomNavigation.tsx","statementMap":{"0":{"start":{"line":7,"column":26},"end":{"line":7,"column":28}},"1":{"start":{"line":14,"column":13},"end":{"line":19,"column":1}},"2":{"start":{"line":22,"column":17},"end":{"line":22,"column":36}},"3":{"start":{"line":23,"column":34},"end":{"line":23,"column":63}},"4":{"start":{"line":25,"column":21},"end":{"line":30,"column":11}},"5":{"start":{"line":27,"column":6},"end":{"line":27,"column":69}},"6":{"start":{"line":28,"column":6},"end":{"line":28,"column":17}},"7":{"start":{"line":35,"column":2},"end":{"line":45,"column":20}},"8":{"start":{"line":36,"column":4},"end":{"line":36,"column":41}},"9":{"start":{"line":36,"column":34},"end":{"line":36,"column":41}},"10":{"start":{"line":39,"column":4},"end":{"line":42,"column":15}},"11":{"start":{"line":44,"column":4},"end":{"line":44,"column":29}},"12":{"start":{"line":47,"column":21},"end":{"line":57,"column":3}},"13":{"start":{"line":48,"column":4},"end":{"line":48,"column":36}},"14":{"start":{"line":48,"column":29},"end":{"line":48,"column":36}},"15":{"start":{"line":50,"column":4},"end":{"line":53,"column":15}},"16":{"start":{"line":55,"column":4},"end":{"line":55,"column":24}},"17":{"start":{"line":56,"column":4},"end":{"line":56,"column":25}},"18":{"start":{"line":59,"column":2},"end":{"line":91,"column":4}},"19":{"start":{"line":71,"column":27},"end":{"line":71,"column":47}},"20":{"start":{"line":72,"column":24},"end":{"line":72,"column":68}},"21":{"start":{"line":73,"column":23},"end":{"line":73,"column":38}},"22":{"start":{"line":75,"column":10},"end":{"line":87,"column":12}},"23":{"start":{"line":79,"column":29},"end":{"line":79,"column":48}},"24":{"start":{"line":94,"column":15},"end":{"line":131,"column":2}}},"fnMap":{"0":{"name":"BottomNavigation","decl":{"start":{"line":21,"column":24},"end":{"line":21,"column":40}},"loc":{"start":{"line":21,"column":90},"end":{"line":92,"column":1}},"line":21},"1":{"name":"(anonymous_1)","decl":{"start":{"line":26,"column":48},"end":{"line":26,"column":49}},"loc":{"start":{"line":26,"column":60},"end":{"line":29,"column":5}},"line":26},"2":{"name":"(anonymous_2)","decl":{"start":{"line":35,"column":12},"end":{"line":35,"column":13}},"loc":{"start":{"line":35,"column":18},"end":{"line":45,"column":3}},"line":35},"3":{"name":"(anonymous_3)","decl":{"start":{"line":47,"column":21},"end":{"line":47,"column":22}},"loc":{"start":{"line":47,"column":41},"end":{"line":57,"column":3}},"line":47},"4":{"name":"(anonymous_4)","decl":{"start":{"line":70,"column":18},"end":{"line":70,"column":19}},"loc":{"start":{"line":70,"column":27},"end":{"line":88,"column":9}},"line":70},"5":{"name":"(anonymous_5)","decl":{"start":{"line":79,"column":23},"end":{"line":79,"column":24}},"loc":{"start":{"line":79,"column":29},"end":{"line":79,"column":48}},"line":79}},"branchMap":{"0":{"loc":{"start":{"line":21,"column":55},"end":{"line":21,"column":79}},"type":"default-arg","locations":[{"start":{"line":21,"column":69},"end":{"line":21,"column":79}}],"line":21},"1":{"loc":{"start":{"line":27,"column":38},"end":{"line":27,"column":67}},"type":"cond-expr","locations":[{"start":{"line":27,"column":59},"end":{"line":27,"column":63}},{"start":{"line":27,"column":66},"end":{"line":27,"column":67}}],"line":27},"2":{"loc":{"start":{"line":36,"column":4},"end":{"line":36,"column":41}},"type":"if","locations":[{"start":{"line":36,"column":4},"end":{"line":36,"column":41}},{"start":{},"end":{}}],"line":36},"3":{"loc":{"start":{"line":48,"column":4},"end":{"line":48,"column":36}},"type":"if","locations":[{"start":{"line":48,"column":4},"end":{"line":48,"column":36}},{"start":{},"end":{}}],"line":48},"4":{"loc":{"start":{"line":72,"column":24},"end":{"line":72,"column":68}},"type":"binary-expr","locations":[{"start":{"line":72,"column":24},"end":{"line":72,"column":43}},{"start":{"line":72,"column":47},"end":{"line":72,"column":68}}],"line":72},"5":{"loc":{"start":{"line":83,"column":39},"end":{"line":83,"column":87}},"type":"cond-expr","locations":[{"start":{"line":83,"column":50},"end":{"line":83,"column":66}},{"start":{"line":83,"column":69},"end":{"line":83,"column":87}}],"line":83},"6":{"loc":{"start":{"line":85,"column":54},"end":{"line":85,"column":92}},"type":"cond-expr","locations":[{"start":{"line":85,"column":65},"end":{"line":85,"column":71}},{"start":{"line":85,"column":74},"end":{"line":85,"column":92}}],"line":85}},"s":{"0":0,"1":0,"2":0,"3":0,"4":0,"5":0,"6":0,"7":0,"8":0,"9":0,"10":0,"11":0,"12":0,"13":0,"14":0,"15":0,"16":0,"17":0,"18":0,"19":0,"20":0,"21":0,"22":0,"23":0,"24":0},"f":{"0":0,"1":0,"2":0,"3":0,"4":0,"5":0},"b":{"0":[0],"1":[0,0],"2":[0,0],"3":[0,0],"4":[0,0],"5":[0,0],"6":[0,0]}}
,"C:\\Users\\Jazzy\\Pictures\\thesis-app\\NutriCycle-RN-App\\src\\components\\ControlPanel.tsx": {"path":"C:\\Users\\Jazzy\\Pictures\\thesis-app\\NutriCycle-RN-App\\src\\components\\ControlPanel.tsx","statementMap":{"0":{"start":{"line":8,"column":109},"end":{"line":8,"column":126}},"1":{"start":{"line":9,"column":46},"end":{"line":9,"column":61}},"2":{"start":{"line":10,"column":36},"end":{"line":10,"column":51}},"3":{"start":{"line":11,"column":44},"end":{"line":11,"column":83}},"4":{"start":{"line":14,"column":2},"end":{"line":20,"column":29}},"5":{"start":{"line":15,"column":4},"end":{"line":19,"column":5}},"6":{"start":{"line":16,"column":6},"end":{"line":16,"column":26}},"7":{"start":{"line":17,"column":11},"end":{"line":19,"column":5}},"8":{"start":{"line":18,"column":6},"end":{"line":18,"column":25}},"9":{"start":{"line":22,"column":26},"end":{"line":26,"column":3}},"10":{"start":{"line":23,"column":4},"end":{"line":25,"column":5}},"11":{"start":{"line":24,"column":6},"end":{"line":24,"column":30}},"12":{"start":{"line":28,"column":27},"end":{"line":51,"column":3}},"13":{"start":{"line":29,"column":4},"end":{"line":32,"column":5}},"14":{"start":{"line":30,"column":6},"end":{"line":30,"column":33}},"15":{"start":{"line":31,"column":6},"end":{"line":31,"column":13}},"16":{"start":{"line":34,"column":4},"end":{"line":34,"column":30}},"17":{"start":{"line":35,"column":4},"end":{"line":50,"column":5}},"18":{"start":{"line":37,"column":6},"end":{"line":37,"column":28}},"19":{"start":{"line":40,"column":26},"end":{"line":40,"column":78}},"20":{"start":{"line":41,"column":6},"end":{"line":41,"column":44}},"21":{"start":{"line":43,"column":6},"end":{"line":43,"column":26}},"22":{"start":{"line":44,"column":6},"end":{"line":44,"column":24}},"23":{"start":{"line":46,"column":6},"end":{"line":46,"column":47}},"24":{"start":{"line":47,"column":6},"end":{"line":47,"column":37}},"25":{"start":{"line":49,"column":6},"end":{"line":49,"column":29}},"26":{"start":{"line":53,"column":22},"end":{"line":73,"column":3}},"27":{"start":{"line":54,"column":4},"end":{"line":58,"column":5}},"28":{"start":{"line":55,"column":6},"end":{"line":55,"column":33}},"29":{"start":{"line":56,"column":6},"end":{"line":56,"column":31}},"30":{"start":{"line":57,"column":6},"end":{"line":57,"column":13}},"31":{"start":{"line":60,"column":4},"end":{"line":60,"column":29}},"32":{"start":{"line":61,"column":4},"end":{"line":61,"column":29}},"33":{"start":{"line":63,"column":4},"end":{"line":72,"column":5}},"34":{"start":{"line":64,"column":6},"end":{"line":64,"column":27}},"35":{"start":{"line":65,"column":6},"end":{"line":65,"column":25}},"36":{"start":{"line":66,"column":6},"end":{"line":66,"column":23}},"37":{"start":{"line":68,"column":6},"end":{"line":68,"column":46}},"38":{"start":{"line":69,"column":6},"end":{"line":69,"column":36}},"39":{"start":{"line":71,"column":6},"end":{"line":71,"column":29}},"40":{"start":{"line":75,"column":25},"end":{"line":86,"column":3}},"41":{"start":{"line":76,"column":4},"end":{"line":85,"column":5}},"42":{"start":{"line":78,"column":8},"end":{"line":78,"column":30}},"43":{"start":{"line":80,"column":8},"end":{"line":80,"column":30}},"44":{"start":{"line":82,"column":8},"end":{"line":82,"column":30}},"45":{"start":{"line":84,"column":8},"end":{"line":84,"column":32}},"46":{"start":{"line":88,"column":25},"end":{"line":99,"column":3}},"47":{"start":{"line":89,"column":4},"end":{"line":98,"column":5}},"48":{"start":{"line":91,"column":8},"end":{"line":91,"column":25}},"49":{"start":{"line":93,"column":8},"end":{"line":93,"column":22}},"50":{"start":{"line":95,"column":8},"end":{"line":95,"column":27}},"51":{"start":{"line":97,"column":8},"end":{"line":97,"column":26}},"52":{"start":{"line":101,"column":20},"end":{"line":101,"column":54}},"53":{"start":{"line":102,"column":24},"end":{"line":102,"column":59}},"54":{"start":{"line":103,"column":23},"end":{"line":103,"column":59}},"55":{"start":{"line":105,"column":2},"end":{"line":160,"column":4}},"56":{"start":{"line":136,"column":30},"end":{"line":136,"column":54}},"57":{"start":{"line":151,"column":29},"end":{"line":151,"column":53}},"58":{"start":{"line":163,"column":15},"end":{"line":307,"column":2}}},"fnMap":{"0":{"name":"ControlPanel","decl":{"start":{"line":7,"column":24},"end":{"line":7,"column":36}},"loc":{"start":{"line":7,"column":39},"end":{"line":161,"column":1}},"line":7},"1":{"name":"(anonymous_1)","decl":{"start":{"line":14,"column":12},"end":{"line":14,"column":13}},"loc":{"start":{"line":14,"column":18},"end":{"line":20,"column":3}},"line":14},"2":{"name":"(anonymous_2)","decl":{"start":{"line":22,"column":26},"end":{"line":22,"column":27}},"loc":{"start":{"line":22,"column":32},"end":{"line":26,"column":3}},"line":22},"3":{"name":"(anonymous_3)","decl":{"start":{"line":28,"column":27},"end":{"line":28,"column":28}},"loc":{"start":{"line":28,"column":39},"end":{"line":51,"column":3}},"line":28},"4":{"name":"(anonymous_4)","decl":{"start":{"line":53,"column":22},"end":{"line":53,"column":23}},"loc":{"start":{"line":53,"column":34},"end":{"line":73,"column":3}},"line":53},"5":{"name":"(anonymous_5)","decl":{"start":{"line":75,"column":25},"end":{"line":75,"column":26}},"loc":{"start":{"line":75,"column":46},"end":{"line":86,"column":3}},"line":75},"6":{"name":"(anonymous_6)","decl":{"start":{"line":88,"column":25},"end":{"line":88,"column":26}},"loc":{"start":{"line":88,"column":46},"end":{"line":99,"column":3}},"line":88},"7":{"name":"(anonymous_7)","decl":{"start":{"line":136,"column":24},"end":{"line":136,"column":25}},"loc":{"start":{"line":136,"column":30},"end":{"line":136,"column":54}},"line":136},"8":{"name":"(anonymous_8)","decl":{"start":{"line":151,"column":23},"end":{"line":151,"column":24}},"loc":{"start":{"line":151,"column":29},"end":{"line":151,"column":53}},"line":151}},"branchMap":{"0":{"loc":{"start":{"line":15,"column":4},"end":{"line":19,"column":5}},"type":"if","locations":[{"start":{"line":15,"column":4},"end":{"line":19,"column":5}},{"start":{"line":17,"column":11},"end":{"line":19,"column":5}}],"line":15},"1":{"loc":{"start":{"line":17,"column":11},"end":{"line":19,"column":5}},"type":"if","locations":[{"start":{"line":17,"column":11},"end":{"line":19,"column":5}},{"start":{},"end":{}}],"line":17},"2":{"loc":{"start":{"line":23,"column":4},"end":{"line":25,"column":5}},"type":"if","locations":[{"start":{"line":23,"column":4},"end":{"line":25,"column":5}},{"start":{},"end":{}}],"line":23},"3":{"loc":{"start":{"line":29,"column":4},"end":{"line":32,"column":5}},"type":"if","locations":[{"start":{"line":29,"column":4},"end":{"line":32,"column":5}},{"start":{},"end":{}}],"line":29},"4":{"loc":{"start":{"line":40,"column":26},"end":{"line":40,"column":78}},"type":"cond-expr","locations":[{"start":{"line":40,"column":60},"end":{"line":40,"column":69}},{"start":{"line":40,"column":72},"end":{"line":40,"column":78}}],"line":40},"5":{"loc":{"start":{"line":54,"column":4},"end":{"line":58,"column":5}},"type":"if","locations":[{"start":{"line":54,"column":4},"end":{"line":58,"column":5}},{"start":{},"end":{}}],"line":54},"6":{"loc":{"start":{"line":76,"column":4},"end":{"line":85,"column":5}},"type":"switch","locations":[{"start":{"line":77,"column":6},"end":{"line":78,"column":30}},{"start":{"line":79,"column":6},"end":{"line":80,"column":30}},{"start":{"line":81,"column":6},"end":{"line":82,"column":30}},{"start":{"line":83,"column":6},"end":{"line":84,"column":32}}],"line":76},"7":{"loc":{"start":{"line":89,"column":4},"end":{"line":98,"column":5}},"type":"switch","locations":[{"start":{"line":90,"column":6},"end":{"line":91,"column":25}},{"start":{"line":92,"column":6},"end":{"line":93,"column":22}},{"start":{"line":94,"column":6},"end":{"line":95,"column":27}},{"start":{"line":96,"column":6},"end":{"line":97,"column":26}}],"line":89},"8":{"loc":{"start":{"line":102,"column":24},"end":{"line":102,"column":59}},"type":"binary-expr","locations":[{"start":{"line":102,"column":24},"end":{"line":102,"column":33}},{"start":{"line":102,"column":37},"end":{"line":102,"column":59}}],"line":102},"9":{"loc":{"start":{"line":103,"column":23},"end":{"line":103,"column":59}},"type":"binary-expr","locations":[{"start":{"line":103,"column":23},"end":{"line":103,"column":33}},{"start":{"line":103,"column":37},"end":{"line":103,"column":59}}],"line":103},"10":{"loc":{"start":{"line":109,"column":33},"end":{"line":109,"column":65}},"type":"binary-expr","locations":[{"start":{"line":109,"column":33},"end":{"line":109,"column":46}},{"start":{"line":109,"column":50},"end":{"line":109,"column":65}}],"line":109},"11":{"loc":{"start":{"line":111,"column":25},"end":{"line":111,"column":48}},"type":"cond-expr","locations":[{"start":{"line":111,"column":41},"end":{"line":111,"column":42}},{"start":{"line":111,"column":45},"end":{"line":111,"column":48}}],"line":111},"12":{"loc":{"start":{"line":114,"column":11},"end":{"line":116,"column":18}},"type":"cond-expr","locations":[{"start":{"line":115,"column":12},"end":{"line":115,"column":71}},{"start":{"line":116,"column":14},"end":{"line":116,"column":18}}],"line":114},"13":{"loc":{"start":{"line":117,"column":43},"end":{"line":117,"column":94}},"type":"cond-expr","locations":[{"start":{"line":117,"column":71},"end":{"line":117,"column":84}},{"start":{"line":117,"column":87},"end":{"line":117,"column":94}}],"line":117},"14":{"loc":{"start":{"line":120,"column":46},"end":{"line":120,"column":77}},"type":"binary-expr","locations":[{"start":{"line":120,"column":46},"end":{"line":120,"column":58}},{"start":{"line":120,"column":62},"end":{"line":120,"column":77}}],"line":120},"15":{"loc":{"start":{"line":122,"column":25},"end":{"line":122,"column":47}},"type":"cond-expr","locations":[{"start":{"line":122,"column":40},"end":{"line":122,"column":41}},{"start":{"line":122,"column":44},"end":{"line":122,"column":47}}],"line":122},"16":{"loc":{"start":{"line":125,"column":11},"end":{"line":127,"column":18}},"type":"cond-expr","locations":[{"start":{"line":126,"column":12},"end":{"line":126,"column":71}},{"start":{"line":127,"column":14},"end":{"line":127,"column":18}}],"line":125},"17":{"loc":{"start":{"line":128,"column":43},"end":{"line":128,"column":92}},"type":"cond-expr","locations":[{"start":{"line":128,"column":70},"end":{"line":128,"column":83}},{"start":{"line":128,"column":86},"end":{"line":128,"column":92}}],"line":128}},"s":{"0":0,"1":0,"2":0,"3":0,"4":0,"5":0,"6":0,"7":0,"8":0,"9":0,"10":0,"11":0,"12":0,"13":0,"14":0,"15":0,"16":0,"17":0,"18":0,"19":0,"20":0,"21":0,"22":0,"23":0,"24":0,"25":0,"26":0,"27":0,"28":0,"29":0,"30":0,"31":0,"32":0,"33":0,"34":0,"35":0,"36":0,"37":0,"38":0,"39":0,"40":0,"41":0,"42":0,"43":0,"44":0,"45":0,"46":0,"47":0,"48":0,"49":0,"50":0,"51":0,"52":0,"53":0,"54":0,"55":0,"56":0,"57":0,"58":0},"f":{"0":0,"1":0,"2":0,"3":0,"4":0,"5":0,"6":0,"7":0,"8":0},"b":{"0":[0,0],"1":[0,0],"2":[0,0],"3":[0,0],"4":[0,0],"5":[0,0],"6":[0,0,0,0],"7":[0,0,0,0],"8":[0,0],"9":[0,0],"10":[0,0],"11":[0,0],"12":[0,0],"13":[0,0],"14":[0,0],"15":[0,0],"16":[0,0],"17":[0,0]}}
,"C:\\Users\\Jazzy\\Pictures\\thesis-app\\NutriCycle-RN-App\\src\\components\\HistoryDetailsModal.tsx": {"path":"C:\\Users\\Jazzy\\Pictures\\thesis-app\\NutriCycle-RN-App\\src\\components\\HistoryDetailsModal.tsx","statementMap":{"0":{"start":{"line":21,"column":17},"end":{"line":21,"column":36}},"1":{"start":{"line":23,"column":2},"end":{"line":76,"column":4}},"2":{"start":{"line":50,"column":12},"end":{"line":71,"column":19}},"3":{"start":{"line":79,"column":15},"end":{"line":135,"column":2}}},"fnMap":{"0":{"name":"HistoryDetailsModal","decl":{"start":{"line":20,"column":24},"end":{"line":20,"column":43}},"loc":{"start":{"line":20,"column":79},"end":{"line":77,"column":1}},"line":20},"1":{"name":"(anonymous_1)","decl":{"start":{"line":49,"column":20},"end":{"line":49,"column":21}},"loc":{"start":{"line":50,"column":12},"end":{"line":71,"column":19}},"line":50}},"branchMap":{},"s":{"0":0,"1":0,"2":0,"3":0},"f":{"0":0,"1":0},"b":{}}
,"C:\\Users\\Jazzy\\Pictures\\thesis-app\\NutriCycle-RN-App\\src\\components\\MachineIcon.tsx": {"path":"C:\\Users\\Jazzy\\Pictures\\thesis-app\\NutriCycle-RN-App\\src\\components\\MachineIcon.tsx","statementMap":{"0":{"start":{"line":12,"column":20},"end":{"line":12,"column":29}},"1":{"start":{"line":13,"column":19},"end":{"line":13,"column":28}},"2":{"start":{"line":14,"column":18},"end":{"line":14,"column":32}},"3":{"start":{"line":16,"column":2},"end":{"line":34,"column":4}}},"fnMap":{"0":{"name":"MachineIcon","decl":{"start":{"line":11,"column":24},"end":{"line":11,"column":35}},"loc":{"start":{"line":11,"column":72},"end":{"line":35,"column":1}},"line":11}},"branchMap":{"0":{"loc":{"start":{"line":11,"column":38},"end":{"line":11,"column":48}},"type":"default-arg","locations":[{"start":{"line":11,"column":46},"end":{"line":11,"column":48}}],"line":11},"1":{"loc":{"start":{"line":11,"column":50},"end":{"line":11,"column":61}},"type":"default-arg","locations":[{"start":{"line":11,"column":59},"end":{"line":11,"column":61}}],"line":11}},"s":{"0":0,"1":0,"2":0,"3":0},"f":{"0":0},"b":{"0":[0],"1":[0]}}
,"C:\\Users\\Jazzy\\Pictures\\thesis-app\\NutriCycle-RN-App\\src\\components\\ScreenTitle.tsx": {"path":"C:\\Users\\Jazzy\\Pictures\\thesis-app\\NutriCycle-RN-App\\src\\components\\ScreenTitle.tsx","statementMap":{"0":{"start":{"line":11,"column":2},"end":{"line":11,"column":63}},"1":{"start":{"line":14,"column":15},"end":{"line":22,"column":2}}},"fnMap":{"0":{"name":"ScreenTitle","decl":{"start":{"line":10,"column":24},"end":{"line":10,"column":35}},"loc":{"start":{"line":10,"column":64},"end":{"line":12,"column":1}},"line":10}},"branchMap":{},"s":{"0":8,"1":1},"f":{"0":8},"b":{},"_coverageSchema":"1a1c01bbd47fc00a2c39e90264f33305004495a9","hash":"5457e7a877f29b80d57b6bda8f35f8f8e9c0c5ca"}
,"C:\\Users\\Jazzy\\Pictures\\thesis-app\\NutriCycle-RN-App\\src\\components\\SplashScreen.tsx": {"path":"C:\\Users\\Jazzy\\Pictures\\thesis-app\\NutriCycle-RN-App\\src\\components\\SplashScreen.tsx","statementMap":{"0":{"start":{"line":5,"column":13},"end":{"line":5,"column":45}},"1":{"start":{"line":13,"column":15},"end":{"line":13,"column":52}},"2":{"start":{"line":14,"column":18},"end":{"line":14,"column":69}},"3":{"start":{"line":15,"column":32},"end":{"line":15,"column":49}},"4":{"start":{"line":17,"column":23},"end":{"line":19,"column":11}},"5":{"start":{"line":18,"column":36},"end":{"line":18,"column":100}},"6":{"start":{"line":21,"column":2},"end":{"line":58,"column":27}},"7":{"start":{"line":22,"column":4},"end":{"line":22,"column":21}},"8":{"start":{"line":23,"column":21},"end":{"line":30,"column":5}},"9":{"start":{"line":32,"column":4},"end":{"line":32,"column":21}},"10":{"start":{"line":35,"column":28},"end":{"line":50,"column":6}},"11":{"start":{"line":36,"column":6},"end":{"line":49,"column":7}},"12":{"start":{"line":52,"column":4},"end":{"line":52,"column":46}},"13":{"start":{"line":52,"column":35},"end":{"line":52,"column":44}},"14":{"start":{"line":54,"column":4},"end":{"line":57,"column":6}},"15":{"start":{"line":55,"column":6},"end":{"line":55,"column":22}},"16":{"start":{"line":56,"column":6},"end":{"line":56,"column":47}},"17":{"start":{"line":56,"column":37},"end":{"line":56,"column":45}},"18":{"start":{"line":61,"column":2},"end":{"line":76,"column":35}},"19":{"start":{"line":62,"column":4},"end":{"line":66,"column":5}},"20":{"start":{"line":63,"column":6},"end":{"line":63,"column":26}},"21":{"start":{"line":64,"column":6},"end":{"line":64,"column":23}},"22":{"start":{"line":65,"column":6},"end":{"line":65,"column":13}},"23":{"start":{"line":68,"column":4},"end":{"line":75,"column":7}},"24":{"start":{"line":73,"column":6},"end":{"line":73,"column":24}},"25":{"start":{"line":74,"column":6},"end":{"line":74,"column":19}},"26":{"start":{"line":78,"column":2},"end":{"line":78,"column":28}},"27":{"start":{"line":78,"column":16},"end":{"line":78,"column":28}},"28":{"start":{"line":80,"column":26},"end":{"line":83,"column":4}},"29":{"start":{"line":86,"column":27},"end":{"line":93,"column":3}},"30":{"start":{"line":95,"column":2},"end":{"line":118,"column":4}},"31":{"start":{"line":102,"column":10},"end":{"line":112,"column":12}},"32":{"start":{"line":121,"column":15},"end":{"line":171,"column":2}}},"fnMap":{"0":{"name":"SplashScreen","decl":{"start":{"line":12,"column":24},"end":{"line":12,"column":36}},"loc":{"start":{"line":12,"column":74},"end":{"line":119,"column":1}},"line":12},"1":{"name":"(anonymous_1)","decl":{"start":{"line":18,"column":29},"end":{"line":18,"column":30}},"loc":{"start":{"line":18,"column":36},"end":{"line":18,"column":100}},"line":18},"2":{"name":"(anonymous_2)","decl":{"start":{"line":21,"column":12},"end":{"line":21,"column":13}},"loc":{"start":{"line":21,"column":18},"end":{"line":58,"column":3}},"line":21},"3":{"name":"(anonymous_3)","decl":{"start":{"line":35,"column":45},"end":{"line":35,"column":46}},"loc":{"start":{"line":36,"column":6},"end":{"line":49,"column":7}},"line":36},"4":{"name":"(anonymous_4)","decl":{"start":{"line":52,"column":28},"end":{"line":52,"column":29}},"loc":{"start":{"line":52,"column":35},"end":{"line":52,"column":44}},"line":52},"5":{"name":"(anonymous_5)","decl":{"start":{"line":54,"column":11},"end":{"line":54,"column":12}},"loc":{"start":{"line":54,"column":17},"end":{"line":57,"column":5}},"line":54},"6":{"name":"(anonymous_6)","decl":{"start":{"line":56,"column":30},"end":{"line":56,"column":31}},"loc":{"start":{"line":56,"column":37},"end":{"line":56,"column":45}},"line":56},"7":{"name":"(anonymous_7)","decl":{"start":{"line":61,"column":12},"end":{"line":61,"column":13}},"loc":{"start":{"line":61,"column":18},"end":{"line":76,"column":3}},"line":61},"8":{"name":"(anonymous_8)","decl":{"start":{"line":72,"column":13},"end":{"line":72,"column":14}},"loc":{"start":{"line":72,"column":19},"end":{"line":75,"column":5}},"line":72},"9":{"name":"(anonymous_9)","decl":{"start":{"line":101,"column":26},"end":{"line":101,"column":27}},"loc":{"start":{"line":102,"column":10},"end":{"line":112,"column":12}},"line":102}},"branchMap":{"0":{"loc":{"start":{"line":12,"column":39},"end":{"line":12,"column":53}},"type":"default-arg","locations":[{"start":{"line":12,"column":49},"end":{"line":12,"column":53}}],"line":12},"1":{"loc":{"start":{"line":14,"column":44},"end":{"line":14,"column":59}},"type":"cond-expr","locations":[{"start":{"line":14,"column":54},"end":{"line":14,"column":55}},{"start":{"line":14,"column":58},"end":{"line":14,"column":59}}],"line":14},"2":{"loc":{"start":{"line":62,"column":4},"end":{"line":66,"column":5}},"type":"if","locations":[{"start":{"line":62,"column":4},"end":{"line":66,"column":5}},{"start":{},"end":{}}],"line":62},"3":{"loc":{"start":{"line":78,"column":2},"end":{"line":78,"column":28}},"type":"if","locations":[{"start":{"line":78,"column":2},"end":{"line":78,"column":28}},{"start":{},"end":{}}],"line":78}},"s":{"0":0,"1":0,"2":0,"3":0,"4":0,"5":0,"6":0,"7":0,"8":0,"9":0,"10":0,"11":0,"12":0,"13":0,"14":0,"15":0,"16":0,"17":0,"18":0,"19":0,"20":0,"21":0,"22":0,"23":0,"24":0,"25":0,"26":0,"27":0,"28":0,"29":0,"30":0,"31":0,"32":0},"f":{"0":0,"1":0,"2":0,"3":0,"4":0,"5":0,"6":0,"7":0,"8":0,"9":0},"b":{"0":[0],"1":[0,0],"2":[0,0],"3":[0,0]}}
,"C:\\Users\\Jazzy\\Pictures\\thesis-app\\NutriCycle-RN-App\\src\\components\\TelemetryCard.tsx": {"path":"C:\\Users\\Jazzy\\Pictures\\thesis-app\\NutriCycle-RN-App\\src\\components\\TelemetryCard.tsx","statementMap":{"0":{"start":{"line":7,"column":21},"end":{"line":7,"column":52}},"1":{"start":{"line":8,"column":14},"end":{"line":8,"column":43}},"2":{"start":{"line":9,"column":15},"end":{"line":9,"column":50}},"3":{"start":{"line":10,"column":19},"end":{"line":10,"column":46}},"4":{"start":{"line":11,"column":19},"end":{"line":11,"column":54}},"5":{"start":{"line":12,"column":15},"end":{"line":12,"column":43}},"6":{"start":{"line":14,"column":2},"end":{"line":44,"column":4}},"7":{"start":{"line":47,"column":15},"end":{"line":143,"column":2}}},"fnMap":{"0":{"name":"TelemetryCard","decl":{"start":{"line":6,"column":24},"end":{"line":6,"column":37}},"loc":{"start":{"line":6,"column":93},"end":{"line":45,"column":1}},"line":6}},"branchMap":{"0":{"loc":{"start":{"line":7,"column":21},"end":{"line":7,"column":52}},"type":"binary-expr","locations":[{"start":{"line":7,"column":21},"end":{"line":7,"column":42}},{"start":{"line":7,"column":46},"end":{"line":7,"column":52}}],"line":7},"1":{"loc":{"start":{"line":8,"column":14},"end":{"line":8,"column":43}},"type":"binary-expr","locations":[{"start":{"line":8,"column":14},"end":{"line":8,"column":35}},{"start":{"line":8,"column":39},"end":{"line":8,"column":43}}],"line":8},"2":{"loc":{"start":{"line":9,"column":15},"end":{"line":9,"column":50}},"type":"binary-expr","locations":[{"start":{"line":9,"column":15},"end":{"line":9,"column":42}},{"start":{"line":9,"column":46},"end":{"line":9,"column":50}}],"line":9},"3":{"loc":{"start":{"line":10,"column":19},"end":{"line":10,"column":46}},"type":"binary-expr","locations":[{"start":{"line":10,"column":19},"end":{"line":10,"column":38}},{"start":{"line":10,"column":42},"end":{"line":10,"column":46}}],"line":10},"4":{"loc":{"start":{"line":11,"column":19},"end":{"line":11,"column":54}},"type":"binary-expr","locations":[{"start":{"line":11,"column":19},"end":{"line":11,"column":46}},{"start":{"line":11,"column":50},"end":{"line":11,"column":54}}],"line":11},"5":{"loc":{"start":{"line":12,"column":15},"end":{"line":12,"column":43}},"type":"binary-expr","locations":[{"start":{"line":12,"column":15},"end":{"line":12,"column":35}},{"start":{"line":12,"column":39},"end":{"line":12,"column":43}}],"line":12}},"s":{"0":12,"1":12,"2":12,"3":12,"4":12,"5":12,"6":12,"7":1},"f":{"0":12},"b":{"0":[12,2],"1":[12,2],"2":[12,2],"3":[12,2],"4":[12,2],"5":[12,2]},"_coverageSchema":"1a1c01bbd47fc00a2c39e90264f33305004495a9","hash":"54e5e7bb267650c20755c68e618c861f90bf631b"}
,"C:\\Users\\Jazzy\\Pictures\\thesis-app\\NutriCycle-RN-App\\src\\config\\api.ts": {"path":"C:\\Users\\Jazzy\\Pictures\\thesis-app\\NutriCycle-RN-App\\src\\config\\api.ts","statementMap":{"0":{"start":{"line":5,"column":2},"end":{"line":14,"column":3}},"1":{"start":{"line":6,"column":19},"end":{"line":6,"column":59}},"2":{"start":{"line":7,"column":23},"end":{"line":7,"column":69}},"3":{"start":{"line":8,"column":19},"end":{"line":8,"column":61}},"4":{"start":{"line":9,"column":17},"end":{"line":9,"column":63}},"5":{"start":{"line":10,"column":4},"end":{"line":10,"column":35}},"6":{"start":{"line":12,"column":19},"end":{"line":12,"column":61}},"7":{"start":{"line":13,"column":4},"end":{"line":13,"column":55}},"8":{"start":{"line":18,"column":18},"end":{"line":18,"column":39}},"9":{"start":{"line":19,"column":2},"end":{"line":21,"column":3}},"10":{"start":{"line":20,"column":4},"end":{"line":20,"column":73}},"11":{"start":{"line":23,"column":16},"end":{"line":23,"column":56}},"12":{"start":{"line":24,"column":42},"end":{"line":29,"column":3}},"13":{"start":{"line":31,"column":14},"end":{"line":31,"column":69}},"14":{"start":{"line":32,"column":14},"end":{"line":32,"column":52}},"15":{"start":{"line":33,"column":2},"end":{"line":36,"column":3}},"16":{"start":{"line":34,"column":22},"end":{"line":34,"column":54}},"17":{"start":{"line":34,"column":51},"end":{"line":34,"column":53}},"18":{"start":{"line":35,"column":4},"end":{"line":35,"column":88}},"19":{"start":{"line":37,"column":2},"end":{"line":37,"column":13}}},"fnMap":{"0":{"name":"getApiBaseUrl","decl":{"start":{"line":4,"column":22},"end":{"line":4,"column":35}},"loc":{"start":{"line":4,"column":55},"end":{"line":15,"column":1}},"line":4},"1":{"name":"fetchWithAuth","decl":{"start":{"line":17,"column":22},"end":{"line":17,"column":35}},"loc":{"start":{"line":17,"column":89},"end":{"line":38,"column":1}},"line":17},"2":{"name":"(anonymous_2)","decl":{"start":{"line":34,"column":45},"end":{"line":34,"column":46}},"loc":{"start":{"line":34,"column":51},"end":{"line":34,"column":53}},"line":34}},"branchMap":{"0":{"loc":{"start":{"line":7,"column":23},"end":{"line":7,"column":69}},"type":"binary-expr","locations":[{"start":{"line":7,"column":23},"end":{"line":7,"column":38}},{"start":{"line":7,"column":42},"end":{"line":7,"column":69}}],"line":7},"1":{"loc":{"start":{"line":8,"column":19},"end":{"line":8,"column":61}},"type":"binary-expr","locations":[{"start":{"line":8,"column":19},"end":{"line":8,"column":55}},{"start":{"line":8,"column":59},"end":{"line":8,"column":61}}],"line":8},"2":{"loc":{"start":{"line":9,"column":18},"end":{"line":9,"column":44}},"type":"binary-expr","locations":[{"start":{"line":9,"column":18},"end":{"line":9,"column":28}},{"start":{"line":9,"column":32},"end":{"line":9,"column":38}},{"start":{"line":9,"column":42},"end":{"line":9,"column":44}}],"line":9},"3":{"loc":{"start":{"line":12,"column":19},"end":{"line":12,"column":61}},"type":"binary-expr","locations":[{"start":{"line":12,"column":19},"end":{"line":12,"column":55}},{"start":{"line":12,"column":59},"end":{"line":12,"column":61}}],"line":12},"4":{"loc":{"start":{"line":19,"column":2},"end":{"line":21,"column":3}},"type":"if","locations":[{"start":{"line":19,"column":2},"end":{"line":21,"column":3}},{"start":{},"end":{}}],"line":19},"5":{"loc":{"start":{"line":27,"column":8},"end":{"line":27,"column":57}},"type":"cond-expr","locations":[{"start":{"line":27,"column":16},"end":{"line":27,"column":52}},{"start":{"line":27,"column":55},"end":{"line":27,"column":57}}],"line":27},"6":{"loc":{"start":{"line":31,"column":27},"end":{"line":31,"column":67}},"type":"cond-expr","locations":[{"start":{"line":31,"column":50},"end":{"line":31,"column":54}},{"start":{"line":31,"column":57},"end":{"line":31,"column":67}}],"line":31},"7":{"loc":{"start":{"line":33,"column":2},"end":{"line":36,"column":3}},"type":"if","locations":[{"start":{"line":33,"column":2},"end":{"line":36,"column":3}},{"start":{},"end":{}}],"line":33}},"s":{"0":29,"1":29,"2":29,"3":20,"4":20,"5":20,"6":9,"7":9,"8":25,"9":25,"10":2,"11":23,"12":22,"13":22,"14":22,"15":22,"16":3,"17":0,"18":3,"19":19},"f":{"0":29,"1":25,"2":0},"b":{"0":[29,19],"1":[20,20],"2":[20,1,1],"3":[9,2],"4":[2,23],"5":[21,1],"6":[21,1],"7":[3,19]},"_coverageSchema":"1a1c01bbd47fc00a2c39e90264f33305004495a9","hash":"e08a91a59acfc0503444e4a2c2e672b112a916f5"}
,"C:\\Users\\Jazzy\\Pictures\\thesis-app\\NutriCycle-RN-App\\src\\config\\firebase.ts": {"path":"C:\\Users\\Jazzy\\Pictures\\thesis-app\\NutriCycle-RN-App\\src\\config\\firebase.ts","statementMap":{"0":{"start":{"line":7,"column":23},"end":{"line":14,"column":1}},"1":{"start":{"line":17,"column":12},"end":{"line":17,"column":41}},"2":{"start":{"line":20,"column":20},"end":{"line":20,"column":50}},"3":{"start":{"line":23,"column":18},"end":{"line":23,"column":35}}},"fnMap":{},"branchMap":{},"s":{"0":1,"1":1,"2":1,"3":1},"f":{},"b":{},"_coverageSchema":"1a1c01bbd47fc00a2c39e90264f33305004495a9","hash":"cf18b3c8d93e41564daa33e2cb1c5191b33efbd8"}
,"C:\\Users\\Jazzy\\Pictures\\thesis-app\\NutriCycle-RN-App\\src\\navigation\\BatchSessionNavigator.tsx": {"path":"C:\\Users\\Jazzy\\Pictures\\thesis-app\\NutriCycle-RN-App\\src\\navigation\\BatchSessionNavigator.tsx","statementMap":{"0":{"start":{"line":9,"column":12},"end":{"line":9,"column":43}},"1":{"start":{"line":12,"column":17},"end":{"line":12,"column":36}},"2":{"start":{"line":15,"column":4},"end":{"line":47,"column":6}},"3":{"start":{"line":19,"column":26},"end":{"line":19,"column":36}},"4":{"start":{"line":20,"column":31},"end":{"line":20,"column":52}},"5":{"start":{"line":22,"column":12},"end":{"line":43,"column":14}},"6":{"start":{"line":25,"column":31},"end":{"line":25,"column":62}},"7":{"start":{"line":50,"column":2},"end":{"line":60,"column":4}},"8":{"start":{"line":52,"column":25},"end":{"line":52,"column":52}}},"fnMap":{"0":{"name":"BatchSessionNavigator","decl":{"start":{"line":11,"column":24},"end":{"line":11,"column":45}},"loc":{"start":{"line":11,"column":48},"end":{"line":61,"column":1}},"line":11},"1":{"name":"CustomTabBar","decl":{"start":{"line":14,"column":11},"end":{"line":14,"column":23}},"loc":{"start":{"line":14,"column":65},"end":{"line":48,"column":3}},"line":14},"2":{"name":"(anonymous_2)","decl":{"start":{"line":18,"column":28},"end":{"line":18,"column":29}},"loc":{"start":{"line":18,"column":59},"end":{"line":44,"column":11}},"line":18},"3":{"name":"(anonymous_3)","decl":{"start":{"line":25,"column":25},"end":{"line":25,"column":26}},"loc":{"start":{"line":25,"column":31},"end":{"line":25,"column":62}},"line":25},"4":{"name":"(anonymous_4)","decl":{"start":{"line":52,"column":14},"end":{"line":52,"column":15}},"loc":{"start":{"line":52,"column":25},"end":{"line":52,"column":52}},"line":52}},"branchMap":{"0":{"loc":{"start":{"line":29,"column":58},"end":{"line":29,"column":107}},"type":"cond-expr","locations":[{"start":{"line":29,"column":70},"end":{"line":29,"column":88}},{"start":{"line":29,"column":91},"end":{"line":29,"column":107}}],"line":29},"1":{"loc":{"start":{"line":30,"column":19},"end":{"line":41,"column":19}},"type":"binary-expr","locations":[{"start":{"line":30,"column":19},"end":{"line":30,"column":28}},{"start":{"line":31,"column":20},"end":{"line":40,"column":22}}],"line":30}},"s":{"0":0,"1":0,"2":0,"3":0,"4":0,"5":0,"6":0,"7":0,"8":0},"f":{"0":0,"1":0,"2":0,"3":0,"4":0},"b":{"0":[0,0],"1":[0,0]}}
,"C:\\Users\\Jazzy\\Pictures\\thesis-app\\NutriCycle-RN-App\\src\\navigation\\MainNavigator.tsx": {"path":"C:\\Users\\Jazzy\\Pictures\\thesis-app\\NutriCycle-RN-App\\src\\navigation\\MainNavigator.tsx","statementMap":{"0":{"start":{"line":10,"column":12},"end":{"line":10,"column":38}},"1":{"start":{"line":13,"column":17},"end":{"line":13,"column":36}},"2":{"start":{"line":15,"column":22},"end":{"line":23,"column":12}},"3":{"start":{"line":25,"column":2},"end":{"line":66,"column":4}},"4":{"start":{"line":43,"column":12},"end":{"line":43,"column":49}},"5":{"start":{"line":52,"column":12},"end":{"line":52,"column":50}},"6":{"start":{"line":61,"column":12},"end":{"line":61,"column":51}}},"fnMap":{"0":{"name":"MainNavigator","decl":{"start":{"line":12,"column":24},"end":{"line":12,"column":37}},"loc":{"start":{"line":12,"column":40},"end":{"line":67,"column":1}},"line":12},"1":{"name":"(anonymous_1)","decl":{"start":{"line":42,"column":22},"end":{"line":42,"column":23}},"loc":{"start":{"line":43,"column":12},"end":{"line":43,"column":49}},"line":43},"2":{"name":"(anonymous_2)","decl":{"start":{"line":51,"column":22},"end":{"line":51,"column":23}},"loc":{"start":{"line":52,"column":12},"end":{"line":52,"column":50}},"line":52},"3":{"name":"(anonymous_3)","decl":{"start":{"line":60,"column":22},"end":{"line":60,"column":23}},"loc":{"start":{"line":61,"column":12},"end":{"line":61,"column":51}},"line":61}},"branchMap":{},"s":{"0":0,"1":0,"2":0,"3":0,"4":0,"5":0,"6":0},"f":{"0":0,"1":0,"2":0,"3":0},"b":{}}
,"C:\\Users\\Jazzy\\Pictures\\thesis-app\\NutriCycle-RN-App\\src\\navigation\\NavigationService.ts": {"path":"C:\\Users\\Jazzy\\Pictures\\thesis-app\\NutriCycle-RN-App\\src\\navigation\\NavigationService.ts","statementMap":{"0":{"start":{"line":3,"column":29},"end":{"line":3,"column":64}},"1":{"start":{"line":6,"column":2},"end":{"line":8,"column":3}},"2":{"start":{"line":7,"column":4},"end":{"line":7,"column":74}}},"fnMap":{"0":{"name":"navigate","decl":{"start":{"line":5,"column":16},"end":{"line":5,"column":24}},"loc":{"start":{"line":5,"column":69},"end":{"line":9,"column":1}},"line":5}},"branchMap":{"0":{"loc":{"start":{"line":6,"column":2},"end":{"line":8,"column":3}},"type":"if","locations":[{"start":{"line":6,"column":2},"end":{"line":8,"column":3}},{"start":{},"end":{}}],"line":6}},"s":{"0":0,"1":0,"2":0},"f":{"0":0},"b":{"0":[0,0]}}
,"C:\\Users\\Jazzy\\Pictures\\thesis-app\\NutriCycle-RN-App\\src\\navigation\\RootNavigator.tsx": {"path":"C:\\Users\\Jazzy\\Pictures\\thesis-app\\NutriCycle-RN-App\\src\\navigation\\RootNavigator.tsx","statementMap":{"0":{"start":{"line":32,"column":14},"end":{"line":32,"column":42}},"1":{"start":{"line":35,"column":42},"end":{"line":35,"column":124}},"2":{"start":{"line":36,"column":48},"end":{"line":36,"column":69}},"3":{"start":{"line":37,"column":44},"end":{"line":37,"column":65}},"4":{"start":{"line":38,"column":52},"end":{"line":38,"column":88}},"5":{"start":{"line":39,"column":48},"end":{"line":39,"column":84}},"6":{"start":{"line":40,"column":28},"end":{"line":40,"column":59}},"7":{"start":{"line":40,"column":51},"end":{"line":40,"column":58}},"8":{"start":{"line":42,"column":2},"end":{"line":45,"column":9}},"9":{"start":{"line":43,"column":14},"end":{"line":43,"column":59}},"10":{"start":{"line":43,"column":31},"end":{"line":43,"column":53}},"11":{"start":{"line":44,"column":4},"end":{"line":44,"column":33}},"12":{"start":{"line":44,"column":17},"end":{"line":44,"column":32}},"13":{"start":{"line":47,"column":2},"end":{"line":57,"column":9}},"14":{"start":{"line":48,"column":21},"end":{"line":55,"column":5}},"15":{"start":{"line":49,"column":6},"end":{"line":54,"column":7}},"16":{"start":{"line":50,"column":22},"end":{"line":50,"column":69}},"17":{"start":{"line":51,"column":8},"end":{"line":51,"column":47}},"18":{"start":{"line":53,"column":8},"end":{"line":53,"column":36}},"19":{"start":{"line":56,"column":4},"end":{"line":56,"column":15}},"20":{"start":{"line":60,"column":2},"end":{"line":74,"column":9}},"21":{"start":{"line":61,"column":24},"end":{"line":71,"column":6}},"22":{"start":{"line":62,"column":6},"end":{"line":62,"column":33}},"23":{"start":{"line":64,"column":6},"end":{"line":70,"column":7}},"24":{"start":{"line":66,"column":8},"end":{"line":66,"column":68}},"25":{"start":{"line":67,"column":8},"end":{"line":67,"column":63}},"26":{"start":{"line":69,"column":8},"end":{"line":69,"column":28}},"27":{"start":{"line":73,"column":4},"end":{"line":73,"column":23}},"28":{"start":{"line":77,"column":2},"end":{"line":135,"column":41}},"29":{"start":{"line":80,"column":27},"end":{"line":124,"column":5}},"30":{"start":{"line":82,"column":27},"end":{"line":82,"column":76}},"31":{"start":{"line":83,"column":6},"end":{"line":85,"column":7}},"32":{"start":{"line":84,"column":8},"end":{"line":84,"column":15}},"33":{"start":{"line":87,"column":26},"end":{"line":87,"column":42}},"34":{"start":{"line":88,"column":6},"end":{"line":88,"column":31}},"35":{"start":{"line":88,"column":24},"end":{"line":88,"column":31}},"36":{"start":{"line":90,"column":21},"end":{"line":90,"column":36}},"37":{"start":{"line":91,"column":23},"end":{"line":91,"column":68}},"38":{"start":{"line":94,"column":25},"end":{"line":94,"column":58}},"39":{"start":{"line":95,"column":6},"end":{"line":123,"column":8}},"40":{"start":{"line":98,"column":10},"end":{"line":116,"column":11}},"41":{"start":{"line":99,"column":32},"end":{"line":99,"column":50}},"42":{"start":{"line":102,"column":12},"end":{"line":115,"column":13}},"43":{"start":{"line":103,"column":14},"end":{"line":114,"column":15}},"44":{"start":{"line":104,"column":16},"end":{"line":104,"column":37}},"45":{"start":{"line":105,"column":16},"end":{"line":105,"column":67}},"46":{"start":{"line":106,"column":16},"end":{"line":106,"column":64}},"47":{"start":{"line":107,"column":16},"end":{"line":107,"column":36}},"48":{"start":{"line":108,"column":16},"end":{"line":111,"column":19}},"49":{"start":{"line":113,"column":16},"end":{"line":113,"column":68}},"50":{"start":{"line":120,"column":10},"end":{"line":120,"column":60}},"51":{"start":{"line":126,"column":4},"end":{"line":128,"column":5}},"52":{"start":{"line":127,"column":6},"end":{"line":127,"column":23}},"53":{"start":{"line":130,"column":4},"end":{"line":134,"column":6}},"54":{"start":{"line":131,"column":6},"end":{"line":133,"column":7}},"55":{"start":{"line":132,"column":8},"end":{"line":132,"column":22}},"56":{"start":{"line":137,"column":18},"end":{"line":140,"column":3}},"57":{"start":{"line":138,"column":4},"end":{"line":138,"column":29}},"58":{"start":{"line":139,"column":4},"end":{"line":139,"column":68}},"59":{"start":{"line":142,"column":21},"end":{"line":142,"column":93}},"60":{"start":{"line":144,"column":2},"end":{"line":146,"column":3}},"61":{"start":{"line":145,"column":4},"end":{"line":145,"column":28}},"62":{"start":{"line":149,"column":21},"end":{"line":149,"column":28}},"63":{"start":{"line":150,"column":2},"end":{"line":154,"column":3}},"64":{"start":{"line":151,"column":4},"end":{"line":151,"column":32}},"65":{"start":{"line":152,"column":9},"end":{"line":154,"column":3}},"66":{"start":{"line":153,"column":4},"end":{"line":153,"column":27}},"67":{"start":{"line":156,"column":2},"end":{"line":242,"column":4}},"68":{"start":{"line":161,"column":21},"end":{"line":161,"column":67}},"69":{"start":{"line":162,"column":8},"end":{"line":162,"column":30}},"70":{"start":{"line":216,"column":55},"end":{"line":222,"column":13}},"71":{"start":{"line":223,"column":12},"end":{"line":223,"column":76}},"72":{"start":{"line":226,"column":53},"end":{"line":231,"column":13}},"73":{"start":{"line":232,"column":27},"end":{"line":232,"column":53}},"74":{"start":{"line":233,"column":12},"end":{"line":233,"column":143}},"75":{"start":{"line":233,"column":18},"end":{"line":233,"column":65}},"76":{"start":{"line":233,"column":80},"end":{"line":233,"column":141}}},"fnMap":{"0":{"name":"RootNavigator","decl":{"start":{"line":34,"column":24},"end":{"line":34,"column":37}},"loc":{"start":{"line":34,"column":40},"end":{"line":243,"column":1}},"line":34},"1":{"name":"(anonymous_1)","decl":{"start":{"line":40,"column":44},"end":{"line":40,"column":45}},"loc":{"start":{"line":40,"column":51},"end":{"line":40,"column":58}},"line":40},"2":{"name":"(anonymous_2)","decl":{"start":{"line":42,"column":18},"end":{"line":42,"column":19}},"loc":{"start":{"line":42,"column":24},"end":{"line":45,"column":3}},"line":42},"3":{"name":"(anonymous_3)","decl":{"start":{"line":43,"column":25},"end":{"line":43,"column":26}},"loc":{"start":{"line":43,"column":31},"end":{"line":43,"column":53}},"line":43},"4":{"name":"(anonymous_4)","decl":{"start":{"line":44,"column":11},"end":{"line":44,"column":12}},"loc":{"start":{"line":44,"column":17},"end":{"line":44,"column":32}},"line":44},"5":{"name":"(anonymous_5)","decl":{"start":{"line":47,"column":18},"end":{"line":47,"column":19}},"loc":{"start":{"line":47,"column":24},"end":{"line":57,"column":3}},"line":47},"6":{"name":"(anonymous_6)","decl":{"start":{"line":48,"column":21},"end":{"line":48,"column":22}},"loc":{"start":{"line":48,"column":33},"end":{"line":55,"column":5}},"line":48},"7":{"name":"(anonymous_7)","decl":{"start":{"line":60,"column":18},"end":{"line":60,"column":19}},"loc":{"start":{"line":60,"column":24},"end":{"line":74,"column":3}},"line":60},"8":{"name":"(anonymous_8)","decl":{"start":{"line":61,"column":49},"end":{"line":61,"column":50}},"loc":{"start":{"line":61,"column":65},"end":{"line":71,"column":5}},"line":61},"9":{"name":"(anonymous_9)","decl":{"start":{"line":77,"column":18},"end":{"line":77,"column":19}},"loc":{"start":{"line":77,"column":24},"end":{"line":135,"column":3}},"line":77},"10":{"name":"(anonymous_10)","decl":{"start":{"line":80,"column":27},"end":{"line":80,"column":28}},"loc":{"start":{"line":80,"column":39},"end":{"line":124,"column":5}},"line":80},"11":{"name":"(anonymous_11)","decl":{"start":{"line":97,"column":8},"end":{"line":97,"column":9}},"loc":{"start":{"line":97,"column":31},"end":{"line":118,"column":9}},"line":97},"12":{"name":"(anonymous_12)","decl":{"start":{"line":119,"column":8},"end":{"line":119,"column":9}},"loc":{"start":{"line":119,"column":19},"end":{"line":122,"column":9}},"line":119},"13":{"name":"(anonymous_13)","decl":{"start":{"line":130,"column":11},"end":{"line":130,"column":12}},"loc":{"start":{"line":130,"column":17},"end":{"line":134,"column":5}},"line":130},"14":{"name":"(anonymous_14)","decl":{"start":{"line":137,"column":18},"end":{"line":137,"column":19}},"loc":{"start":{"line":137,"column":24},"end":{"line":140,"column":3}},"line":137},"15":{"name":"(anonymous_15)","decl":{"start":{"line":160,"column":21},"end":{"line":160,"column":22}},"loc":{"start":{"line":160,"column":27},"end":{"line":163,"column":7}},"line":160},"16":{"name":"(anonymous_16)","decl":{"start":{"line":215,"column":24},"end":{"line":215,"column":25}},"loc":{"start":{"line":215,"column":30},"end":{"line":224,"column":11}},"line":215},"17":{"name":"(anonymous_17)","decl":{"start":{"line":225,"column":22},"end":{"line":225,"column":23}},"loc":{"start":{"line":225,"column":34},"end":{"line":234,"column":11}},"line":225}},"branchMap":{"0":{"loc":{"start":{"line":64,"column":6},"end":{"line":70,"column":7}},"type":"if","locations":[{"start":{"line":64,"column":6},"end":{"line":70,"column":7}},{"start":{"line":68,"column":13},"end":{"line":70,"column":7}}],"line":64},"1":{"loc":{"start":{"line":83,"column":6},"end":{"line":85,"column":7}},"type":"if","locations":[{"start":{"line":83,"column":6},"end":{"line":85,"column":7}},{"start":{},"end":{}}],"line":83},"2":{"loc":{"start":{"line":88,"column":6},"end":{"line":88,"column":31}},"type":"if","locations":[{"start":{"line":88,"column":6},"end":{"line":88,"column":31}},{"start":{},"end":{}}],"line":88},"3":{"loc":{"start":{"line":98,"column":10},"end":{"line":116,"column":11}},"type":"if","locations":[{"start":{"line":98,"column":10},"end":{"line":116,"column":11}},{"start":{},"end":{}}],"line":98},"4":{"loc":{"start":{"line":102,"column":12},"end":{"line":115,"column":13}},"type":"if","locations":[{"start":{"line":102,"column":12},"end":{"line":115,"column":13}},{"start":{},"end":{}}],"line":102},"5":{"loc":{"start":{"line":102,"column":16},"end":{"line":102,"column":73}},"type":"binary-expr","locations":[{"start":{"line":102,"column":16},"end":{"line":102,"column":36}},{"start":{"line":102,"column":40},"end":{"line":102,"column":73}}],"line":102},"6":{"loc":{"start":{"line":126,"column":4},"end":{"line":128,"column":5}},"type":"if","locations":[{"start":{"line":126,"column":4},"end":{"line":128,"column":5}},{"start":{},"end":{}}],"line":126},"7":{"loc":{"start":{"line":126,"column":8},"end":{"line":126,"column":42}},"type":"binary-expr","locations":[{"start":{"line":126,"column":8},"end":{"line":126,"column":23}},{"start":{"line":126,"column":27},"end":{"line":126,"column":42}}],"line":126},"8":{"loc":{"start":{"line":131,"column":6},"end":{"line":133,"column":7}},"type":"if","locations":[{"start":{"line":131,"column":6},"end":{"line":133,"column":7}},{"start":{},"end":{}}],"line":131},"9":{"loc":{"start":{"line":142,"column":21},"end":{"line":142,"column":93}},"type":"binary-expr","locations":[{"start":{"line":142,"column":21},"end":{"line":142,"column":47}},{"start":{"line":142,"column":51},"end":{"line":142,"column":75}},{"start":{"line":142,"column":79},"end":{"line":142,"column":93}}],"line":142},"10":{"loc":{"start":{"line":144,"column":2},"end":{"line":146,"column":3}},"type":"if","locations":[{"start":{"line":144,"column":2},"end":{"line":146,"column":3}},{"start":{},"end":{}}],"line":144},"11":{"loc":{"start":{"line":144,"column":6},"end":{"line":144,"column":60}},"type":"binary-expr","locations":[{"start":{"line":144,"column":6},"end":{"line":144,"column":32}},{"start":{"line":144,"column":36},"end":{"line":144,"column":60}}],"line":144},"12":{"loc":{"start":{"line":150,"column":2},"end":{"line":154,"column":3}},"type":"if","locations":[{"start":{"line":150,"column":2},"end":{"line":154,"column":3}},{"start":{"line":152,"column":9},"end":{"line":154,"column":3}}],"line":150},"13":{"loc":{"start":{"line":152,"column":9},"end":{"line":154,"column":3}},"type":"if","locations":[{"start":{"line":152,"column":9},"end":{"line":154,"column":3}},{"start":{},"end":{}}],"line":152},"14":{"loc":{"start":{"line":210,"column":7},"end":{"line":210,"column":37}},"type":"binary-expr","locations":[{"start":{"line":210,"column":7},"end":{"line":210,"column":17}},{"start":{"line":210,"column":21},"end":{"line":210,"column":37}}],"line":210},"15":{"loc":{"start":{"line":213,"column":7},"end":{"line":236,"column":7}},"type":"binary-expr","locations":[{"start":{"line":213,"column":7},"end":{"line":213,"column":18}},{"start":{"line":213,"column":22},"end":{"line":213,"column":34}},{"start":{"line":213,"column":38},"end":{"line":213,"column":112}},{"start":{"line":214,"column":8},"end":{"line":235,"column":10}}],"line":213},"16":{"loc":{"start":{"line":223,"column":19},"end":{"line":223,"column":75}},"type":"binary-expr","locations":[{"start":{"line":223,"column":20},"end":{"line":223,"column":32}},{"start":{"line":223,"column":36},"end":{"line":223,"column":60}},{"start":{"line":223,"column":65},"end":{"line":223,"column":75}}],"line":223},"17":{"loc":{"start":{"line":232,"column":27},"end":{"line":232,"column":53}},"type":"binary-expr","locations":[{"start":{"line":232,"column":27},"end":{"line":232,"column":43}},{"start":{"line":232,"column":47},"end":{"line":232,"column":53}}],"line":232}},"s":{"0":0,"1":0,"2":0,"3":0,"4":0,"5":0,"6":0,"7":0,"8":0,"9":0,"10":0,"11":0,"12":0,"13":0,"14":0,"15":0,"16":0,"17":0,"18":0,"19":0,"20":0,"21":0,"22":0,"23":0,"24":0,"25":0,"26":0,"27":0,"28":0,"29":0,"30":0,"31":0,"32":0,"33":0,"34":0,"35":0,"36":0,"37":0,"38":0,"39":0,"40":0,"41":0,"42":0,"43":0,"44":0,"45":0,"46":0,"47":0,"48":0,"49":0,"50":0,"51":0,"52":0,"53":0,"54":0,"55":0,"56":0,"57":0,"58":0,"59":0,"60":0,"61":0,"62":0,"63":0,"64":0,"65":0,"66":0,"67":0,"68":0,"69":0,"70":0,"71":0,"72":0,"73":0,"74":0,"75":0,"76":0},"f":{"0":0,"1":0,"2":0,"3":0,"4":0,"5":0,"6":0,"7":0,"8":0,"9":0,"10":0,"11":0,"12":0,"13":0,"14":0,"15":0,"16":0,"17":0},"b":{"0":[0,0],"1":[0,0],"2":[0,0],"3":[0,0],"4":[0,0],"5":[0,0],"6":[0,0],"7":[0,0],"8":[0,0],"9":[0,0,0],"10":[0,0],"11":[0,0],"12":[0,0],"13":[0,0],"14":[0,0],"15":[0,0,0,0],"16":[0,0,0],"17":[0,0]}}
,"C:\\Users\\Jazzy\\Pictures\\thesis-app\\NutriCycle-RN-App\\src\\navigation\\types.ts": {"path":"C:\\Users\\Jazzy\\Pictures\\thesis-app\\NutriCycle-RN-App\\src\\navigation\\types.ts","statementMap":{},"fnMap":{},"branchMap":{},"s":{},"f":{},"b":{}}
,"C:\\Users\\Jazzy\\Pictures\\thesis-app\\NutriCycle-RN-App\\src\\screens\\AboutNutriCycleScreen.tsx": {"path":"C:\\Users\\Jazzy\\Pictures\\thesis-app\\NutriCycle-RN-App\\src\\screens\\AboutNutriCycleScreen.tsx","statementMap":{"0":{"start":{"line":18,"column":37},"end":{"line":137,"column":1}},"1":{"start":{"line":19,"column":21},"end":{"line":19,"column":67}},"2":{"start":{"line":21,"column":2},"end":{"line":136,"column":4}},"3":{"start":{"line":26,"column":25},"end":{"line":26,"column":44}},"4":{"start":{"line":139,"column":15},"end":{"line":321,"column":2}}},"fnMap":{"0":{"name":"(anonymous_0)","decl":{"start":{"line":18,"column":37},"end":{"line":18,"column":38}},"loc":{"start":{"line":18,"column":43},"end":{"line":137,"column":1}},"line":18},"1":{"name":"(anonymous_1)","decl":{"start":{"line":26,"column":19},"end":{"line":26,"column":20}},"loc":{"start":{"line":26,"column":25},"end":{"line":26,"column":44}},"line":26}},"branchMap":{"0":{"loc":{"start":{"line":150,"column":23},"end":{"line":150,"column":56}},"type":"cond-expr","locations":[{"start":{"line":150,"column":51},"end":{"line":150,"column":52}},{"start":{"line":150,"column":55},"end":{"line":150,"column":56}}],"line":150}},"s":{"0":0,"1":0,"2":0,"3":0,"4":0},"f":{"0":0,"1":0},"b":{"0":[0,0]}}
,"C:\\Users\\Jazzy\\Pictures\\thesis-app\\NutriCycle-RN-App\\src\\screens\\AddMachineScreen.tsx": {"path":"C:\\Users\\Jazzy\\Pictures\\thesis-app\\NutriCycle-RN-App\\src\\screens\\AddMachineScreen.tsx","statementMap":{"0":{"start":{"line":22,"column":36},"end":{"line":22,"column":48}},"1":{"start":{"line":23,"column":40},"end":{"line":23,"column":52}},"2":{"start":{"line":24,"column":25},"end":{"line":24,"column":42}},"3":{"start":{"line":25,"column":17},"end":{"line":25,"column":36}},"4":{"start":{"line":26,"column":50},"end":{"line":26,"column":65}},"5":{"start":{"line":27,"column":50},"end":{"line":27,"column":62}},"6":{"start":{"line":28,"column":52},"end":{"line":28,"column":67}},"7":{"start":{"line":29,"column":42},"end":{"line":29,"column":54}},"8":{"start":{"line":30,"column":32},"end":{"line":30,"column":47}},"9":{"start":{"line":32,"column":27},"end":{"line":91,"column":3}},"10":{"start":{"line":33,"column":4},"end":{"line":37,"column":5}},"11":{"start":{"line":34,"column":6},"end":{"line":34,"column":51}},"12":{"start":{"line":35,"column":6},"end":{"line":35,"column":33}},"13":{"start":{"line":36,"column":6},"end":{"line":36,"column":13}},"14":{"start":{"line":39,"column":4},"end":{"line":43,"column":5}},"15":{"start":{"line":40,"column":6},"end":{"line":40,"column":53}},"16":{"start":{"line":41,"column":6},"end":{"line":41,"column":33}},"17":{"start":{"line":42,"column":6},"end":{"line":42,"column":13}},"18":{"start":{"line":45,"column":4},"end":{"line":45,"column":21}},"19":{"start":{"line":47,"column":4},"end":{"line":90,"column":5}},"20":{"start":{"line":49,"column":21},"end":{"line":49,"column":42}},"21":{"start":{"line":50,"column":6},"end":{"line":55,"column":7}},"22":{"start":{"line":51,"column":8},"end":{"line":51,"column":77}},"23":{"start":{"line":52,"column":8},"end":{"line":52,"column":35}},"24":{"start":{"line":53,"column":8},"end":{"line":53,"column":26}},"25":{"start":{"line":54,"column":8},"end":{"line":54,"column":15}},"26":{"start":{"line":57,"column":23},"end":{"line":63,"column":8}},"27":{"start":{"line":65,"column":6},"end":{"line":68,"column":7}},"28":{"start":{"line":66,"column":26},"end":{"line":66,"column":102}},"29":{"start":{"line":66,"column":61},"end":{"line":66,"column":100}},"30":{"start":{"line":67,"column":8},"end":{"line":67,"column":81}},"31":{"start":{"line":70,"column":19},"end":{"line":70,"column":40}},"32":{"start":{"line":71,"column":32},"end":{"line":71,"column":44}},"33":{"start":{"line":74,"column":25},"end":{"line":79,"column":7}},"34":{"start":{"line":81,"column":6},"end":{"line":81,"column":29}},"35":{"start":{"line":82,"column":6},"end":{"line":82,"column":43}},"36":{"start":{"line":83,"column":6},"end":{"line":83,"column":32}},"37":{"start":{"line":85,"column":6},"end":{"line":85,"column":57}},"38":{"start":{"line":86,"column":6},"end":{"line":86,"column":88}},"39":{"start":{"line":87,"column":6},"end":{"line":87,"column":33}},"40":{"start":{"line":89,"column":6},"end":{"line":89,"column":24}},"41":{"start":{"line":93,"column":23},"end":{"line":96,"column":3}},"42":{"start":{"line":95,"column":4},"end":{"line":95,"column":69}},"43":{"start":{"line":98,"column":2},"end":{"line":205,"column":4}},"44":{"start":{"line":165,"column":25},"end":{"line":165,"column":44}},"45":{"start":{"line":178,"column":31},"end":{"line":178,"column":58}},"46":{"start":{"line":196,"column":33},"end":{"line":196,"column":60}},"47":{"start":{"line":196,"column":61},"end":{"line":196,"column":81}},"48":{"start":{"line":208,"column":15},"end":{"line":420,"column":2}}},"fnMap":{"0":{"name":"AddMachineScreen","decl":{"start":{"line":21,"column":24},"end":{"line":21,"column":40}},"loc":{"start":{"line":21,"column":62},"end":{"line":206,"column":1}},"line":21},"1":{"name":"(anonymous_1)","decl":{"start":{"line":32,"column":27},"end":{"line":32,"column":28}},"loc":{"start":{"line":32,"column":39},"end":{"line":91,"column":3}},"line":32},"2":{"name":"(anonymous_2)","decl":{"start":{"line":66,"column":54},"end":{"line":66,"column":55}},"loc":{"start":{"line":66,"column":61},"end":{"line":66,"column":100}},"line":66},"3":{"name":"(anonymous_3)","decl":{"start":{"line":93,"column":23},"end":{"line":93,"column":24}},"loc":{"start":{"line":93,"column":29},"end":{"line":96,"column":3}},"line":93},"4":{"name":"(anonymous_4)","decl":{"start":{"line":165,"column":19},"end":{"line":165,"column":20}},"loc":{"start":{"line":165,"column":25},"end":{"line":165,"column":44}},"line":165},"5":{"name":"(anonymous_5)","decl":{"start":{"line":178,"column":25},"end":{"line":178,"column":26}},"loc":{"start":{"line":178,"column":31},"end":{"line":178,"column":58}},"line":178},"6":{"name":"(anonymous_6)","decl":{"start":{"line":196,"column":25},"end":{"line":196,"column":26}},"loc":{"start":{"line":196,"column":31},"end":{"line":196,"column":83}},"line":196}},"branchMap":{"0":{"loc":{"start":{"line":33,"column":4},"end":{"line":37,"column":5}},"type":"if","locations":[{"start":{"line":33,"column":4},"end":{"line":37,"column":5}},{"start":{},"end":{}}],"line":33},"1":{"loc":{"start":{"line":39,"column":4},"end":{"line":43,"column":5}},"type":"if","locations":[{"start":{"line":39,"column":4},"end":{"line":43,"column":5}},{"start":{},"end":{}}],"line":39},"2":{"loc":{"start":{"line":50,"column":6},"end":{"line":55,"column":7}},"type":"if","locations":[{"start":{"line":50,"column":6},"end":{"line":55,"column":7}},{"start":{},"end":{}}],"line":50},"3":{"loc":{"start":{"line":65,"column":6},"end":{"line":68,"column":7}},"type":"if","locations":[{"start":{"line":65,"column":6},"end":{"line":68,"column":7}},{"start":{},"end":{}}],"line":65},"4":{"loc":{"start":{"line":67,"column":24},"end":{"line":67,"column":79}},"type":"binary-expr","locations":[{"start":{"line":67,"column":24},"end":{"line":67,"column":39}},{"start":{"line":67,"column":43},"end":{"line":67,"column":79}}],"line":67},"5":{"loc":{"start":{"line":75,"column":12},"end":{"line":75,"column":57}},"type":"binary-expr","locations":[{"start":{"line":75,"column":12},"end":{"line":75,"column":32}},{"start":{"line":75,"column":36},"end":{"line":75,"column":57}}],"line":75},"6":{"loc":{"start":{"line":76,"column":14},"end":{"line":76,"column":58}},"type":"binary-expr","locations":[{"start":{"line":76,"column":14},"end":{"line":76,"column":36}},{"start":{"line":76,"column":40},"end":{"line":76,"column":58}}],"line":76},"7":{"loc":{"start":{"line":77,"column":19},"end":{"line":77,"column":80}},"type":"binary-expr","locations":[{"start":{"line":77,"column":19},"end":{"line":77,"column":46}},{"start":{"line":77,"column":50},"end":{"line":77,"column":80}}],"line":77},"8":{"loc":{"start":{"line":86,"column":22},"end":{"line":86,"column":86}},"type":"binary-expr","locations":[{"start":{"line":86,"column":22},"end":{"line":86,"column":35}},{"start":{"line":86,"column":39},"end":{"line":86,"column":86}}],"line":86},"9":{"loc":{"start":{"line":102,"column":18},"end":{"line":102,"column":62}},"type":"cond-expr","locations":[{"start":{"line":102,"column":42},"end":{"line":102,"column":51}},{"start":{"line":102,"column":54},"end":{"line":102,"column":62}}],"line":102},"10":{"loc":{"start":{"line":154,"column":74},"end":{"line":154,"column":109}},"type":"binary-expr","locations":[{"start":{"line":154,"column":74},"end":{"line":154,"column":81}},{"start":{"line":154,"column":85},"end":{"line":154,"column":109}}],"line":154},"11":{"loc":{"start":{"line":159,"column":46},"end":{"line":159,"column":83}},"type":"cond-expr","locations":[{"start":{"line":159,"column":56},"end":{"line":159,"column":67}},{"start":{"line":159,"column":70},"end":{"line":159,"column":83}}],"line":159},"12":{"loc":{"start":{"line":171,"column":9},"end":{"line":184,"column":9}},"type":"binary-expr","locations":[{"start":{"line":171,"column":9},"end":{"line":171,"column":26}},{"start":{"line":172,"column":10},"end":{"line":183,"column":17}}],"line":171},"13":{"loc":{"start":{"line":186,"column":9},"end":{"line":202,"column":9}},"type":"binary-expr","locations":[{"start":{"line":186,"column":9},"end":{"line":186,"column":25}},{"start":{"line":187,"column":10},"end":{"line":201,"column":17}}],"line":186}},"s":{"0":0,"1":0,"2":0,"3":0,"4":0,"5":0,"6":0,"7":0,"8":0,"9":0,"10":0,"11":0,"12":0,"13":0,"14":0,"15":0,"16":0,"17":0,"18":0,"19":0,"20":0,"21":0,"22":0,"23":0,"24":0,"25":0,"26":0,"27":0,"28":0,"29":0,"30":0,"31":0,"32":0,"33":0,"34":0,"35":0,"36":0,"37":0,"38":0,"39":0,"40":0,"41":0,"42":0,"43":0,"44":0,"45":0,"46":0,"47":0,"48":0},"f":{"0":0,"1":0,"2":0,"3":0,"4":0,"5":0,"6":0},"b":{"0":[0,0],"1":[0,0],"2":[0,0],"3":[0,0],"4":[0,0],"5":[0,0],"6":[0,0],"7":[0,0],"8":[0,0],"9":[0,0],"10":[0,0],"11":[0,0],"12":[0,0],"13":[0,0]}}
,"C:\\Users\\Jazzy\\Pictures\\thesis-app\\NutriCycle-RN-App\\src\\screens\\BatchSessionScreen.tsx": {"path":"C:\\Users\\Jazzy\\Pictures\\thesis-app\\NutriCycle-RN-App\\src\\screens\\BatchSessionScreen.tsx","statementMap":{"0":{"start":{"line":23,"column":49},"end":{"line":23,"column":66}},"1":{"start":{"line":24,"column":18},"end":{"line":24,"column":62}},"2":{"start":{"line":26,"column":2},"end":{"line":71,"column":52}},"3":{"start":{"line":27,"column":4},"end":{"line":27,"column":25}},"4":{"start":{"line":27,"column":18},"end":{"line":27,"column":25}},"5":{"start":{"line":29,"column":21},"end":{"line":29,"column":87}},"6":{"start":{"line":29,"column":41},"end":{"line":29,"column":86}},"7":{"start":{"line":30,"column":4},"end":{"line":33,"column":5}},"8":{"start":{"line":31,"column":6},"end":{"line":31,"column":32}},"9":{"start":{"line":32,"column":6},"end":{"line":32,"column":13}},"10":{"start":{"line":35,"column":23},"end":{"line":68,"column":5}},"11":{"start":{"line":36,"column":6},"end":{"line":67,"column":7}},"12":{"start":{"line":37,"column":20},"end":{"line":37,"column":62}},"13":{"start":{"line":38,"column":34},"end":{"line":38,"column":50}},"14":{"start":{"line":40,"column":27},"end":{"line":40,"column":34}},"15":{"start":{"line":41,"column":36},"end":{"line":41,"column":65}},"16":{"start":{"line":42,"column":33},"end":{"line":44,"column":21}},"17":{"start":{"line":43,"column":32},"end":{"line":43,"column":69}},"18":{"start":{"line":45,"column":8},"end":{"line":48,"column":9}},"19":{"start":{"line":46,"column":10},"end":{"line":46,"column":44}},"20":{"start":{"line":47,"column":10},"end":{"line":47,"column":17}},"21":{"start":{"line":50,"column":27},"end":{"line":61,"column":9}},"22":{"start":{"line":63,"column":8},"end":{"line":63,"column":29}},"23":{"start":{"line":64,"column":8},"end":{"line":64,"column":36}},"24":{"start":{"line":66,"column":8},"end":{"line":66,"column":69}},"25":{"start":{"line":70,"column":4},"end":{"line":70,"column":17}},"26":{"start":{"line":73,"column":2},"end":{"line":87,"column":4}},"27":{"start":{"line":76,"column":41},"end":{"line":76,"column":73}},"28":{"start":{"line":90,"column":15},"end":{"line":95,"column":2}}},"fnMap":{"0":{"name":"BatchSessionScreen","decl":{"start":{"line":22,"column":24},"end":{"line":22,"column":42}},"loc":{"start":{"line":22,"column":71},"end":{"line":88,"column":1}},"line":22},"1":{"name":"(anonymous_1)","decl":{"start":{"line":26,"column":18},"end":{"line":26,"column":19}},"loc":{"start":{"line":26,"column":24},"end":{"line":71,"column":3}},"line":26},"2":{"name":"(anonymous_2)","decl":{"start":{"line":29,"column":34},"end":{"line":29,"column":35}},"loc":{"start":{"line":29,"column":41},"end":{"line":29,"column":86}},"line":29},"3":{"name":"(anonymous_3)","decl":{"start":{"line":35,"column":23},"end":{"line":35,"column":24}},"loc":{"start":{"line":35,"column":35},"end":{"line":68,"column":5}},"line":35},"4":{"name":"(anonymous_4)","decl":{"start":{"line":43,"column":25},"end":{"line":43,"column":26}},"loc":{"start":{"line":43,"column":32},"end":{"line":43,"column":69}},"line":43},"5":{"name":"(anonymous_5)","decl":{"start":{"line":76,"column":35},"end":{"line":76,"column":36}},"loc":{"start":{"line":76,"column":41},"end":{"line":76,"column":73}},"line":76}},"branchMap":{"0":{"loc":{"start":{"line":27,"column":4},"end":{"line":27,"column":25}},"type":"if","locations":[{"start":{"line":27,"column":4},"end":{"line":27,"column":25}},{"start":{},"end":{}}],"line":27},"1":{"loc":{"start":{"line":29,"column":41},"end":{"line":29,"column":86}},"type":"binary-expr","locations":[{"start":{"line":29,"column":41},"end":{"line":29,"column":57}},{"start":{"line":29,"column":61},"end":{"line":29,"column":86}}],"line":29},"2":{"loc":{"start":{"line":30,"column":4},"end":{"line":33,"column":5}},"type":"if","locations":[{"start":{"line":30,"column":4},"end":{"line":33,"column":5}},{"start":{},"end":{}}],"line":30},"3":{"loc":{"start":{"line":41,"column":36},"end":{"line":41,"column":65}},"type":"binary-expr","locations":[{"start":{"line":41,"column":36},"end":{"line":41,"column":52}},{"start":{"line":41,"column":56},"end":{"line":41,"column":65}}],"line":41},"4":{"loc":{"start":{"line":42,"column":33},"end":{"line":44,"column":21}},"type":"cond-expr","locations":[{"start":{"line":43,"column":12},"end":{"line":43,"column":70}},{"start":{"line":44,"column":12},"end":{"line":44,"column":21}}],"line":42},"5":{"loc":{"start":{"line":45,"column":8},"end":{"line":48,"column":9}},"type":"if","locations":[{"start":{"line":45,"column":8},"end":{"line":48,"column":9}},{"start":{},"end":{}}],"line":45},"6":{"loc":{"start":{"line":55,"column":18},"end":{"line":55,"column":50}},"type":"binary-expr","locations":[{"start":{"line":55,"column":19},"end":{"line":55,"column":37}},{"start":{"line":55,"column":42},"end":{"line":55,"column":50}}],"line":55},"7":{"loc":{"start":{"line":59,"column":21},"end":{"line":59,"column":74}},"type":"cond-expr","locations":[{"start":{"line":59,"column":38},"end":{"line":59,"column":62}},{"start":{"line":59,"column":65},"end":{"line":59,"column":74}}],"line":59},"8":{"loc":{"start":{"line":60,"column":19},"end":{"line":60,"column":68}},"type":"cond-expr","locations":[{"start":{"line":60,"column":34},"end":{"line":60,"column":56}},{"start":{"line":60,"column":59},"end":{"line":60,"column":68}}],"line":60}},"s":{"0":0,"1":0,"2":0,"3":0,"4":0,"5":0,"6":0,"7":0,"8":0,"9":0,"10":0,"11":0,"12":0,"13":0,"14":0,"15":0,"16":0,"17":0,"18":0,"19":0,"20":0,"21":0,"22":0,"23":0,"24":0,"25":0,"26":0,"27":0,"28":0},"f":{"0":0,"1":0,"2":0,"3":0,"4":0,"5":0},"b":{"0":[0,0],"1":[0,0],"2":[0,0],"3":[0,0],"4":[0,0],"5":[0,0],"6":[0,0],"7":[0,0],"8":[0,0]}}
,"C:\\Users\\Jazzy\\Pictures\\thesis-app\\NutriCycle-RN-App\\src\\screens\\ChangePasswordScreen.tsx": {"path":"C:\\Users\\Jazzy\\Pictures\\thesis-app\\NutriCycle-RN-App\\src\\screens\\ChangePasswordScreen.tsx","statementMap":{"0":{"start":{"line":35,"column":36},"end":{"line":399,"column":1}},"1":{"start":{"line":36,"column":21},"end":{"line":36,"column":72}},"2":{"start":{"line":37,"column":48},"end":{"line":37,"column":60}},"3":{"start":{"line":38,"column":40},"end":{"line":38,"column":52}},"4":{"start":{"line":39,"column":48},"end":{"line":39,"column":60}},"5":{"start":{"line":40,"column":56},"end":{"line":40,"column":71}},"6":{"start":{"line":41,"column":48},"end":{"line":41,"column":63}},"7":{"start":{"line":42,"column":56},"end":{"line":42,"column":71}},"8":{"start":{"line":43,"column":32},"end":{"line":43,"column":47}},"9":{"start":{"line":44,"column":50},"end":{"line":44,"column":65}},"10":{"start":{"line":45,"column":66},"end":{"line":45,"column":81}},"11":{"start":{"line":46,"column":58},"end":{"line":46,"column":73}},"12":{"start":{"line":47,"column":52},"end":{"line":47,"column":67}},"13":{"start":{"line":48,"column":42},"end":{"line":48,"column":54}},"14":{"start":{"line":49,"column":20},"end":{"line":49,"column":57}},"15":{"start":{"line":51,"column":39},"end":{"line":59,"column":3}},"16":{"start":{"line":52,"column":4},"end":{"line":58,"column":6}},"17":{"start":{"line":61,"column":31},"end":{"line":61,"column":72}},"18":{"start":{"line":62,"column":29},"end":{"line":62,"column":79}},"19":{"start":{"line":64,"column":34},"end":{"line":108,"column":3}},"20":{"start":{"line":65,"column":21},"end":{"line":65,"column":87}},"21":{"start":{"line":66,"column":4},"end":{"line":68,"column":5}},"22":{"start":{"line":67,"column":6},"end":{"line":67,"column":47}},"23":{"start":{"line":70,"column":21},"end":{"line":102,"column":6}},"24":{"start":{"line":104,"column":4},"end":{"line":107,"column":5}},"25":{"start":{"line":105,"column":18},"end":{"line":105,"column":39}},"26":{"start":{"line":106,"column":6},"end":{"line":106,"column":69}},"27":{"start":{"line":110,"column":2},"end":{"line":124,"column":27}},"28":{"start":{"line":111,"column":4},"end":{"line":123,"column":5}},"29":{"start":{"line":112,"column":6},"end":{"line":119,"column":16}},"30":{"start":{"line":121,"column":6},"end":{"line":121,"column":32}},"31":{"start":{"line":122,"column":6},"end":{"line":122,"column":28}},"32":{"start":{"line":126,"column":15},"end":{"line":129,"column":4}},"33":{"start":{"line":130,"column":17},"end":{"line":130,"column":36}},"34":{"start":{"line":132,"column":31},"end":{"line":189,"column":3}},"35":{"start":{"line":133,"column":4},"end":{"line":137,"column":5}},"36":{"start":{"line":134,"column":6},"end":{"line":134,"column":51}},"37":{"start":{"line":135,"column":6},"end":{"line":135,"column":33}},"38":{"start":{"line":136,"column":6},"end":{"line":136,"column":13}},"39":{"start":{"line":139,"column":4},"end":{"line":142,"column":5}},"40":{"start":{"line":140,"column":6},"end":{"line":140,"column":36}},"41":{"start":{"line":141,"column":6},"end":{"line":141,"column":13}},"42":{"start":{"line":145,"column":4},"end":{"line":148,"column":5}},"43":{"start":{"line":146,"column":6},"end":{"line":146,"column":40}},"44":{"start":{"line":147,"column":6},"end":{"line":147,"column":13}},"45":{"start":{"line":150,"column":4},"end":{"line":154,"column":5}},"46":{"start":{"line":151,"column":6},"end":{"line":151,"column":78}},"47":{"start":{"line":152,"column":6},"end":{"line":152,"column":33}},"48":{"start":{"line":153,"column":6},"end":{"line":153,"column":13}},"49":{"start":{"line":156,"column":4},"end":{"line":156,"column":21}},"50":{"start":{"line":157,"column":4},"end":{"line":188,"column":5}},"51":{"start":{"line":158,"column":19},"end":{"line":158,"column":35}},"52":{"start":{"line":159,"column":6},"end":{"line":161,"column":7}},"53":{"start":{"line":160,"column":8},"end":{"line":160,"column":50}},"54":{"start":{"line":164,"column":25},"end":{"line":164,"column":82}},"55":{"start":{"line":165,"column":6},"end":{"line":165,"column":59}},"56":{"start":{"line":168,"column":6},"end":{"line":168,"column":46}},"57":{"start":{"line":169,"column":6},"end":{"line":173,"column":7}},"58":{"start":{"line":170,"column":8},"end":{"line":170,"column":50}},"59":{"start":{"line":174,"column":6},"end":{"line":174,"column":32}},"60":{"start":{"line":176,"column":16},"end":{"line":176,"column":43}},"61":{"start":{"line":177,"column":6},"end":{"line":183,"column":7}},"62":{"start":{"line":178,"column":8},"end":{"line":178,"column":46}},"63":{"start":{"line":179,"column":13},"end":{"line":183,"column":7}},"64":{"start":{"line":180,"column":8},"end":{"line":180,"column":41}},"65":{"start":{"line":181,"column":13},"end":{"line":183,"column":7}},"66":{"start":{"line":182,"column":8},"end":{"line":182,"column":78}},"67":{"start":{"line":184,"column":6},"end":{"line":184,"column":27}},"68":{"start":{"line":185,"column":6},"end":{"line":185,"column":33}},"69":{"start":{"line":187,"column":6},"end":{"line":187,"column":24}},"70":{"start":{"line":191,"column":2},"end":{"line":398,"column":4}},"71":{"start":{"line":202,"column":29},"end":{"line":202,"column":48}},"72":{"start":{"line":225,"column":33},"end":{"line":225,"column":77}},"73":{"start":{"line":251,"column":33},"end":{"line":251,"column":69}},"74":{"start":{"line":277,"column":33},"end":{"line":277,"column":77}},"75":{"start":{"line":332,"column":72},"end":{"line":332,"column":106}},"76":{"start":{"line":352,"column":72},"end":{"line":352,"column":102}},"77":{"start":{"line":366,"column":29},"end":{"line":366,"column":56}},"78":{"start":{"line":384,"column":29},"end":{"line":384,"column":60}},"79":{"start":{"line":390,"column":29},"end":{"line":390,"column":88}},"80":{"start":{"line":401,"column":15},"end":{"line":676,"column":2}},"81":{"start":{"line":678,"column":23},"end":{"line":693,"column":1}},"82":{"start":{"line":679,"column":2},"end":{"line":692,"column":9}}},"fnMap":{"0":{"name":"(anonymous_0)","decl":{"start":{"line":35,"column":36},"end":{"line":35,"column":37}},"loc":{"start":{"line":35,"column":42},"end":{"line":399,"column":1}},"line":35},"1":{"name":"(anonymous_1)","decl":{"start":{"line":51,"column":39},"end":{"line":51,"column":40}},"loc":{"start":{"line":51,"column":78},"end":{"line":59,"column":3}},"line":51},"2":{"name":"(anonymous_2)","decl":{"start":{"line":64,"column":34},"end":{"line":64,"column":35}},"loc":{"start":{"line":64,"column":61},"end":{"line":108,"column":3}},"line":64},"3":{"name":"(anonymous_3)","decl":{"start":{"line":110,"column":12},"end":{"line":110,"column":13}},"loc":{"start":{"line":110,"column":18},"end":{"line":124,"column":3}},"line":110},"4":{"name":"(anonymous_4)","decl":{"start":{"line":132,"column":31},"end":{"line":132,"column":32}},"loc":{"start":{"line":132,"column":43},"end":{"line":189,"column":3}},"line":132},"5":{"name":"(anonymous_5)","decl":{"start":{"line":202,"column":23},"end":{"line":202,"column":24}},"loc":{"start":{"line":202,"column":29},"end":{"line":202,"column":48}},"line":202},"6":{"name":"(anonymous_6)","decl":{"start":{"line":225,"column":27},"end":{"line":225,"column":28}},"loc":{"start":{"line":225,"column":33},"end":{"line":225,"column":77}},"line":225},"7":{"name":"(anonymous_7)","decl":{"start":{"line":251,"column":27},"end":{"line":251,"column":28}},"loc":{"start":{"line":251,"column":33},"end":{"line":251,"column":69}},"line":251},"8":{"name":"(anonymous_8)","decl":{"start":{"line":277,"column":27},"end":{"line":277,"column":28}},"loc":{"start":{"line":277,"column":33},"end":{"line":277,"column":77}},"line":277},"9":{"name":"(anonymous_9)","decl":{"start":{"line":332,"column":66},"end":{"line":332,"column":67}},"loc":{"start":{"line":332,"column":72},"end":{"line":332,"column":106}},"line":332},"10":{"name":"(anonymous_10)","decl":{"start":{"line":352,"column":66},"end":{"line":352,"column":67}},"loc":{"start":{"line":352,"column":72},"end":{"line":352,"column":102}},"line":352},"11":{"name":"(anonymous_11)","decl":{"start":{"line":366,"column":23},"end":{"line":366,"column":24}},"loc":{"start":{"line":366,"column":29},"end":{"line":366,"column":56}},"line":366},"12":{"name":"(anonymous_12)","decl":{"start":{"line":384,"column":23},"end":{"line":384,"column":24}},"loc":{"start":{"line":384,"column":29},"end":{"line":384,"column":60}},"line":384},"13":{"name":"(anonymous_13)","decl":{"start":{"line":390,"column":23},"end":{"line":390,"column":24}},"loc":{"start":{"line":390,"column":29},"end":{"line":390,"column":88}},"line":390},"14":{"name":"(anonymous_14)","decl":{"start":{"line":678,"column":23},"end":{"line":678,"column":24}},"loc":{"start":{"line":679,"column":2},"end":{"line":692,"column":9}},"line":679}},"branchMap":{"0":{"loc":{"start":{"line":65,"column":21},"end":{"line":65,"column":87}},"type":"binary-expr","locations":[{"start":{"line":65,"column":21},"end":{"line":65,"column":58}},{"start":{"line":65,"column":62},"end":{"line":65,"column":87}}],"line":65},"1":{"loc":{"start":{"line":66,"column":4},"end":{"line":68,"column":5}},"type":"if","locations":[{"start":{"line":66,"column":4},"end":{"line":68,"column":5}},{"start":{},"end":{}}],"line":66},"2":{"loc":{"start":{"line":104,"column":4},"end":{"line":107,"column":5}},"type":"if","locations":[{"start":{"line":104,"column":4},"end":{"line":107,"column":5}},{"start":{},"end":{}}],"line":104},"3":{"loc":{"start":{"line":106,"column":22},"end":{"line":106,"column":67}},"type":"binary-expr","locations":[{"start":{"line":106,"column":22},"end":{"line":106,"column":25}},{"start":{"line":106,"column":29},"end":{"line":106,"column":67}}],"line":106},"4":{"loc":{"start":{"line":111,"column":4},"end":{"line":123,"column":5}},"type":"if","locations":[{"start":{"line":111,"column":4},"end":{"line":123,"column":5}},{"start":{"line":120,"column":11},"end":{"line":123,"column":5}}],"line":111},"5":{"loc":{"start":{"line":133,"column":4},"end":{"line":137,"column":5}},"type":"if","locations":[{"start":{"line":133,"column":4},"end":{"line":137,"column":5}},{"start":{},"end":{}}],"line":133},"6":{"loc":{"start":{"line":133,"column":8},"end":{"line":133,"column":60}},"type":"binary-expr","locations":[{"start":{"line":133,"column":8},"end":{"line":133,"column":24}},{"start":{"line":133,"column":28},"end":{"line":133,"column":40}},{"start":{"line":133,"column":44},"end":{"line":133,"column":60}}],"line":133},"7":{"loc":{"start":{"line":139,"column":4},"end":{"line":142,"column":5}},"type":"if","locations":[{"start":{"line":139,"column":4},"end":{"line":142,"column":5}},{"start":{},"end":{}}],"line":139},"8":{"loc":{"start":{"line":145,"column":4},"end":{"line":148,"column":5}},"type":"if","locations":[{"start":{"line":145,"column":4},"end":{"line":148,"column":5}},{"start":{},"end":{}}],"line":145},"9":{"loc":{"start":{"line":150,"column":4},"end":{"line":154,"column":5}},"type":"if","locations":[{"start":{"line":150,"column":4},"end":{"line":154,"column":5}},{"start":{},"end":{}}],"line":150},"10":{"loc":{"start":{"line":159,"column":6},"end":{"line":161,"column":7}},"type":"if","locations":[{"start":{"line":159,"column":6},"end":{"line":161,"column":7}},{"start":{},"end":{}}],"line":159},"11":{"loc":{"start":{"line":159,"column":10},"end":{"line":159,"column":30}},"type":"binary-expr","locations":[{"start":{"line":159,"column":10},"end":{"line":159,"column":15}},{"start":{"line":159,"column":19},"end":{"line":159,"column":30}}],"line":159},"12":{"loc":{"start":{"line":177,"column":6},"end":{"line":183,"column":7}},"type":"if","locations":[{"start":{"line":177,"column":6},"end":{"line":183,"column":7}},{"start":{"line":179,"column":13},"end":{"line":183,"column":7}}],"line":177},"13":{"loc":{"start":{"line":179,"column":13},"end":{"line":183,"column":7}},"type":"if","locations":[{"start":{"line":179,"column":13},"end":{"line":183,"column":7}},{"start":{"line":181,"column":13},"end":{"line":183,"column":7}}],"line":179},"14":{"loc":{"start":{"line":181,"column":13},"end":{"line":183,"column":7}},"type":"if","locations":[{"start":{"line":181,"column":13},"end":{"line":183,"column":7}},{"start":{},"end":{}}],"line":181},"15":{"loc":{"start":{"line":194,"column":18},"end":{"line":194,"column":62}},"type":"cond-expr","locations":[{"start":{"line":194,"column":42},"end":{"line":194,"column":51}},{"start":{"line":194,"column":54},"end":{"line":194,"column":62}}],"line":194},"16":{"loc":{"start":{"line":195,"column":32},"end":{"line":195,"column":70}},"type":"cond-expr","locations":[{"start":{"line":195,"column":56},"end":{"line":195,"column":66}},{"start":{"line":195,"column":69},"end":{"line":195,"column":70}}],"line":195},"17":{"loc":{"start":{"line":229,"column":19},"end":{"line":233,"column":19}},"type":"cond-expr","locations":[{"start":{"line":230,"column":20},"end":{"line":230,"column":78}},{"start":{"line":232,"column":20},"end":{"line":232,"column":81}}],"line":229},"18":{"loc":{"start":{"line":255,"column":19},"end":{"line":259,"column":19}},"type":"cond-expr","locations":[{"start":{"line":256,"column":20},"end":{"line":256,"column":78}},{"start":{"line":258,"column":20},"end":{"line":258,"column":81}}],"line":255},"19":{"loc":{"start":{"line":281,"column":19},"end":{"line":285,"column":1
[...]
":338,"column":11}},"loc":{"start":{"line":338,"column":22},"end":{"line":345,"column":7}},"line":338},"56":{"name":"(anonymous_56)","decl":{"start":{"line":340,"column":35},"end":{"line":340,"column":36}},"loc":{"start":{"line":341,"column":10},"end":{"line":343,"column":15}},"line":341},"57":{"name":"(anonymous_57)","decl":{"start":{"line":353,"column":22},"end":{"line":353,"column":23}},"loc":{"start":{"line":353,"column":58},"end":{"line":385,"column":3}},"line":353},"58":{"name":"(anonymous_58)","decl":{"start":{"line":387,"column":27},"end":{"line":387,"column":28}},"loc":{"start":{"line":387,"column":96},"end":{"line":418,"column":3}},"line":387},"59":{"name":"(anonymous_59)","decl":{"start":{"line":420,"column":19},"end":{"line":420,"column":20}},"loc":{"start":{"line":420,"column":31},"end":{"line":440,"column":3}},"line":420}},"branchMap":{"0":{"loc":{"start":{"line":79,"column":6},"end":{"line":82,"column":7}},"type":"if","locations":[{"start":{"line":79,"column":6},"end":{"line":82,"column":7}},{"start":{},"end":{}}],"line":79},"1":{"loc":{"start":{"line":84,"column":6},"end":{"line":87,"column":7}},"type":"if","locations":[{"start":{"line":84,"column":6},"end":{"line":87,"column":7}},{"start":{},"end":{}}],"line":84},"2":{"loc":{"start":{"line":95,"column":6},"end":{"line":99,"column":7}},"type":"if","locations":[{"start":{"line":95,"column":6},"end":{"line":99,"column":7}},{"start":{},"end":{}}],"line":95},"3":{"loc":{"start":{"line":106,"column":25},"end":{"line":106,"column":95}},"type":"cond-expr","locations":[{"start":{"line":106,"column":67},"end":{"line":106,"column":71}},{"start":{"line":106,"column":74},"end":{"line":106,"column":95}}],"line":106},"4":{"loc":{"start":{"line":119,"column":6},"end":{"line":122,"column":7}},"type":"if","locations":[{"start":{"line":119,"column":6},"end":{"line":122,"column":7}},{"start":{},"end":{}}],"line":119},"5":{"loc":{"start":{"line":124,"column":6},"end":{"line":127,"column":7}},"type":"if","locations":[{"start":{"line":124,"column":6},"end":{"line":127,"column":7}},{"start":{},"end":{}}],"line":124},"6":{"loc":{"start":{"line":136,"column":6},"end":{"line":140,"column":7}},"type":"if","locations":[{"start":{"line":136,"column":6},"end":{"line":140,"column":7}},{"start":{},"end":{}}],"line":136},"7":{"loc":{"start":{"line":147,"column":10},"end":{"line":147,"column":55}},"type":"cond-expr","locations":[{"start":{"line":147,"column":31},"end":{"line":147,"column":51}},{"start":{"line":147,"column":54},"end":{"line":147,"column":55}}],"line":147},"8":{"loc":{"start":{"line":149,"column":25},"end":{"line":151,"column":33}},"type":"cond-expr","locations":[{"start":{"line":150,"column":12},"end":{"line":150,"column":52}},{"start":{"line":151,"column":12},"end":{"line":151,"column":33}}],"line":149},"9":{"loc":{"start":{"line":163,"column":38},"end":{"line":163,"column":81}},"type":"cond-expr","locations":[{"start":{"line":163,"column":57},"end":{"line":163,"column":77}},{"start":{"line":163,"column":80},"end":{"line":163,"column":81}}],"line":163},"10":{"loc":{"start":{"line":182,"column":18},"end":{"line":182,"column":50}},"type":"binary-expr","locations":[{"start":{"line":182,"column":18},"end":{"line":182,"column":45}},{"start":{"line":182,"column":49},"end":{"line":182,"column":50}}],"line":182},"11":{"loc":{"start":{"line":183,"column":24},"end":{"line":183,"column":62}},"type":"binary-expr","locations":[{"start":{"line":183,"column":24},"end":{"line":183,"column":57}},{"start":{"line":183,"column":61},"end":{"line":183,"column":62}}],"line":183},"12":{"loc":{"start":{"line":184,"column":16},"end":{"line":184,"column":46}},"type":"binary-expr","locations":[{"start":{"line":184,"column":16},"end":{"line":184,"column":41}},{"start":{"line":184,"column":45},"end":{"line":184,"column":46}}],"line":184},"13":{"loc":{"start":{"line":185,"column":24},"end":{"line":185,"column":70}},"type":"binary-expr","locations":[{"start":{"line":185,"column":24},"end":{"line":185,"column":57}},{"start":{"line":185,"column":61},"end":{"line":185,"column":70}}],"line":185},"14":{"loc":{"start":{"line":186,"column":17},"end":{"line":186,"column":55}},"type":"binary-expr","locations":[{"start":{"line":186,"column":17},"end":{"line":186,"column":43}},{"start":{"line":186,"column":47},"end":{"line":186,"column":55}}],"line":186},"15":{"loc":{"start":{"line":190,"column":25},"end":{"line":195,"column":22}},"type":"cond-expr","locations":[{"start":{"line":190,"column":47},"end":{"line":195,"column":14}},{"start":{"line":195,"column":18},"end":{"line":195,"column":22}}],"line":190},"16":{"loc":{"start":{"line":193,"column":19},"end":{"line":193,"column":92}},"type":"cond-expr","locations":[{"start":{"line":193,"column":58},"end":{"line":193,"column":59}},{"start":{"line":193,"column":62},"end":{"line":193,"column":92}}],"line":193},"17":{"loc":{"start":{"line":194,"column":17},"end":{"line":194,"column":59}},"type":"binary-expr","locations":[{"start":{"line":194,"column":17},"end":{"line":194,"column":45}},{"start":{"line":194,"column":49},"end":{"line":194,"column":59}}],"line":194},"18":{"loc":{"start":{"line":200,"column":15},"end":{"line":200,"column":115}},"type":"cond-expr","locations":[{"start":{"line":200,"column":30},"end":{"line":200,"column":99}},{"start":{"line":200,"column":102},"end":{"line":200,"column":115}}],"line":200},"19":{"loc":{"start":{"line":200,"column":55},"end":{"line":200,"column":98}},"type":"cond-expr","locations":[{"start":{"line":200,"column":82},"end":{"line":200,"column":94}},{"start":{"line":200,"column":97},"end":{"line":200,"column":98}}],"line":200},"20":{"loc":{"start":{"line":205,"column":18},"end":{"line":205,"column":98}},"type":"cond-expr","locations":[{"start":{"line":205,"column":40},"end":{"line":205,"column":90}},{"start":{"line":205,"column":94},"end":{"line":205,"column":98}}],"line":205},"21":{"loc":{"start":{"line":209,"column":25},"end":{"line":209,"column":103}},"type":"cond-expr","locations":[{"start":{"line":209,"column":46},"end":{"line":209,"column":96}},{"start":{"line":209,"column":99},"end":{"line":209,"column":103}}],"line":209},"22":{"loc":{"start":{"line":210,"column":27},"end":{"line":210,"column":127}},"type":"cond-expr","locations":[{"start":{"line":210,"column":42},"end":{"line":210,"column":111}},{"start":{"line":210,"column":114},"end":{"line":210,"column":127}}],"line":210},"23":{"loc":{"start":{"line":210,"column":67},"end":{"line":210,"column":110}},"type":"cond-expr","locations":[{"start":{"line":210,"column":94},"end":{"line":210,"column":106}},{"start":{"line":210,"column":109},"end":{"line":210,"column":110}}],"line":210},"24":{"loc":{"start":{"line":219,"column":15},"end":{"line":219,"column":48}},"type":"binary-expr","locations":[{"start":{"line":219,"column":15},"end":{"line":219,"column":22}},{"start":{"line":219,"column":26},"end":{"line":219,"column":48}}],"line":219},"25":{"loc":{"start":{"line":220,"column":4},"end":{"line":220,"column":30}},"type":"if","locations":[{"start":{"line":220,"column":4},"end":{"line":220,"column":30}},{"start":{},"end":{}}],"line":220},"26":{"loc":{"start":{"line":223,"column":4},"end":{"line":223,"column":33}},"type":"if","locations":[{"start":{"line":223,"column":4},"end":{"line":223,"column":33}},{"start":{},"end":{}}],"line":223},"27":{"loc":{"start":{"line":227,"column":4},"end":{"line":228,"column":50}},"type":"if","locations":[{"start":{"line":227,"column":4},"end":{"line":228,"column":50}},{"start":{"line":228,"column":9},"end":{"line":228,"column":50}}],"line":227},"28":{"loc":{"start":{"line":228,"column":9},"end":{"line":228,"column":50}},"type":"if","locations":[{"start":{"line":228,"column":9},"end":{"line":228,"column":50}},{"start":{},"end":{}}],"line":228},"29":{"loc":{"start":{"line":230,"column":4},"end":{"line":237,"column":5}},"type":"if","locations":[{"start":{"line":230,"column":4},"end":{"line":237,"column":5}},{"start":{},"end":{}}],"line":230},"30":{"loc":{"start":{"line":234,"column":42},"end":{"line":234,"column":79}},"type":"cond-expr","locations":[{"start":{"line":234,"column":66},"end":{"line":234,"column":75}},{"start":{"line":234,"column":78},"end":{"line":234,"column":79}}],"line":234},"31":{"loc":{"start":{"line":235,"column":22},"end":{"line":235,"column":115}},"type":"cond-expr","locations":[{"start":{"line":235,"column":85},"end":{"line":235,"column":94}},{"start":{"line":235,"column":97},"end":{"line":235,"column":115}}],"line":235},"32":{"loc":{"start":{"line":235,"column":22},"end":{"line":235,"column":82}},"type":"binary-expr","locations":[{"start":{"line":235,"column":22},"end":{"line":235,"column":40}},{"start":{"line":235,"column":44},"end":{"line":235,"column":82}}],"line":235},"33":{"loc":{"start":{"line":241,"column":40},"end":{"line":241,"column":73}},"type":"cond-expr","locations":[{"start":{"line":241,"column":62},"end":{"line":241,"column":69}},{"start":{"line":241,"column":72},"end":{"line":241,"column":73}}],"line":241},"34":{"loc":{"start":{"line":242,"column":20},"end":{"line":242,"column":109}},"type":"cond-expr","locations":[{"start":{"line":242,"column":81},"end":{"line":242,"column":88}},{"start":{"line":242,"column":91},"end":{"line":242,"column":109}}],"line":242},"35":{"loc":{"start":{"line":242,"column":20},"end":{"line":242,"column":78}},"type":"binary-expr","locations":[{"start":{"line":242,"column":20},"end":{"line":242,"column":38}},{"start":{"line":242,"column":42},"end":{"line":242,"column":78}}],"line":242},"36":{"loc":{"start":{"line":246,"column":15},"end":{"line":246,"column":48}},"type":"binary-expr","locations":[{"start":{"line":246,"column":15},"end":{"line":246,"column":22}},{"start":{"line":246,"column":26},"end":{"line":246,"column":48}}],"line":246},"37":{"loc":{"start":{"line":247,"column":4},"end":{"line":247,"column":30}},"type":"if","locations":[{"start":{"line":247,"column":4},"end":{"line":247,"column":30}},{"start":{},"end":{}}],"line":247},"38":{"loc":{"start":{"line":250,"column":4},"end":{"line":250,"column":33}},"type":"if","locations":[{"start":{"line":250,"column":4},"end":{"line":250,"column":33}},{"start":{},"end":{}}],"line":250},"39":{"loc":{"start":{"line":255,"column":40},"end":{"line":255,"column":73}},"type":"cond-expr","locations":[{"start":{"line":255,"column":62},"end":{"line":255,"column":69}},{"start":{"line":255,"column":72},"end":{"line":255,"column":73}}],"line":255},"40":{"loc":{"start":{"line":256,"column":20},"end":{"line":256,"column":109}},"type":"cond-expr","locations":[{"start":{"line":256,"column":81},"end":{"line":256,"column":88}},{"start":{"line":256,"column":91},"end":{"line":256,"column":109}}],"line":256},"41":{"loc":{"start":{"line":256,"column":20},"end":{"line":256,"column":78}},"type":"binary-expr","locations":[{"start":{"line":256,"column":20},"end":{"line":256,"column":38}},{"start":{"line":256,"column":42},"end":{"line":256,"column":78}}],"line":256},"42":{"loc":{"start":{"line":260,"column":15},"end":{"line":260,"column":48}},"type":"binary-expr","locations":[{"start":{"line":260,"column":15},"end":{"line":260,"column":22}},{"start":{"line":260,"column":26},"end":{"line":260,"column":48}}],"line":260},"43":{"loc":{"start":{"line":261,"column":4},"end":{"line":261,"column":30}},"type":"if","locations":[{"start":{"line":261,"column":4},"end":{"line":261,"column":30}},{"start":{},"end":{}}],"line":261},"44":{"loc":{"start":{"line":264,"column":4},"end":{"line":264,"column":33}},"type":"if","locations":[{"start":{"line":264,"column":4},"end":{"line":264,"column":33}},{"start":{},"end":{}}],"line":264},"45":{"loc":{"start":{"line":266,"column":89},"end":{"line":266,"column":118}},"type":"cond-expr","locations":[{"start":{"line":266,"column":113},"end":{"line":266,"column":114}},{"start":{"line":266,"column":117},"end":{"line":266,"column":118}}],"line":266},"46":{"loc":{"start":{"line":268,"column":40},"end":{"line":268,"column":77}},"type":"cond-expr","locations":[{"start":{"line":268,"column":64},"end":{"line":268,"column":73}},{"start":{"line":268,"column":76},"end":{"line":268,"column":77}}],"line":268},"47":{"loc":{"start":{"line":269,"column":20},"end":{"line":269,"column":108}},"type":"cond-expr","locations":[{"start":{"line":269,"column":83},"end":{"line":269,"column":87}},{"start":{"line":269,"column":90},"end":{"line":269,"column":108}}],"line":269},"48":{"loc":{"start":{"line":269,"column":20},"end":{"line":269,"column":80}},"type":"binary-expr","locations":[{"start":{"line":269,"column":20},"end":{"line":269,"column":38}},{"start":{"line":269,"column":42},"end":{"line":269,"column":80}}],"line":269},"49":{"loc":{"start":{"line":273,"column":27},"end":{"line":273,"column":164}},"type":"cond-expr","locations":[{"start":{"line":273,"column":48},"end":{"line":273,"column":148}},{"start":{"line":273,"column":151},"end":{"line":273,"column":164}}],"line":273},"50":{"loc":{"start":{"line":273,"column":73},"end":{"line":273,"column":147}},"type":"cond-expr","locations":[{"start":{"line":273,"column":108},"end":{"line":273,"column":142}},{"start":{"line":273,"column":146},"end":{"line":273,"column":147}}],"line":273},"51":{"loc":{"start":{"line":284,"column":4},"end":{"line":287,"column":5}},"type":"if","locations":[{"start":{"line":284,"column":4},"end":{"line":287,"column":5}},{"start":{},"end":{}}],"line":284},"52":{"loc":{"start":{"line":297,"column":21},"end":{"line":297,"column":82}},"type":"cond-expr","locations":[{"start":{"line":297,"column":46},"end":{"line":297,"column":55}},{"start":{"line":297,"column":58},"end":{"line":297,"column":82}}],"line":297},"53":{"loc":{"start":{"line":306,"column":77},"end":{"line":306,"column":166}},"type":"cond-expr","locations":[{"start":{"line":306,"column":102},"end":{"line":306,"column":134}},{"start":{"line":306,"column":137},"end":{"line":306,"column":166}}],"line":306},"54":{"loc":{"start":{"line":308,"column":10},"end":{"line":310,"column":15}},"type":"cond-expr","locations":[{"start":{"line":309,"column":14},"end":{"line":309,"column":134}},{"start":{"line":310,"column":14},"end":{"line":310,"column":15}}],"line":308},"55":{"loc":{"start":{"line":309,"column":52},"end":{"line":309,"column":123}},"type":"cond-expr","locations":[{"start":{"line":309,"column":77},"end":{"line":309,"column":109}},{"start":{"line":309,"column":112},"end":{"line":309,"column":123}}],"line":309},"56":{"loc":{"start":{"line":321,"column":4},"end":{"line":324,"column":5}},"type":"if","locations":[{"start":{"line":321,"column":4},"end":{"line":324,"column":5}},{"start":{},"end":{}}],"line":321},"57":{"loc":{"start":{"line":341,"column":10},"end":{"line":343,"column":15}},"type":"cond-expr","locations":[{"start":{"line":342,"column":14},"end":{"line":342,"column":47}},{"start":{"line":343,"column":14},"end":{"line":343,"column":15}}],"line":341},"58":{"loc":{"start":{"line":355,"column":4},"end":{"line":358,"column":5}},"type":"if","locations":[{"start":{"line":355,"column":4},"end":{"line":358,"column":5}},{"start":{},"end":{}}],"line":355},"59":{"loc":{"start":{"line":367,"column":6},"end":{"line":371,"column":7}},"type":"if","locations":[{"start":{"line":367,"column":6},"end":{"line":371,"column":7}},{"start":{"line":369,"column":13},"end":{"line":371,"column":7}}],"line":367},"60":{"loc":{"start":{"line":389,"column":4},"end":{"line":392,"column":5}},"type":"if","locations":[{"start":{"line":389,"column":4},"end":{"line":392,"column":5}},{"start":{},"end":{}}],"line":389},"61":{"loc":{"start":{"line":397,"column":6},"end":{"line":399,"column":7}},"type":"if","locations":[{"start":{"line":397,"column":6},"end":{"line":399,"column":7}},{"start":{},"end":{}}],"line":397},"62":{"loc":{"start":{"line":397,"column":10},"end":{"line":397,"column":57}},"type":"binary-expr","locations":[{"start":{"line":397,"column":10},"end":{"line":397,"column":34}},{"start":{"line":397,"column":38},"end":{"line":397,"column":57}}],"line":397},"63":{"loc":{"start":{"line":400,"column":6},"end":{"line":402,"column":7}},"type":"if","locations":[{"start":{"line":400,"column":6},"end":{"line":402,"column":7}},{"start":{},"end":{}}],"line":400},"64":{"loc":{"start":{"line":400,"column":10},"end":{"line":400,"column":63}},"type":"binary-expr","locations":[{"start":{"line":400,"column":10},"end":{"line":400,"column":37}},{"start":{"line":400,"column":41},"end":{"line":400,"column":63}}],"line":400},"65":{"loc":{"start":{"line":422,"column":4},"end":{"line":425,"column":5}},"type":"if","locations":[{"start":{"line":422,"column":4},"end":{"line":425,"column":5}},{"start":{},"end":{}}],"line":422}},"s":{"0":1,"1":1,"2":3,"3":1,"4":1,"5":1,"6":3,"7":3,"8":0,"9":0,"10":0,"11":0,"12":0,"13":0,"14":0,"15":0,"16":0,"17":0,"18":0,"19":0,"20":0,"21":0,"22":0,"23":0,"24":0,"25":0,"26":0,"27":0,"28":0,"29":0,"30":0,"31":0,"32":0,"33":0,"34":0,"35":0,"36":0,"37":0,"38":0,"39":0,"40":0,"41":0,"42":0,"43":0,"44":0,"45":0,"46":0,"47":0,"48":0,"49":0,"50":0,"51":0,"52":0,"53":0,"54":0,"55":5,"56":5,"57":1,"58":1,"59":1,"60":1,"61":1,"62":1,"63":4,"64":3,"65":3,"66":3,"67":3,"68":3,"69":3,"70":0,"71":1,"72":1,"73":1,"74":1,"75":1,"76":0,"77":1,"78":1,"79":1,"80":1,"81":0,"82":1,"83":1,"84":1,"85":0,"86":1,"87":1,"88":0,"89":1,"90":0,"91":1,"92":0,"93":0,"94":0,"95":1,"96":1,"97":1,"98":0,"99":0,"100":0,"101":0,"102":0,"103":0,"104":0,"105":0,"106":0,"107":0,"108":0,"109":0,"110":0,"111":0,"112":0,"113":0,"114":0,"115":0,"116":0,"117":0,"118":0,"119":0,"120":0,"121":0,"122":0,"123":0,"124":0,"125":0,"126":0,"127":0,"128":0,"129":0,"130":0,"131":0,"132":0,"133":0,"134":0,"135":0,"136":0,"137":0,"138":0,"139":0,"140":0,"141":0,"142":0,"143":0,"144":0,"145":0,"146":0,"147":0,"148":0,"149":0,"150":0,"151":0,"152":0,"153":0,"154":0,"155":0,"156":0,"157":0,"158":0,"159":0,"160":0,"161":0,"162":0,"163":0,"164":0,"165":0,"166":0,"167":0,"168":0,"169":0,"170":0,"171":0,"172":0,"173":0,"174":0,"175":0,"176":0,"177":0,"178":0,"179":0,"180":0,"181":0,"182":0,"183":0,"184":0,"185":0,"186":0,"187":0,"188":0,"189":0,"190":0,"191":0,"192":0,"193":0,"194":0,"195":0,"196":0,"197":0,"198":0,"199":0,"200":0},"f":{"0":1,"1":3,"2":1,"3":1,"4":1,"5":3,"6":3,"7":0,"8":0,"9":0,"10":0,"11":0,"12":0,"13":0,"14":0,"15":0,"16":5,"17":5,"18":1,"19":1,"20":1,"21":1,"22":1,"23":1,"24":4,"25":3,"26":3,"27":3,"28":3,"29":0,"30":1,"31":1,"32":1,"33":1,"34":0,"35":1,"36":1,"37":1,"38":0,"39":1,"40":0,"41":0,"42":0,"43":0,"44":0,"45":0,"46":0,"47":0,"48":0,"49":0,"50":0,"51":0,"52":0,"53":0,"54":0,"55":0,"56":0,"57":0,"58":0,"59":0},"b":{"0":[0,0],"1":[0,0],"2":[0,0],"3":[0,0],"4":[0,0],"5":[0,0],"6":[0,0],"7":[0,0],"8":[0,0],"9":[1,0],"10":[3,3],"11":[3,3],"12":[3,3],"13":[3,3],"14":[3,3],"15":[3,0],"16":[3,0],"17":[3,3],"18":[3,0],"19":[0,0],"20":[1,0],"21":[1,0],"22":[1,0],"23":[0,0],"24":[1,1],"25":[0,1],"26":[0,1],"27":[0,1],"28":[0,1],"29":[0,1],"30":[0,0],"31":[0,0],"32":[0,0],"33":[1,0],"34":[1,0],"35":[1,1],"36":[0,0],"37":[0,0],"38":[0,0],"39":[0,0],"40":[0,0],"41":[0,0],"42":[0,0],"43":[0,0],"44":[0,0],"45":[0,0],"46":[0,0],"47":[0,0],"48":[0,0],"49":[0,0],"50":[0,0],"51":[0,0],"52":[0,0],"53":[0,0],"54":[0,0],"55":[0,0],"56":[0,0],"57":[0,0],"58":[0,0],"59":[0,0],"60":[0,0],"61":[0,0],"62":[0,0],"63":[0,0],"64":[0,0],"65":[0,0]},"_coverageSchema":"1a1c01bbd47fc00a2c39e90264f33305004495a9","hash":"3ca794df96a0a7c8322066744071a6fe202d62ca"}
,"C:\\Users\\Jazzy\\Pictures\\thesis-app\\NutriCycle-RN-App\\src\\theme\\colors.ts": {"path":"C:\\Users\\Jazzy\\Pictures\\thesis-app\\NutriCycle-RN-App\\src\\theme\\colors.ts","statementMap":{"0":{"start":{"line":2,"column":22},"end":{"line":44,"column":10}}},"fnMap":{},"branchMap":{},"s":{"0":3},"f":{},"b":{},"_coverageSchema":"1a1c01bbd47fc00a2c39e90264f33305004495a9","hash":"75b0668d2c366264ffdc0a8f250b864ce817a008"}
,"C:\\Users\\Jazzy\\Pictures\\thesis-app\\NutriCycle-RN-App\\src\\types\\index.ts": {"path":"C:\\Users\\Jazzy\\Pictures\\thesis-app\\NutriCycle-RN-App\\src\\types\\index.ts","statementMap":{},"fnMap":{},"branchMap":{},"s":{},"f":{},"b":{}}
}
