TN:
SF:src\components\BottomNavigation.tsx
FN:21,BottomNavigation
FN:26,(anonymous_1)
FN:35,(anonymous_2)
FN:47,(anonymous_3)
FN:70,(anonymous_4)
FN:79,(anonymous_5)
FNF:6
FNH:0
FNDA:0,BottomNavigation
FNDA:0,(anonymous_1)
FNDA:0,(anonymous_2)
FNDA:0,(anonymous_3)
FNDA:0,(anonymous_4)
FNDA:0,(anonymous_5)
DA:7,0
DA:14,0
DA:22,0
DA:23,0
DA:25,0
DA:27,0
DA:28,0
DA:35,0
DA:36,0
DA:39,0
DA:44,0
DA:47,0
DA:48,0
DA:50,0
DA:55,0
DA:56,0
DA:59,0
DA:71,0
DA:72,0
DA:73,0
DA:75,0
DA:79,0
DA:94,0
LF:23
LH:0
BRDA:21,0,0,0
BRDA:27,1,0,0
BRDA:27,1,1,0
BRDA:36,2,0,0
BRDA:36,2,1,0
BRDA:48,3,0,0
BRDA:48,3,1,0
BRDA:72,4,0,0
BRDA:72,4,1,0
BRDA:83,5,0,0
BRDA:83,5,1,0
BRDA:85,6,0,0
BRDA:85,6,1,0
BRF:13
BRH:0
end_of_record
TN:
SF:src\components\ControlPanel.tsx
FN:7,ControlPanel
FN:14,(anonymous_1)
FN:22,(anonymous_2)
FN:28,(anonymous_3)
FN:53,(anonymous_4)
FN:75,(anonymous_5)
FN:88,(anonymous_6)
FN:136,(anonymous_7)
FN:151,(anonymous_8)
FNF:9
FNH:0
FNDA:0,ControlPanel
FNDA:0,(anonymous_1)
FNDA:0,(anonymous_2)
FNDA:0,(anonymous_3)
FNDA:0,(anonymous_4)
FNDA:0,(anonymous_5)
FNDA:0,(anonymous_6)
FNDA:0,(anonymous_7)
FNDA:0,(anonymous_8)
DA:8,0
DA:9,0
DA:10,0
DA:11,0
DA:14,0
DA:15,0
DA:16,0
DA:17,0
DA:18,0
DA:22,0
DA:23,0
DA:24,0
DA:28,0
DA:29,0
DA:30,0
DA:31,0
DA:34,0
DA:35,0
DA:37,0
DA:40,0
DA:41,0
DA:43,0
DA:44,0
DA:46,0
DA:47,0
DA:49,0
DA:53,0
DA:54,0
DA:55,0
DA:56,0
DA:57,0
DA:60,0
DA:61,0
DA:63,0
DA:64,0
DA:65,0
DA:66,0
DA:68,0
DA:69,0
DA:71,0
DA:75,0
DA:76,0
DA:78,0
DA:80,0
DA:82,0
DA:84,0
DA:88,0
DA:89,0
DA:91,0
DA:93,0
DA:95,0
DA:97,0
DA:101,0
DA:102,0
DA:103,0
DA:105,0
DA:136,0
DA:151,0
DA:163,0
LF:59
LH:0
BRDA:15,0,0,0
BRDA:15,0,1,0
BRDA:17,1,0,0
BRDA:17,1,1,0
BRDA:23,2,0,0
BRDA:23,2,1,0
BRDA:29,3,0,0
BRDA:29,3,1,0
BRDA:40,4,0,0
BRDA:40,4,1,0
BRDA:54,5,0,0
BRDA:54,5,1,0
BRDA:76,6,0,0
BRDA:76,6,1,0
BRDA:76,6,2,0
BRDA:76,6,3,0
BRDA:89,7,0,0
BRDA:89,7,1,0
BRDA:89,7,2,0
BRDA:89,7,3,0
BRDA:102,8,0,0
BRDA:102,8,1,0
BRDA:103,9,0,0
BRDA:103,9,1,0
BRDA:109,10,0,0
BRDA:109,10,1,0
BRDA:111,11,0,0
BRDA:111,11,1,0
BRDA:114,12,0,0
BRDA:114,12,1,0
BRDA:117,13,0,0
BRDA:117,13,1,0
BRDA:120,14,0,0
BRDA:120,14,1,0
BRDA:122,15,0,0
BRDA:122,15,1,0
BRDA:125,16,0,0
BRDA:125,16,1,0
BRDA:128,17,0,0
BRDA:128,17,1,0
BRF:40
BRH:0
end_of_record
TN:
SF:src\components\HistoryDetailsModal.tsx
FN:20,HistoryDetailsModal
FN:49,(anonymous_1)
FNF:2
FNH:0
FNDA:0,HistoryDetailsModal
FNDA:0,(anonymous_1)
DA:21,0
DA:23,0
DA:50,0
DA:79,0
LF:4
LH:0
BRF:0
BRH:0
end_of_record
TN:
SF:src\components\MachineIcon.tsx
FN:11,MachineIcon
FNF:1
FNH:0
FNDA:0,MachineIcon
DA:12,0
DA:13,0
DA:14,0
DA:16,0
LF:4
LH:0
BRDA:11,0,0,0
BRDA:11,1,0,0
BRF:2
BRH:0
end_of_record
TN:
SF:src\components\ScreenTitle.tsx
FN:10,ScreenTitle
FNF:1
FNH:1
FNDA:8,ScreenTitle
DA:11,8
DA:14,1
LF:2
LH:2
BRF:0
BRH:0
end_of_record
TN:
SF:src\components\SplashScreen.tsx
FN:12,SplashScreen
FN:18,(anonymous_1)
FN:21,(anonymous_2)
FN:35,(anonymous_3)
FN:52,(anonymous_4)
FN:54,(anonymous_5)
FN:56,(anonymous_6)
FN:61,(anonymous_7)
FN:72,(anonymous_8)
FN:101,(anonymous_9)
FNF:10
FNH:0
FNDA:0,SplashScreen
FNDA:0,(anonymous_1)
FNDA:0,(anonymous_2)
FNDA:0,(anonymous_3)
FNDA:0,(anonymous_4)
FNDA:0,(anonymous_5)
FNDA:0,(anonymous_6)
FNDA:0,(anonymous_7)
FNDA:0,(anonymous_8)
FNDA:0,(anonymous_9)
DA:5,0
DA:13,0
DA:14,0
DA:15,0
DA:17,0
DA:18,0
DA:21,0
DA:22,0
DA:23,0
DA:32,0
DA:35,0
DA:36,0
DA:52,0
DA:54,0
DA:55,0
DA:56,0
DA:61,0
DA:62,0
DA:63,0
DA:64,0
DA:65,0
DA:68,0
DA:73,0
DA:74,0
DA:78,0
DA:80,0
DA:86,0
DA:95,0
DA:102,0
DA:121,0
LF:30
LH:0
BRDA:12,0,0,0
BRDA:14,1,0,0
BRDA:14,1,1,0
BRDA:62,2,0,0
BRDA:62,2,1,0
BRDA:78,3,0,0
BRDA:78,3,1,0
BRF:7
BRH:0
end_of_record
TN:
SF:src\components\TelemetryCard.tsx
FN:6,TelemetryCard
FNF:1
FNH:1
FNDA:12,TelemetryCard
DA:7,12
DA:8,12
DA:9,12
DA:10,12
DA:11,12
DA:12,12
DA:14,12
DA:47,1
LF:8
LH:8
BRDA:7,0,0,12
BRDA:7,0,1,2
BRDA:8,1,0,12
BRDA:8,1,1,2
BRDA:9,2,0,12
BRDA:9,2,1,2
BRDA:10,3,0,12
BRDA:10,3,1,2
BRDA:11,4,0,12
BRDA:11,4,1,2
BRDA:12,5,0,12
BRDA:12,5,1,2
BRF:12
BRH:12
end_of_record
TN:
SF:src\config\api.ts
FN:4,getApiBaseUrl
FN:17,fetchWithAuth
FN:34,(anonymous_2)
FNF:3
FNH:2
FNDA:29,getApiBaseUrl
FNDA:25,fetchWithAuth
FNDA:0,(anonymous_2)
DA:5,29
DA:6,29
DA:7,29
DA:8,20
DA:9,20
DA:10,20
DA:12,9
DA:13,9
DA:18,25
DA:19,25
DA:20,2
DA:23,23
DA:24,22
DA:31,22
DA:32,22
DA:33,22
DA:34,3
DA:35,3
DA:37,19
LF:19
LH:19
BRDA:7,0,0,29
BRDA:7,0,1,19
BRDA:8,1,0,20
BRDA:8,1,1,20
BRDA:9,2,0,20
BRDA:9,2,1,1
BRDA:9,2,2,1
BRDA:12,3,0,9
BRDA:12,3,1,2
BRDA:19,4,0,2
BRDA:19,4,1,23
BRDA:27,5,0,21
BRDA:27,5,1,1
BRDA:31,6,0,21
BRDA:31,6,1,1
BRDA:33,7,0,3
BRDA:33,7,1,19
BRF:17
BRH:17
end_of_record
TN:
SF:src\config\firebase.ts
FNF:0
FNH:0
DA:7,1
DA:17,1
DA:20,1
DA:23,1
LF:4
LH:4
BRF:0
BRH:0
end_of_record
TN:
SF:src\navigation\BatchSessionNavigator.tsx
FN:11,BatchSessionNavigator
FN:14,CustomTabBar
FN:18,(anonymous_2)
FN:25,(anonymous_3)
FN:52,(anonymous_4)
FNF:5
FNH:0
FNDA:0,BatchSessionNavigator
FNDA:0,CustomTabBar
FNDA:0,(anonymous_2)
FNDA:0,(anonymous_3)
FNDA:0,(anonymous_4)
DA:9,0
DA:12,0
DA:15,0
DA:19,0
DA:20,0
DA:22,0
DA:25,0
DA:50,0
DA:52,0
LF:9
LH:0
BRDA:29,0,0,0
BRDA:29,0,1,0
BRDA:30,1,0,0
BRDA:30,1,1,0
BRF:4
BRH:0
end_of_record
TN:
SF:src\navigation\MainNavigator.tsx
FN:12,MainNavigator
FN:42,(anonymous_1)
FN:51,(anonymous_2)
FN:60,(anonymous_3)
FNF:4
FNH:0
FNDA:0,MainNavigator
FNDA:0,(anonymous_1)
FNDA:0,(anonymous_2)
FNDA:0,(anonymous_3)
DA:10,0
DA:13,0
DA:15,0
DA:25,0
DA:43,0
DA:52,0
DA:61,0
LF:7
LH:0
BRF:0
BRH:0
end_of_record
TN:
SF:src\navigation\NavigationService.ts
FN:5,navigate
FNF:1
FNH:0
FNDA:0,navigate
DA:3,0
DA:6,0
DA:7,0
LF:3
LH:0
BRDA:6,0,0,0
BRDA:6,0,1,0
BRF:2
BRH:0
end_of_record
TN:
SF:src\navigation\RootNavigator.tsx
FN:34,RootNavigator
FN:40,(anonymous_1)
FN:42,(anonymous_2)
FN:43,(anonymous_3)
FN:44,(anonymous_4)
FN:47,(anonymous_5)
FN:48,(anonymous_6)
FN:60,(anonymous_7)
FN:61,(anonymous_8)
FN:77,(anonymous_9)
FN:80,(anonymous_10)
FN:97,(anonymous_11)
FN:119,(anonymous_12)
FN:130,(anonymous_13)
FN:137,(anonymous_14)
FN:160,(anonymous_15)
FN:215,(anonymous_16)
FN:225,(anonymous_17)
FNF:18
FNH:0
FNDA:0,RootNavigator
FNDA:0,(anonymous_1)
FNDA:0,(anonymous_2)
FNDA:0,(anonymous_3)
FNDA:0,(anonymous_4)
FNDA:0,(anonymous_5)
FNDA:0,(anonymous_6)
FNDA:0,(anonymous_7)
FNDA:0,(anonymous_8)
FNDA:0,(anonymous_9)
FNDA:0,(anonymous_10)
FNDA:0,(anonymous_11)
FNDA:0,(anonymous_12)
FNDA:0,(anonymous_13)
FNDA:0,(anonymous_14)
FNDA:0,(anonymous_15)
FNDA:0,(anonymous_16)
FNDA:0,(anonymous_17)
DA:32,0
DA:35,0
DA:36,0
DA:37,0
DA:38,0
DA:39,0
DA:40,0
DA:42,0
DA:43,0
DA:44,0
DA:47,0
DA:48,0
DA:49,0
DA:50,0
DA:51,0
DA:53,0
DA:56,0
DA:60,0
DA:61,0
DA:62,0
DA:64,0
DA:66,0
DA:67,0
DA:69,0
DA:73,0
DA:77,0
DA:80,0
DA:82,0
DA:83,0
DA:84,0
DA:87,0
DA:88,0
DA:90,0
DA:91,0
DA:94,0
DA:95,0
DA:98,0
DA:99,0
DA:102,0
DA:103,0
DA:104,0
DA:105,0
DA:106,0
DA:107,0
DA:108,0
DA:113,0
DA:120,0
DA:126,0
DA:127,0
DA:130,0
DA:131,0
DA:132,0
DA:137,0
DA:138,0
DA:139,0
DA:142,0
DA:144,0
DA:145,0
DA:149,0
DA:150,0
DA:151,0
DA:152,0
DA:153,0
DA:156,0
DA:161,0
DA:162,0
DA:216,0
DA:223,0
DA:226,0
DA:232,0
DA:233,0
LF:71
LH:0
BRDA:64,0,0,0
BRDA:64,0,1,0
BRDA:83,1,0,0
BRDA:83,1,1,0
BRDA:88,2,0,0
BRDA:88,2,1,0
BRDA:98,3,0,0
BRDA:98,3,1,0
BRDA:102,4,0,0
BRDA:102,4,1,0
BRDA:102,5,0,0
BRDA:102,5,1,0
BRDA:126,6,0,0
BRDA:126,6,1,0
BRDA:126,7,0,0
BRDA:126,7,1,0
BRDA:131,8,0,0
BRDA:131,8,1,0
BRDA:142,9,0,0
BRDA:142,9,1,0
BRDA:142,9,2,0
BRDA:144,10,0,0
BRDA:144,10,1,0
BRDA:144,11,0,0
BRDA:144,11,1,0
BRDA:150,12,0,0
BRDA:150,12,1,0
BRDA:152,13,0,0
BRDA:152,13,1,0
BRDA:210,14,0,0
BRDA:210,14,1,0
BRDA:213,15,0,0
BRDA:213,15,1,0
BRDA:213,15,2,0
BRDA:213,15,3,0
BRDA:223,16,0,0
BRDA:223,16,1,0
BRDA:223,16,2,0
BRDA:232,17,0,0
BRDA:232,17,1,0
BRF:40
BRH:0
end_of_record
TN:
SF:src\navigation\types.ts
FNF:0
FNH:0
LF:0
LH:0
BRF:0
BRH:0
end_of_record
TN:
SF:src\screens\AboutNutriCycleScreen.tsx
FN:18,(anonymous_0)
FN:26,(anonymous_1)
FNF:2
FNH:0
FNDA:0,(anonymous_0)
FNDA:0,(anonymous_1)
DA:18,0
DA:19,0
DA:21,0
DA:26,0
DA:139,0
LF:5
LH:0
BRDA:150,0,0,0
BRDA:150,0,1,0
BRF:2
BRH:0
end_of_record
TN:
SF:src\screens\AddMachineScreen.tsx
FN:21,AddMachineScreen
FN:32,(anonymous_1)
FN:66,(anonymous_2)
FN:93,(anonymous_3)
FN:165,(anonymous_4)
FN:178,(anonymous_5)
FN:196,(anonymous_6)
FNF:7
FNH:0
FNDA:0,AddMachineScreen
FNDA:0,(anonymous_1)
FNDA:0,(anonymous_2)
FNDA:0,(anonymous_3)
FNDA:0,(anonymous_4)
FNDA:0,(anonymous_5)
FNDA:0,(anonymous_6)
DA:22,0
DA:23,0
DA:24,0
DA:25,0
DA:26,0
DA:27,0
DA:28,0
DA:29,0
DA:30,0
DA:32,0
DA:33,0
DA:34,0
DA:35,0
DA:36,0
DA:39,0
DA:40,0
DA:41,0
DA:42,0
DA:45,0
DA:47,0
DA:49,0
DA:50,0
DA:51,0
DA:52,0
DA:53,0
DA:54,0
DA:57,0
DA:65,0
DA:66,0
DA:67,0
DA:70,0
DA:71,0
DA:74,0
DA:81,0
DA:82,0
DA:83,0
DA:85,0
DA:86,0
DA:87,0
DA:89,0
DA:93,0
DA:95,0
DA:98,0
DA:165,0
DA:178,0
DA:196,0
DA:208,0
LF:47
LH:0
BRDA:33,0,0,0
BRDA:33,0,1,0
BRDA:39,1,0,0
BRDA:39,1,1,0
BRDA:50,2,0,0
BRDA:50,2,1,0
BRDA:65,3,0,0
BRDA:65,3,1,0
BRDA:67,4,0,0
BRDA:67,4,1,0
BRDA:75,5,0,0
BRDA:75,5,1,0
BRDA:76,6,0,0
BRDA:76,6,1,0
BRDA:77,7,0,0
BRDA:77,7,1,0
BRDA:86,8,0,0
BRDA:86,8,1,0
BRDA:102,9,0,0
BRDA:102,9,1,0
BRDA:154,10,0,0
BRDA:154,10,1,0
BRDA:159,11,0,0
BRDA:159,11,1,0
BRDA:171,12,0,0
BRDA:171,12,1,0
BRDA:186,13,0,0
BRDA:186,13,1,0
BRF:28
BRH:0
end_of_record
TN:
SF:src\screens\BatchSessionScreen.tsx
FN:22,BatchSessionScreen
FN:26,(anonymous_1)
FN:29,(anonymous_2)
FN:35,(anonymous_3)
FN:43,(anonymous_4)
FN:76,(anonymous_5)
FNF:6
FNH:0
FNDA:0,BatchSessionScreen
FNDA:0,(anonymous_1)
FNDA:0,(anonymous_2)
FNDA:0,(anonymous_3)
FNDA:0,(anonymous_4)
FNDA:0,(anonymous_5)
DA:23,0
DA:24,0
DA:26,0
DA:27,0
DA:29,0
DA:30,0
DA:31,0
DA:32,0
DA:35,0
DA:36,0
DA:37,0
DA:38,0
DA:40,0
DA:41,0
DA:42,0
DA:43,0
DA:45,0
DA:46,0
DA:47,0
DA:50,0
DA:63,0
DA:64,0
DA:66,0
DA:70,0
DA:73,0
DA:76,0
DA:90,0
LF:27
LH:0
BRDA:27,0,0,0
BRDA:27,0,1,0
BRDA:29,1,0,0
BRDA:29,1,1,0
BRDA:30,2,0,0
BRDA:30,2,1,0
BRDA:41,3,0,0
BRDA:41,3,1,0
BRDA:42,4,0,0
BRDA:42,4,1,0
BRDA:45,5,0,0
BRDA:45,5,1,0
BRDA:55,6,0,0
BRDA:55,6,1,0
BRDA:59,7,0,0
BRDA:59,7,1,0
BRDA:60,8,0,0
BRDA:60,8,1,0
BRF:18
BRH:0
end_of_record
TN:
SF:src\screens\ChangePasswordScreen.tsx
FN:35,(anonymous_0)
FN:51,(anonymous_1)
FN:64,(anonymous_2)
FN:110,(anonymous_3)
FN:132,(anonymous_4)
FN:202,(anonymous_5)
FN:225,(anonymous_6)
FN:251,(anonymous_7)
FN:277,(anonymous_8)
FN:332,(anonymous_9)
FN:352,(anonymous_10)
FN:366,(anonymous_11)
FN:384,(anonymous_12)
FN:390,(anonymous_13)
FN:678,(anonymous_14)
FNF:15
FNH:0
FNDA:0,(anonymous_0)
FNDA:0,(anonymous_1)
FNDA:0,(anonymous_2)
FNDA:0,(anonymous_3)
FNDA:0,(anonymous_4)
FNDA:0,(anonymous_5)
FNDA:0,(anonymous_6)
FNDA:0,(anonymous_7)
FNDA:0,(anonymous_8)
FNDA:0,(anonymous_9)
FNDA:0,(anonymous_10)
FNDA:0,(anonymous_11)
FNDA:0,(anonymous_12)
FNDA:0,(anonymous_13)
FNDA:0,(anonymous_14)
DA:35,0
DA:36,0
DA:37,0
DA:38,0
DA:39,0
DA:40,0
DA:41,0
DA:42,0
DA:43,0
DA:44,0
DA:45,0
DA:46,0
DA:47,0
DA:48,0
DA:49,0
DA:51,0
DA:52,0
DA:61,0
DA:62,0
DA:64,0
DA:65,0
DA:66,0
DA:67,0
DA:70,0
DA:104,0
DA:105,0
DA:106,0
DA:110,0
DA:111,0
DA:112,0
DA:121,0
DA:122,0
DA:126,0
DA:130,0
DA:132,0
DA:133,0
DA:134,0
DA:135,0
DA:136,0
DA:139,0
DA:140,0
DA:141,0
DA:145,0
DA:146,0
DA:147,0
DA:150,0
DA:151,0
DA:152,0
DA:153,0
DA:156,0
DA:157,0
DA:158,0
DA:159,0
DA:160,0
DA:164,0
DA:165,0
DA:168,0
DA:169,0
DA:170,0
DA:174,0
DA:176,0
DA:177,0
DA:178,0
DA:179,0
DA:180,0
DA:181,0
DA:182,0
DA:184,0
DA:185,0
DA:187,0
DA:191,0
DA:202,0
DA:225,0
DA:251,0
DA:277,0
DA:332,0
DA:352,0
DA:366,0
DA:384,0
DA:390,0
DA:401,0
DA:678,0
DA:679,0
LF:83
LH:0
BRDA:65,0,0,0
BRDA:65,0,1,0
BRDA:66,1,0,0
BRDA:66,1,1,0
BRDA:104,2,0,0
BRDA:104,2,1,0
BRDA:106,3,0,0
BRDA:106,3,1,0
BRDA:111,4,0,0
BRDA:111,4,1,0
BRDA:133,5,0,0
BRDA:133,5,1,0
BRDA:133,6,0,0
BRDA:133,6,1,0
BRDA:133,6,2,0
BRDA:139,7,0,0
BRDA:139,7,1,0
BRDA:145,8,0,0
BRDA:145,8,1,0
BRDA:150,9,0,0
BRDA:150,9,1,0
BRDA:159,10,0,0
BRDA:159,10,1,0
BRDA:159,11,0,0
BRDA:159,11,1,0
BRDA:177,12,0,0
BRDA:177,12,1,0
BRDA:179,13,0,0
BRDA:179,13,1,0
BRDA:181,14,0,0
BRDA:181,14,1,0
BRDA:194,15,0,0
BRDA:194,15,1,0
BRDA:195,16,0,0
BRDA:195,16,1,0
BRDA:229,17,0,0
BRDA:229,17,1,0
BRDA:255,18,0,0
BRDA:255,18,1,0
BRDA:281,19,0,0
BRDA:281,19,1,0
BRDA:292,20,0,0
BRDA:292,20,1,0
BRDA:296,21,0,0
BRDA:296,21,1,0
BRDA:306,22,0,0
BRDA:306,22,1,0
BRDA:359,23,0,0
BRDA:359,23,1,0
BRDA:374,24,0,0
BRDA:374,24,1,0
BRDA:418,25,0,0
BRDA:418,25,1,0
BRDA:469,26,0,0
BRDA:469,26,1,0
BRDA:471,27,0,0
BRDA:471,27,1,0
BRDA:682,28,0,0
BRDA:682,28,1,0
BRDA:684,29,0,0
BRDA:684,29,1,0
BRDA:688,30,0,0
BRDA:688,30,1,0
BRF:63
BRH:0
end_of_record
TN:
SF:src\screens\ContactUsScreen.tsx
FN:19,(anonymous_0)
FN:22,(anonymous_1)
FN:37,(anonymous_2)
FNF:3
FNH:0
FNDA:0,(anonymous_0)
FNDA:0,(anonymous_1)
FNDA:0,(anonymous_2)
DA:19,0
DA:20,0
DA:22,0
DA:23,0
DA:24,0
DA:25,0
DA:26,0
DA:27,0
DA:34,0
DA:37,0
DA:71,0
LF:11
LH:0
BRDA:26,0,0,0
BRDA:26,0,1,0
BRDA:82,1,0,0
BRDA:82,1,1,0
BRF:4
BRH:0
end_of_record
TN:
SF:src\screens\DashboardScreen.tsx
FN:25,DashboardScreen
FN:31,(anonymous_1)
FN:35,(anonymous_2)
FN:56,(anonymous_3)
FN:63,(anonymous_4)
FN:74,(anonymous_5)
FN:78,(anonymous_6)
FN:80,(anonymous_7)
FN:86,(anonymous_8)
FN:108,(anonymous_9)
FN:119,(anonymous_10)
FN:138,(anonymous_11)
FN:153,(anonymous_12)
FN:160,(anonymous_13)
FN:179,(anonymous_14)
FN:191,(anonymous_15)
FN:205,(anonymous_16)
FN:215,(anonymous_17)
FNF:18
FNH:0
FNDA:0,DashboardScreen
FNDA:0,(anonymous_1)
FNDA:0,(anonymous_2)
FNDA:0,(anonymous_3)
FNDA:0,(anonymous_4)
FNDA:0,(anonymous_5)
FNDA:0,(anonymous_6)
FNDA:0,(anonymous_7)
FNDA:0,(anonymous_8)
FNDA:0,(anonymous_9)
FNDA:0,(anonymous_10)
FNDA:0,(anonymous_11)
FNDA:0,(anonymous_12)
FNDA:0,(anonymous_13)
FNDA:0,(anonymous_14)
FNDA:0,(anonymous_15)
FNDA:0,(anonymous_16)
FNDA:0,(anonymous_17)
DA:12,0
DA:26,0
DA:27,0
DA:28,0
DA:29,0
DA:31,0
DA:32,0
DA:35,0
DA:36,0
DA:37,0
DA:38,0
DA:41,0
DA:42,0
DA:43,0
DA:45,0
DA:46,0
DA:48,0
DA:52,0
DA:53,0
DA:55,0
DA:56,0
DA:59,0
DA:63,0
DA:68,0
DA:74,0
DA:76,0
DA:78,0
DA:81,0
DA:82,0
DA:83,0
DA:87,0
DA:88,0
DA:89,0
DA:90,0
DA:91,0
DA:94,0
DA:95,0
DA:97,0
DA:102,0
DA:106,0
DA:109,0
DA:110,0
DA:111,0
DA:115,0
DA:119,0
DA:138,0
DA:153,0
DA:161,0
DA:180,0
DA:191,0
DA:205,0
DA:215,0
DA:221,0
LF:53
LH:0
BRDA:38,0,0,0
BRDA:38,0,1,0
BRDA:43,1,0,0
BRDA:43,1,1,0
BRDA:43,2,0,0
BRDA:43,2,1,0
BRDA:52,3,0,0
BRDA:52,3,1,0
BRDA:55,4,0,0
BRDA:55,4,1,0
BRDA:63,5,0,0
BRDA:74,6,0,0
BRDA:74,6,1,0
BRDA:78,7,0,0
BRDA:78,7,1,0
BRDA:81,8,0,0
BRDA:81,8,1,0
BRDA:81,9,0,0
BRDA:81,9,1,0
BRDA:82,10,0,0
BRDA:82,10,1,0
BRDA:82,11,0,0
BRDA:82,11,1,0
BRDA:87,12,0,0
BRDA:87,12,1,0
BRDA:90,13,0,0
BRDA:90,13,1,0
BRDA:91,14,0,0
BRDA:91,14,1,0
BRDA:97,15,0,0
BRDA:97,15,1,0
BRDA:99,16,0,0
BRDA:99,16,1,0
BRDA:109,17,0,0
BRDA:109,17,1,0
BRDA:109,18,0,0
BRDA:109,18,1,0
BRDA:110,19,0,0
BRDA:110,19,1,0
BRDA:110,20,0,0
BRDA:110,20,1,0
BRDA:138,21,0,0
BRDA:172,22,0,0
BRDA:172,22,1,0
BRDA:176,23,0,0
BRDA:176,23,1,0
BRDA:182,24,0,0
BRDA:182,24,1,0
BRDA:188,25,0,0
BRDA:188,25,1,0
BRF:50
BRH:0
end_of_record
TN:
SF:src\screens\HistoryScreen.tsx
FN:37,(anonymous_0)
FN:48,(anonymous_1)
FN:54,(anonymous_2)
FN:59,(anonymous_3)
FN:82,(anonymous_4)
FN:128,(anonymous_5)
FN:132,(anonymous_6)
FN:139,(anonymous_7)
FN:143,(anonymous_8)
FN:154,(anonymous_9)
FN:158,(anonymous_10)
FN:255,(anonymous_11)
FN:269,(anonymous_12)
FNF:13
FNH:0
FNDA:0,(anonymous_0)
FNDA:0,(anonymous_1)
FNDA:0,(anonymous_2)
FNDA:0,(anonymous_3)
FNDA:0,(anonymous_4)
FNDA:0,(anonymous_5)
FNDA:0,(anonymous_6)
FNDA:0,(anonymous_7)
FNDA:0,(anonymous_8)
FNDA:0,(anonymous_9)
FNDA:0,(anonymous_10)
FNDA:0,(anonymous_11)
FNDA:0,(anonymous_12)
DA:37,0
DA:38,0
DA:39,0
DA:40,0
DA:41,0
DA:42,0
DA:43,0
DA:44,0
DA:45,0
DA:48,0
DA:49,0
DA:53,0
DA:55,0
DA:59,0
DA:60,0
DA:61,0
DA:62,0
DA:64,0
DA:66,0
DA:68,0
DA:72,0
DA:73,0
DA:76,0
DA:80,0
DA:82,0
DA:84,0
DA:85,0
DA:115,0
DA:117,0
DA:118,0
DA:120,0
DA:121,0
DA:123,0
DA:128,0
DA:129,0
DA:132,0
DA:133,0
DA:139,0
DA:140,0
DA:143,0
DA:144,0
DA:145,0
DA:148,0
DA:149,0
DA:150,0
DA:154,0
DA:155,0
DA:158,0
DA:159,0
DA:217,0
DA:255,0
DA:269,0
DA:314,0
LF:53
LH:0
BRDA:59,0,0,0
BRDA:61,1,0,0
BRDA:61,1,1,0
BRDA:72,2,0,0
BRDA:72,2,1,0
BRDA:84,3,0,0
BRDA:84,3,1,0
BRDA:87,4,0,0
BRDA:87,4,1,0
BRDA:87,4,2,0
BRDA:89,5,0,0
BRDA:89,5,1,0
BRDA:100,6,0,0
BRDA:100,6,1,0
BRDA:120,7,0,0
BRDA:120,7,1,0
BRDA:144,8,0,0
BRDA:144,8,1,0
BRDA:148,9,0,0
BRDA:148,9,1,0
BRDA:166,10,0,0
BRDA:166,10,1,0
BRDA:167,11,0,0
BRDA:167,11,1,0
BRDA:168,12,0,0
BRDA:168,12,1,0
BRDA:172,13,0,0
BRDA:172,13,1,0
BRDA:173,14,0,0
BRDA:173,14,1,0
BRDA:174,15,0,0
BRDA:174,15,1,0
BRDA:198,16,0,0
BRDA:198,16,1,0
BRDA:199,17,0,0
BRDA:199,17,1,0
BRDA:200,18,0,0
BRDA:200,18,1,0
BRDA:209,19,0,0
BRDA:209,19,1,0
BRDA:209,20,0,0
BRDA:209,20,1,0
BRDA:239,21,0,0
BRDA:239,21,1,0
BRDA:245,22,0,0
BRDA:245,22,1,0
BRDA:250,23,0,0
BRDA:250,23,1,0
BRDA:260,24,0,0
BRDA:260,24,1,0
BRDA:276,25,0,0
BRDA:276,25,1,0
BRDA:276,25,2,0
BRDA:278,26,0,0
BRDA:278,26,1,0
BRDA:288,27,0,0
BRDA:288,27,1,0
BRDA:288,27,2,0
BRDA:293,28,0,0
BRDA:293,28,1,0
BRDA:344,29,0,0
BRDA:344,29,1,0
BRDA:346,30,0,0
BRDA:346,30,1,0
BRDA:362,31,0,0
BRDA:362,31,1,0
BRDA:364,32,0,0
BRDA:364,32,1,0
BRF:68
BRH:0
end_of_record
TN:
SF:src\screens\MachineLobbyScreen.tsx
FN:29,MachineLobbyScreen
FN:41,(anonymous_1)
FN:45,(anonymous_2)
FN:99,(anonymous_3)
FN:104,(anonymous_4)
FN:108,(anonymous_5)
FN:116,(anonymous_6)
FN:123,(anonymous_7)
FN:129,(anonymous_8)
FN:142,(anonymous_9)
FN:147,(anonymous_10)
FN:161,(anonymous_11)
FN:167,(anonymous_12)
FN:173,(anonymous_13)
FN:174,(anonymous_14)
FN:175,(anonymous_15)
FN:185,(anonymous_16)
FN:193,(anonymous_17)
FN:196,(anonymous_18)
FN:238,(anonymous_19)
FN:239,(anonymous_20)
FN:280,(anonymous_21)
FNF:22
FNH:0
FNDA:0,MachineLobbyScreen
FNDA:0,(anonymous_1)
FNDA:0,(anonymous_2)
FNDA:0,(anonymous_3)
FNDA:0,(anonymous_4)
FNDA:0,(anonymous_5)
FNDA:0,(anonymous_6)
FNDA:0,(anonymous_7)
FNDA:0,(anonymous_8)
FNDA:0,(anonymous_9)
FNDA:0,(anonymous_10)
FNDA:0,(anonymous_11)
FNDA:0,(anonymous_12)
FNDA:0,(anonymous_13)
FNDA:0,(anonymous_14)
FNDA:0,(anonymous_15)
FNDA:0,(anonymous_16)
FNDA:0,(anonymous_17)
FNDA:0,(anonymous_18)
FNDA:0,(anonymous_19)
FNDA:0,(anonymous_20)
FNDA:0,(anonymous_21)
DA:30,0
DA:31,0
DA:33,0
DA:34,0
DA:35,0
DA:36,0
DA:37,0
DA:38,0
DA:39,0
DA:41,0
DA:42,0
DA:45,0
DA:46,0
DA:47,0
DA:48,0
DA:49,0
DA:50,0
DA:51,0
DA:52,0
DA:56,0
DA:57,0
DA:58,0
DA:59,0
DA:60,0
DA:63,0
DA:66,0
DA:67,0
DA:69,0
DA:70,0
DA:71,0
DA:76,0
DA:79,0
DA:80,0
DA:83,0
DA:84,0
DA:86,0
DA:88,0
DA:89,0
DA:91,0
DA:99,0
DA:100,0
DA:101,0
DA:104,0
DA:105,0
DA:108,0
DA:109,0
DA:114,0
DA:116,0
DA:117,0
DA:118,0
DA:119,0
DA:120,0
DA:123,0
DA:124,0
DA:125,0
DA:126,0
DA:129,0
DA:130,0
DA:131,0
DA:132,0
DA:133,0
DA:134,0
DA:136,0
DA:137,0
DA:142,0
DA:143,0
DA:144,0
DA:147,0
DA:148,0
DA:149,0
DA:150,0
DA:151,0
DA:152,0
DA:153,0
DA:155,0
DA:156,0
DA:161,0
DA:162,0
DA:163,0
DA:164,0
DA:167,0
DA:168,0
DA:169,0
DA:171,0
DA:173,0
DA:174,0
DA:175,0
DA:185,0
DA:193,0
DA:196,0
DA:239,0
DA:240,0
DA:252,0
DA:280,0
DA:343,0
LF:95
LH:0
BRDA:49,0,0,0
BRDA:49,0,1,0
BRDA:57,1,0,0
BRDA:57,1,1,0
BRDA:69,2,0,0
BRDA:69,2,1,0
BRDA:80,3,0,0
BRDA:80,3,1,0
BRDA:80,3,2,0
BRDA:130,4,0,0
BRDA:130,4,1,0
BRDA:148,5,0,0
BRDA:148,5,1,0
BRDA:148,6,0,0
BRDA:148,6,1,0
BRDA:174,7,0,0
BRDA:174,7,1,0
BRDA:175,8,0,0
BRDA:175,8,1,0
BRDA:178,9,0,0
BRDA:178,9,1,0
BRDA:185,10,0,0
BRDA:185,10,1,0
BRDA:191,11,0,0
BRDA:191,11,1,0
BRDA:215,12,0,0
BRDA:215,12,1,0
BRDA:216,13,0,0
BRDA:216,13,1,0
BRDA:230,14,0,0
BRDA:230,14,1,0
BRDA:238,15,0,0
BRDA:238,15,1,0
BRDA:239,16,0,0
BRDA:239,16,1,0
BRDA:241,17,0,0
BRDA:241,17,1,0
BRDA:242,18,0,0
BRDA:242,18,1,0
BRDA:242,19,0,0
BRDA:242,19,1,0
BRDA:263,20,0,0
BRDA:263,20,1,0
BRDA:268,21,0,0
BRDA:268,21,1,0
BRDA:290,22,0,0
BRDA:290,22,1,0
BRDA:297,23,0,0
BRDA:297,23,1,0
BRDA:314,24,0,0
BRDA:314,24,1,0
BRDA:314,24,2,0
BRF:52
BRH:0
end_of_record
TN:
SF:src\screens\MachineScreen.tsx
FN:9,MachineScreen
FNF:1
FNH:0
FNDA:0,MachineScreen
DA:10,0
DA:12,0
DA:53,0
LF:3
LH:0
BRDA:17,0,0,0
BRDA:17,0,1,0
BRDA:18,1,0,0
BRDA:18,1,1,0
BRDA:25,2,0,0
BRDA:25,2,1,0
BRF:6
BRH:0
end_of_record
TN:
SF:src\screens\NewBatchScreen.tsx
FN:10,NewBatchScreen
FN:20,(anonymous_1)
FN:27,(anonymous_2)
FN:29,(anonymous_3)
FN:138,(anonymous_4)
FN:151,(anonymous_5)
FN:159,(anonymous_6)
FNF:7
FNH:0
FNDA:0,NewBatchScreen
FNDA:0,(anonymous_1)
FNDA:0,(anonymous_2)
FNDA:0,(anonymous_3)
FNDA:0,(anonymous_4)
FNDA:0,(anonymous_5)
FNDA:0,(anonymous_6)
DA:11,0
DA:12,0
DA:14,0
DA:15,0
DA:16,0
DA:17,0
DA:18,0
DA:20,0
DA:21,0
DA:22,0
DA:23,0
DA:27,0
DA:29,0
DA:30,0
DA:31,0
DA:32,0
DA:35,0
DA:36,0
DA:37,0
DA:40,0
DA:41,0
DA:42,0
DA:43,0
DA:46,0
DA:47,0
DA:48,0
DA:51,0
DA:53,0
DA:54,0
DA:64,0
DA:66,0
DA:67,0
DA:69,0
DA:72,0
DA:82,0
DA:84,0
DA:85,0
DA:86,0
DA:88,0
DA:89,0
DA:91,0
DA:92,0
DA:93,0
DA:94,0
DA:95,0
DA:96,0
DA:98,0
DA:103,0
DA:138,0
DA:151,0
DA:159,0
DA:171,0
LF:52
LH:0
BRDA:30,0,0,0
BRDA:30,0,1,0
BRDA:35,1,0,0
BRDA:35,1,1,0
BRDA:35,2,0,0
BRDA:35,2,1,0
BRDA:41,3,0,0
BRDA:41,3,1,0
BRDA:41,4,0,0
BRDA:41,4,1,0
BRDA:46,5,0,0
BRDA:46,5,1,0
BRDA:69,6,0,0
BRDA:69,6,1,0
BRDA:73,7,0,0
BRDA:73,7,1,0
BRDA:89,8,0,0
BRDA:89,8,1,0
BRDA:91,9,0,0
BRDA:91,9,1,0
BRDA:93,10,0,0
BRDA:93,10,1,0
BRDA:95,11,0,0
BRDA:95,11,1,0
BRDA:124,12,0,0
BRDA:124,12,1,0
BRDA:129,13,0,0
BRDA:129,13,1,0
BRF:28
BRH:0
end_of_record
TN:
SF:src\screens\NotificationsScreen.tsx
FN:19,(anonymous_0)
FN:25,(anonymous_1)
FN:42,(anonymous_2)
FN:63,(anonymous_3)
FNF:4
FNH:0
FNDA:0,(anonymous_0)
FNDA:0,(anonymous_1)
FNDA:0,(anonymous_2)
FNDA:0,(anonymous_3)
DA:19,0
DA:20,0
DA:21,0
DA:22,0
DA:23,0
DA:25,0
DA:36,0
DA:42,0
DA:58,0
DA:63,0
DA:96,0
LF:11
LH:0
BRDA:50,0,0,0
BRDA:50,0,1,0
BRDA:107,1,0,0
BRDA:107,1,1,0
BRDA:147,2,0,0
BRDA:147,2,1,0
BRDA:149,3,0,0
BRDA:149,3,1,0
BRF:8
BRH:0
end_of_record
TN:
SF:src\screens\OnboardingScreen.tsx
FN:37,(anonymous_0)
FN:43,(anonymous_1)
FN:55,(anonymous_2)
FN:56,(anonymous_3)
FN:75,(anonymous_4)
FN:82,(anonymous_5)
FNF:6
FNH:0
FNDA:0,(anonymous_0)
FNDA:0,(anonymous_1)
FNDA:0,(anonymous_2)
FNDA:0,(anonymous_3)
FNDA:0,(anonymous_4)
FNDA:0,(anonymous_5)
DA:17,0
DA:19,0
DA:37,0
DA:38,0
DA:39,0
DA:40,0
DA:41,0
DA:43,0
DA:44,0
DA:45,0
DA:46,0
DA:47,0
DA:48,0
DA:50,0
DA:51,0
DA:54,0
DA:56,0
DA:57,0
DA:68,0
DA:76,0
DA:77,0
DA:83,0
DA:101,0
LF:23
LH:0
BRDA:45,0,0,0
BRDA:45,0,1,0
BRDA:61,1,0,0
BRDA:61,1,1,0
BRDA:77,2,0,0
BRDA:77,2,1,0
BRDA:94,3,0,0
BRDA:94,3,1,0
BRF:8
BRH:0
end_of_record
TN:
SF:src\screens\PrivacyNoticeScreen.tsx
FN:18,(anonymous_0)
FN:21,(anonymous_1)
FN:25,(anonymous_2)
FN:29,(anonymous_3)
FN:41,(anonymous_4)
FNF:5
FNH:0
FNDA:0,(anonymous_0)
FNDA:0,(anonymous_1)
FNDA:0,(anonymous_2)
FNDA:0,(anonymous_3)
FNDA:0,(anonymous_4)
DA:18,0
DA:19,0
DA:21,0
DA:22,0
DA:25,0
DA:26,0
DA:29,0
DA:30,0
DA:36,0
DA:41,0
DA:124,0
LF:11
LH:0
BRDA:135,0,0,0
BRDA:135,0,1,0
BRF:2
BRH:0
end_of_record
TN:
SF:src\screens\ProcessScreen.tsx
FN:10,(anonymous_0)
FN:20,(anonymous_1)
FN:67,ProcessScreen
FN:79,(anonymous_3)
FN:82,(anonymous_4)
FN:86,(anonymous_5)
FN:91,(anonymous_6)
FN:94,(anonymous_7)
FN:144,(anonymous_8)
FN:187,(anonymous_9)
FN:248,(anonymous_10)
FN:269,(anonymous_11)
FN:279,(anonymous_12)
FN:283,(anonymous_13)
FN:288,(anonymous_14)
FN:295,(anonymous_15)
FN:305,(anonymous_16)
FN:309,(anonymous_17)
FN:313,(anonymous_18)
FN:316,(anonymous_19)
FN:324,(anonymous_20)
FN:397,(anonymous_21)
FN:462,(anonymous_22)
FNF:23
FNH:0
FNDA:0,(anonymous_0)
FNDA:0,(anonymous_1)
FNDA:0,ProcessScreen
FNDA:0,(anonymous_3)
FNDA:0,(anonymous_4)
FNDA:0,(anonymous_5)
FNDA:0,(anonymous_6)
FNDA:0,(anonymous_7)
FNDA:0,(anonymous_8)
FNDA:0,(anonymous_9)
FNDA:0,(anonymous_10)
FNDA:0,(anonymous_11)
FNDA:0,(anonymous_12)
FNDA:0,(anonymous_13)
FNDA:0,(anonymous_14)
FNDA:0,(anonymous_15)
FNDA:0,(anonymous_16)
FNDA:0,(anonymous_17)
FNDA:0,(anonymous_18)
FNDA:0,(anonymous_19)
FNDA:0,(anonymous_20)
FNDA:0,(anonymous_21)
FNDA:0,(anonymous_22)
DA:7,0
DA:10,0
DA:11,0
DA:12,0
DA:13,0
DA:14,0
DA:15,0
DA:16,0
DA:17,0
DA:18,0
DA:20,0
DA:21,0
DA:46,0
DA:68,0
DA:69,0
DA:70,0
DA:71,0
DA:72,0
DA:73,0
DA:74,0
DA:75,0
DA:76,0
DA:77,0
DA:79,0
DA:80,0
DA:82,0
DA:83,0
DA:86,0
DA:91,0
DA:92,0
DA:94,0
DA:95,0
DA:96,0
DA:97,0
DA:98,0
DA:101,0
DA:102,0
DA:103,0
DA:105,0
DA:106,0
DA:107,0
DA:108,0
DA:109,0
DA:110,0
DA:111,0
DA:115,0
DA:116,0
DA:118,0
DA:120,0
DA:124,0
DA:125,0
DA:126,0
DA:127,0
DA:130,0
DA:132,0
DA:137,0
DA:138,0
DA:139,0
DA:144,0
DA:145,0
DA:147,0
DA:148,0
DA:149,0
DA:152,0
DA:153,0
DA:154,0
DA:156,0
DA:157,0
DA:160,0
DA:161,0
DA:162,0
DA:163,0
DA:165,0
DA:166,0
DA:168,0
DA:169,0
DA:170,0
DA:172,0
DA:174,0
DA:175,0
DA:176,0
DA:178,0
DA:179,0
DA:180,0
DA:182,0
DA:183,0
DA:184,0
DA:187,0
DA:189,0
DA:190,0
DA:191,0
DA:192,0
DA:193,0
DA:195,0
DA:198,0
DA:200,0
DA:202,0
DA:207,0
DA:209,0
DA:211,0
DA:212,0
DA:213,0
DA:214,0
DA:216,0
DA:217,0
DA:218,0
DA:219,0
DA:220,0
DA:222,0
DA:224,0
DA:228,0
DA:229,0
DA:230,0
DA:232,0
DA:233,0
DA:234,0
DA:236,0
DA:237,0
DA:239,0
DA:240,0
DA:241,0
DA:242,0
DA:243,0
DA:246,0
DA:247,0
DA:248,0
DA:249,0
DA:253,0
DA:255,0
DA:257,0
DA:262,0
DA:264,0
DA:269,0
DA:270,0
DA:272,0
DA:275,0
DA:276,0
DA:277,0
DA:279,0
DA:280,0
DA:283,0
DA:288,0
DA:289,0
DA:290,0
DA:295,0
DA:296,0
DA:298,0
DA:301,0
DA:302,0
DA:303,0
DA:305,0
DA:306,0
DA:309,0
DA:313,0
DA:315,0
DA:316,0
DA:317,0
DA:324,0
DA:325,0
DA:329,0
DA:339,0
DA:342,0
DA:343,0
DA:345,0
DA:346,0
DA:347,0
DA:348,0
DA:349,0
DA:352,0
DA:353,0
DA:354,0
DA:355,0
DA:360,0
DA:362,0
DA:363,0
DA:364,0
DA:366,0
DA:367,0
DA:369,0
DA:373,0
DA:374,0
DA:375,0
DA:378,0
DA:398,0
DA:399,0
DA:400,0
DA:401,0
DA:427,0
DA:428,0
DA:429,0
DA:432,0
DA:433,0
DA:435,0
DA:463,0
DA:471,0
LF:195
LH:0
BRDA:37,0,0,0
BRDA:37,0,1,0
BRDA:80,1,0,0
BRDA:80,1,1,0
BRDA:92,2,0,0
BRDA:92,2,1,0
BRDA:101,3,0,0
BRDA:101,3,1,0
BRDA:101,4,0,0
BRDA:101,4,1,0
BRDA:103,5,0,0
BRDA:103,5,1,0
BRDA:106,6,0,0
BRDA:106,6,1,0
BRDA:106,7,0,0
BRDA:106,7,1,0
BRDA:109,8,0,0
BRDA:109,8,1,0
BRDA:124,9,0,0
BRDA:124,9,1,0
BRDA:137,10,0,0
BRDA:137,10,1,0
BRDA:147,11,0,0
BRDA:147,11,1,0
BRDA:160,12,0,0
BRDA:160,12,1,0
BRDA:174,13,0,0
BRDA:174,13,1,0
BRDA:174,14,0,0
BRDA:174,14,1,0
BRDA:178,15,0,0
BRDA:178,15,1,0
BRDA:178,16,0,0
BRDA:178,16,1,0
BRDA:191,17,0,0
BRDA:191,17,1,0
BRDA:191,18,0,0
BRDA:191,18,1,0
BRDA:209,19,0,0
BRDA:209,19,1,0
BRDA:209,20,0,0
BRDA:209,20,1,0
BRDA:211,21,0,0
BRDA:211,21,1,0
BRDA:218,22,0,0
BRDA:218,22,1,0
BRDA:228,23,0,0
BRDA:228,23,1,0
BRDA:228,24,0,0
BRDA:228,24,1,0
BRDA:232,25,0,0
BRDA:232,25,1,0
BRDA:232,26,0,0
BRDA:232,26,1,0
BRDA:241,27,0,0
BRDA:241,27,1,0
BRDA:246,28,0,0
BRDA:246,28,1,0
BRDA:270,29,0,0
BRDA:270,29,1,0
BRDA:272,30,0,0
BRDA:272,30,1,0
BRDA:272,30,2,0
BRDA:272,30,3,0
BRDA:272,30,4,0
BRDA:275,31,0,0
BRDA:275,31,1,0
BRDA:275,32,0,0
BRDA:275,32,1,0
BRDA:289,33,0,0
BRDA:289,33,1,0
BRDA:289,34,0,0
BRDA:289,34,1,0
BRDA:296,35,0,0
BRDA:296,35,1,0
BRDA:298,36,0,0
BRDA:298,36,1,0
BRDA:298,36,2,0
BRDA:298,36,3,0
BRDA:301,37,0,0
BRDA:301,37,1,0
BRDA:301,38,0,0
BRDA:301,38,1,0
BRDA:315,39,0,0
BRDA:315,39,1,0
BRDA:315,40,0,0
BRDA:315,40,1,0
BRDA:325,41,0,0
BRDA:325,41,1,0
BRDA:339,42,0,0
BRDA:339,42,1,0
BRDA:345,43,0,0
BRDA:345,43,1,0
BRDA:346,44,0,0
BRDA:346,44,1,0
BRDA:347,45,0,0
BRDA:347,45,1,0
BRDA:349,46,0,0
BRDA:349,46,1,0
BRDA:352,47,0,0
BRDA:352,47,1,0
BRDA:353,48,0,0
BRDA:353,48,1,0
BRDA:355,49,0,0
BRDA:355,49,1,0
BRDA:362,50,0,0
BRDA:362,50,1,0
BRDA:364,51,0,0
BRDA:364,51,1,0
BRDA:366,52,0,0
BRDA:366,52,1,0
BRDA:367,53,0,0
BRDA:367,53,1,0
BRDA:374,54,0,0
BRDA:374,54,1,0
BRDA:374,55,0,0
BRDA:374,55,1,0
BRDA:382,56,0,0
BRDA:382,56,1,0
BRDA:402,57,0,0
BRDA:402,57,1,0
BRDA:402,58,0,0
BRDA:402,58,1,0
BRDA:403,59,0,0
BRDA:403,59,1,0
BRDA:403,60,0,0
BRDA:403,60,1,0
BRDA:404,61,0,0
BRDA:404,61,1,0
BRDA:404,62,0,0
BRDA:404,62,1,0
BRDA:408,63,0,0
BRDA:408,63,1,0
BRDA:416,64,0,0
BRDA:416,64,1,0
BRDA:427,65,0,0
BRDA:427,65,1,0
BRDA:429,66,0,0
BRDA:429,66,1,0
BRDA:444,67,0,0
BRDA:444,67,1,0
BRDA:451,68,0,0
BRDA:451,68,1,0
BRDA:460,69,0,0
BRDA:460,69,1,0
BRF:145
BRH:0
end_of_record
TN:
SF:src\screens\ReportsScreen.tsx
FN:25,ReportsScreen
FN:34,(anonymous_1)
FN:50,(anonymous_2)
FN:52,(anonymous_3)
FN:54,(anonymous_4)
FN:59,(anonymous_5)
FN:66,(anonymous_6)
FN:69,(anonymous_7)
FN:74,(anonymous_8)
FN:81,(anonymous_9)
FN:84,(anonymous_10)
FN:89,(anonymous_11)
FN:96,(anonymous_12)
FN:107,(anonymous_13)
FN:108,(anonymous_14)
FN:111,(anonymous_15)
FN:115,(anonymous_16)
FN:116,(anonymous_17)
FN:119,(anonymous_18)
FN:120,(anonymous_19)
FN:123,(anonymous_20)
FN:124,(anonymous_21)
FN:145,(anonymous_22)
FN:147,(anonymous_23)
FN:148,(anonymous_24)
FN:149,(anonymous_25)
FN:150,(anonymous_26)
FN:151,(anonymous_27)
FN:154,(anonymous_28)
FN:155,(anonymous_29)
FN:157,(anonymous_30)
FN:173,(anonymous_31)
FN:180,(anonymous_32)
FN:187,(anonymous_33)
FN:191,(anonymous_34)
FN:192,(anonymous_35)
FN:193,(anonymous_36)
FN:201,(anonymous_37)
FN:221,(anonymous_38)
FN:236,(anonymous_39)
FN:249,(anonymous_40)
FN:264,(anonymous_41)
FN:270,(anonymous_42)
FN:296,(anonymous_43)
FNF:44
FNH:0
FNDA:0,ReportsScreen
FNDA:0,(anonymous_1)
FNDA:0,(anonymous_2)
FNDA:0,(anonymous_3)
FNDA:0,(anonymous_4)
FNDA:0,(anonymous_5)
FNDA:0,(anonymous_6)
FNDA:0,(anonymous_7)
FNDA:0,(anonymous_8)
FNDA:0,(anonymous_9)
FNDA:0,(anonymous_10)
FNDA:0,(anonymous_11)
FNDA:0,(anonymous_12)
FNDA:0,(anonymous_13)
FNDA:0,(anonymous_14)
FNDA:0,(anonymous_15)
FNDA:0,(anonymous_16)
FNDA:0,(anonymous_17)
FNDA:0,(anonymous_18)
FNDA:0,(anonymous_19)
FNDA:0,(anonymous_20)
FNDA:0,(anonymous_21)
FNDA:0,(anonymous_22)
FNDA:0,(anonymous_23)
FNDA:0,(anonymous_24)
FNDA:0,(anonymous_25)
FNDA:0,(anonymous_26)
FNDA:0,(anonymous_27)
FNDA:0,(anonymous_28)
FNDA:0,(anonymous_29)
FNDA:0,(anonymous_30)
FNDA:0,(anonymous_31)
FNDA:0,(anonymous_32)
FNDA:0,(anonymous_33)
FNDA:0,(anonymous_34)
FNDA:0,(anonymous_35)
FNDA:0,(anonymous_36)
FNDA:0,(anonymous_37)
FNDA:0,(anonymous_38)
FNDA:0,(anonymous_39)
FNDA:0,(anonymous_40)
FNDA:0,(anonymous_41)
FNDA:0,(anonymous_42)
FNDA:0,(anonymous_43)
DA:11,0
DA:12,0
DA:26,0
DA:27,0
DA:28,0
DA:29,0
DA:30,0
DA:31,0
DA:34,0
DA:35,0
DA:36,0
DA:38,0
DA:39,0
DA:40,0
DA:41,0
DA:43,0
DA:46,0
DA:50,0
DA:51,0
DA:52,0
DA:54,0
DA:55,0
DA:56,0
DA:57,0
DA:59,0
DA:60,0
DA:61,0
DA:62,0
DA:66,0
DA:69,0
DA:70,0
DA:71,0
DA:72,0
DA:74,0
DA:75,0
DA:76,0
DA:77,0
DA:81,0
DA:84,0
DA:85,0
DA:86,0
DA:87,0
DA:89,0
DA:90,0
DA:91,0
DA:92,0
DA:96,0
DA:99,0
DA:107,0
DA:108,0
DA:109,0
DA:110,0
DA:111,0
DA:114,0
DA:115,0
DA:116,0
DA:118,0
DA:119,0
DA:120,0
DA:122,0
DA:123,0
DA:124,0
DA:126,0
DA:138,0
DA:145,0
DA:147,0
DA:148,0
DA:149,0
DA:150,0
DA:151,0
DA:153,0
DA:154,0
DA:155,0
DA:157,0
DA:162,0
DA:173,0
DA:174,0
DA:175,0
DA:178,0
DA:180,0
DA:181,0
DA:182,0
DA:183,0
DA:187,0
DA:188,0
DA:190,0
DA:191,0
DA:192,0
DA:193,0
DA:201,0
DA:202,0
DA:203,0
DA:206,0
DA:222,0
DA:236,0
DA:249,0
DA:264,0
DA:271,0
DA:296,0
DA:302,0
LF:100
LH:0
BRDA:38,0,0,0
BRDA:38,0,1,0
BRDA:40,1,0,0
BRDA:40,1,1,0
BRDA:52,2,0,0
BRDA:52,2,1,0
BRDA:60,3,0,0
BRDA:60,3,1,0
BRDA:60,4,0,0
BRDA:60,4,1,0
BRDA:62,5,0,0
BRDA:62,5,1,0
BRDA:75,6,0,0
BRDA:75,6,1,0
BRDA:75,7,0,0
BRDA:75,7,1,0
BRDA:77,8,0,0
BRDA:77,8,1,0
BRDA:90,9,0,0
BRDA:90,9,1,0
BRDA:90,10,0,0
BRDA:90,10,1,0
BRDA:92,11,0,0
BRDA:92,11,1,0
BRDA:111,12,0,0
BRDA:111,12,1,0
BRDA:111,12,2,0
BRDA:116,13,0,0
BRDA:116,13,1,0
BRDA:120,14,0,0
BRDA:120,14,1,0
BRDA:124,15,0,0
BRDA:124,15,1,0
BRDA:151,16,0,0
BRDA:151,16,1,0
BRDA:155,17,0,0
BRDA:155,17,1,0
BRDA:155,18,0,0
BRDA:155,18,1,0
BRDA:158,19,0,0
BRDA:158,19,1,0
BRDA:159,20,0,0
BRDA:159,20,1,0
BRDA:168,21,0,0
BRDA:168,21,1,0
BRDA:181,22,0,0
BRDA:181,22,1,0
BRDA:182,23,0,0
BRDA:182,23,1,0
BRDA:188,24,0,0
BRDA:188,24,1,0
BRDA:191,25,0,0
BRDA:191,25,1,0
BRDA:191,25,2,0
BRDA:192,26,0,0
BRDA:192,26,1,0
BRDA:192,27,0,0
BRDA:192,27,1,0
BRDA:194,28,0,0
BRDA:194,28,1,0
BRDA:196,29,0,0
BRDA:196,29,1,0
BRDA:196,30,0,0
BRDA:196,30,1,0
BRDA:197,31,0,0
BRDA:197,31,1,0
BRDA:197,32,0,0
BRDA:197,32,1,0
BRDA:213,33,0,0
BRDA:213,33,1,0
BRDA:215,34,0,0
BRDA:215,34,1,0
BRDA:226,35,0,0
BRDA:226,35,1,0
BRDA:236,36,0,0
BRDA:249,37,0,0
BRF:76
BRH:0
end_of_record
TN:
SF:src\screens\SettingsScreen.tsx
FN:27,(anonymous_0)
FN:35,(anonymous_1)
FN:37,(anonymous_2)
FN:41,(anonymous_3)
FN:59,(anonymous_4)
FN:63,(anonymous_5)
FN:93,(anonymous_6)
FN:104,(anonymous_7)
FN:108,(anonymous_8)
FN:137,(anonymous_9)
FN:152,(anonymous_10)
FN:179,(anonymous_11)
FN:181,(anonymous_12)
FN:191,(anonymous_13)
FN:193,(anonymous_14)
FN:195,(anonymous_15)
FN:197,(anonymous_16)
FN:217,(anonymous_17)
FN:250,(anonymous_18)
FNF:19
FNH:0
FNDA:0,(anonymous_0)
FNDA:0,(anonymous_1)
FNDA:0,(anonymous_2)
FNDA:0,(anonymous_3)
FNDA:0,(anonymous_4)
FNDA:0,(anonymous_5)
FNDA:0,(anonymous_6)
FNDA:0,(anonymous_7)
FNDA:0,(anonymous_8)
FNDA:0,(anonymous_9)
FNDA:0,(anonymous_10)
FNDA:0,(anonymous_11)
FNDA:0,(anonymous_12)
FNDA:0,(anonymous_13)
FNDA:0,(anonymous_14)
FNDA:0,(anonymous_15)
FNDA:0,(anonymous_16)
FNDA:0,(anonymous_17)
FNDA:0,(anonymous_18)
DA:27,0
DA:28,0
DA:29,0
DA:30,0
DA:31,0
DA:32,0
DA:33,0
DA:34,0
DA:35,0
DA:37,0
DA:38,0
DA:41,0
DA:42,0
DA:43,0
DA:44,0
DA:45,0
DA:46,0
DA:47,0
DA:48,0
DA:49,0
DA:50,0
DA:55,0
DA:59,0
DA:60,0
DA:63,0
DA:64,0
DA:65,0
DA:66,0
DA:67,0
DA:68,0
DA:69,0
DA:70,0
DA:72,0
DA:76,0
DA:77,0
DA:78,0
DA:79,0
DA:80,0
DA:85,0
DA:86,0
DA:88,0
DA:89,0
DA:93,0
DA:94,0
DA:95,0
DA:96,0
DA:97,0
DA:98,0
DA:99,0
DA:104,0
DA:105,0
DA:108,0
DA:109,0
DA:110,0
DA:111,0
DA:112,0
DA:113,0
DA:114,0
DA:115,0
DA:121,0
DA:122,0
DA:124,0
DA:127,0
DA:128,0
DA:130,0
DA:133,0
DA:137,0
DA:139,0
DA:148,0
DA:149,0
DA:150,0
DA:152,0
DA:157,0
DA:179,0
DA:181,0
DA:191,0
DA:193,0
DA:195,0
DA:197,0
DA:217,0
DA:251,0
DA:252,0
DA:274,0
LF:83
LH:0
BRDA:44,0,0,0
BRDA:44,0,1,0
BRDA:47,1,0,0
BRDA:47,1,1,0
BRDA:49,2,0,0
BRDA:49,2,1,0
BRDA:67,3,0,0
BRDA:67,3,1,0
BRDA:94,4,0,0
BRDA:94,4,1,0
BRDA:96,5,0,0
BRDA:96,5,1,0
BRDA:98,6,0,0
BRDA:98,6,1,0
BRDA:109,7,0,0
BRDA:109,7,1,0
BRDA:113,8,0,0
BRDA:113,8,1,0
BRDA:148,9,0,0
BRDA:148,9,1,0
BRDA:149,10,0,0
BRDA:149,10,1,0
BRDA:149,11,0,0
BRDA:149,11,1,0
BRDA:150,12,0,0
BRDA:150,12,1,0
BRDA:171,13,0,0
BRDA:171,13,1,0
BRDA:209,14,0,0
BRDA:209,14,1,0
BRDA:223,15,0,0
BRDA:223,15,1,0
BRDA:227,16,0,0
BRDA:227,16,1,0
BRDA:234,17,0,0
BRDA:234,17,1,0
BRDA:259,18,0,0
BRDA:259,18,1,0
BRDA:263,19,0,0
BRDA:263,19,1,0
BRF:40
BRH:0
end_of_record
TN:
SF:src\screens\SummaryScreen.tsx
FN:8,SummaryScreen
FN:17,(anonymous_1)
FN:34,(anonymous_2)
FNF:3
FNH:0
FNDA:0,SummaryScreen
FNDA:0,(anonymous_1)
FNDA:0,(anonymous_2)
DA:9,0
DA:10,0
DA:12,0
DA:13,0
DA:17,0
DA:25,0
DA:34,0
DA:42,0
LF:8
LH:0
BRDA:12,0,0,0
BRDA:12,0,1,0
BRDA:32,1,0,0
BRDA:32,1,1,0
BRF:4
BRH:0
end_of_record
TN:
SF:src\screens\TermsAndConditionsScreen.tsx
FN:18,(anonymous_0)
FN:21,(anonymous_1)
FN:25,(anonymous_2)
FN:29,(anonymous_3)
FN:41,(anonymous_4)
FNF:5
FNH:0
FNDA:0,(anonymous_0)
FNDA:0,(anonymous_1)
FNDA:0,(anonymous_2)
FNDA:0,(anonymous_3)
FNDA:0,(anonymous_4)
DA:18,0
DA:19,0
DA:21,0
DA:22,0
DA:25,0
DA:26,0
DA:29,0
DA:30,0
DA:36,0
DA:41,0
DA:145,0
LF:11
LH:0
BRDA:156,0,0,0
BRDA:156,0,1,0
BRF:2
BRH:0
end_of_record
TN:
SF:src\screens\auth\ForgotPasswordScreen.tsx
FN:28,(anonymous_0)
FN:36,(anonymous_1)
FN:57,(anonymous_2)
FN:136,(anonymous_3)
FN:186,(anonymous_4)
FNF:5
FNH:0
FNDA:0,(anonymous_0)
FNDA:0,(anonymous_1)
FNDA:0,(anonymous_2)
FNDA:0,(anonymous_3)
FNDA:0,(anonymous_4)
DA:28,0
DA:29,0
DA:30,0
DA:31,0
DA:32,0
DA:33,0
DA:34,0
DA:36,0
DA:37,0
DA:38,0
DA:47,0
DA:48,0
DA:52,0
DA:57,0
DA:58,0
DA:59,0
DA:60,0
DA:63,0
DA:64,0
DA:66,0
DA:67,0
DA:68,0
DA:72,0
DA:75,0
DA:107,0
DA:108,0
DA:109,0
DA:113,0
DA:115,0
DA:116,0
DA:117,0
DA:119,0
DA:121,0
DA:125,0
DA:136,0
DA:186,0
DA:211,0
LF:37
LH:0
BRDA:37,0,0,0
BRDA:37,0,1,0
BRDA:58,1,0,0
BRDA:58,1,1,0
BRDA:66,2,0,0
BRDA:66,2,1,0
BRDA:67,3,0,0
BRDA:67,3,1,0
BRDA:107,4,0,0
BRDA:107,4,1,0
BRDA:109,5,0,0
BRDA:109,5,1,0
BRDA:116,6,0,0
BRDA:116,6,1,0
BRDA:128,7,0,0
BRDA:128,7,1,0
BRDA:129,8,0,0
BRDA:129,8,1,0
BRDA:148,9,0,0
BRDA:148,9,1,0
BRDA:164,10,0,0
BRDA:164,10,1,0
BRDA:168,11,0,0
BRDA:168,11,1,0
BRDA:197,12,0,0
BRDA:197,12,1,0
BRDA:287,13,0,0
BRDA:287,13,1,0
BRF:28
BRH:0
end_of_record
TN:
SF:src\screens\auth\LoginScreen.tsx
FN:32,(anonymous_0)
FN:47,(anonymous_1)
FN:48,(anonymous_2)
FN:57,(anonymous_3)
FN:61,(anonymous_4)
FN:82,(anonymous_5)
FN:123,(anonymous_6)
FN:186,(anonymous_7)
FN:278,(anonymous_8)
FN:288,(anonymous_9)
FN:342,(anonymous_10)
FN:355,(anonymous_11)
FN:378,(anonymous_12)
FN:399,(anonymous_13)
FNF:14
FNH:7
FNDA:110,(anonymous_0)
FNDA:110,(anonymous_1)
FNDA:0,(anonymous_2)
FNDA:0,(anonymous_3)
FNDA:66,(anonymous_4)
FNDA:21,(anonymous_5)
FNDA:2,(anonymous_6)
FNDA:0,(anonymous_7)
FNDA:0,(anonymous_8)
FNDA:0,(anonymous_9)
FNDA:0,(anonymous_10)
FNDA:1,(anonymous_11)
FNDA:1,(anonymous_12)
FNDA:0,(anonymous_13)
DA:32,1
DA:33,110
DA:34,110
DA:35,110
DA:36,110
DA:37,110
DA:38,110
DA:39,110
DA:40,110
DA:41,110
DA:42,110
DA:43,110
DA:46,110
DA:48,110
DA:49,0
DA:50,0
DA:52,0
DA:55,110
DA:57,110
DA:61,110
DA:62,66
DA:63,18
DA:72,48
DA:73,48
DA:77,110
DA:82,110
DA:83,21
DA:84,3
DA:85,3
DA:86,3
DA:89,18
DA:90,18
DA:92,18
DA:93,18
DA:94,7
DA:95,7
DA:99,18
DA:100,13
DA:102,13
DA:105,13
DA:106,13
DA:108,13
DA:109,3
DA:110,3
DA:112,3
DA:115,2
DA:118,2
DA:119,2
DA:120,2
DA:123,2
DA:124,2
DA:127,2
DA:132,11
DA:140,11
DA:147,11
DA:148,11
DA:155,11
DA:156,11
DA:157,11
DA:158,11
DA:159,10
DA:160,10
DA:161,10
DA:165,0
DA:168,11
DA:169,11
DA:174,5
DA:175,5
DA:176,5
DA:177,4
DA:178,3
DA:179,2
DA:181,5
DA:182,5
DA:186,110
DA:187,0
DA:189,0
DA:190,0
DA:192,0
DA:194,0
DA:197,0
DA:198,0
DA:199,0
DA:202,0
DA:204,0
DA:207,0
DA:208,0
DA:209,0
DA:210,0
DA:214,0
DA:215,0
DA:225,0
DA:232,0
DA:233,0
DA:240,0
DA:241,0
DA:242,0
DA:243,0
DA:244,0
DA:245,0
DA:246,0
DA:250,0
DA:253,0
DA:254,0
DA:257,0
DA:262,0
DA:263,0
DA:265,0
DA:266,0
DA:267,0
DA:268,0
DA:269,0
DA:270,0
DA:273,0
DA:274,0
DA:278,110
DA:279,0
DA:280,0
DA:281,0
DA:282,0
DA:285,0
DA:288,0
DA:291,110
DA:342,0
DA:355,1
DA:378,1
DA:399,0
DA:452,1
LF:128
LH:76
BRDA:49,0,0,0
BRDA:49,0,1,0
BRDA:62,1,0,18
BRDA:62,1,1,48
BRDA:83,2,0,3
BRDA:83,2,1,18
BRDA:83,3,0,21
BRDA:83,3,1,19
BRDA:93,4,0,7
BRDA:93,4,1,11
BRDA:108,5,0,3
BRDA:108,5,1,10
BRDA:112,6,0,2
BRDA:112,6,1,1
BRDA:112,7,0,3
BRDA:112,7,1,3
BRDA:157,8,0,11
BRDA:157,8,1,1
BRDA:158,9,0,10
BRDA:158,9,1,1
BRDA:159,10,0,10
BRDA:159,10,1,10
BRDA:160,11,0,10
BRDA:160,11,1,0
BRDA:176,12,0,1
BRDA:176,12,1,4
BRDA:177,13,0,1
BRDA:177,13,1,3
BRDA:178,14,0,1
BRDA:178,14,1,2
BRDA:179,15,0,1
BRDA:179,15,1,1
BRDA:187,16,0,0
BRDA:187,16,1,0
BRDA:198,17,0,0
BRDA:198,17,1,0
BRDA:208,18,0,0
BRDA:208,18,1,0
BRDA:242,19,0,0
BRDA:242,19,1,0
BRDA:243,20,0,0
BRDA:243,20,1,0
BRDA:244,21,0,0
BRDA:244,21,1,0
BRDA:245,22,0,0
BRDA:245,22,1,0
BRDA:266,23,0,0
BRDA:266,23,1,0
BRDA:267,24,0,0
BRDA:267,24,1,0
BRDA:268,25,0,0
BRDA:268,25,1,0
BRDA:269,26,0,0
BRDA:269,26,1,0
BRDA:270,27,0,0
BRDA:270,27,1,0
BRDA:294,28,0,110
BRDA:294,28,1,0
BRDA:344,29,0,0
BRDA:344,29,1,110
BRDA:362,30,0,110
BRDA:362,30,1,18
BRDA:366,31,0,18
BRDA:366,31,1,92
BRDA:438,32,0,110
BRDA:438,32,1,18
BRF:66
BRH:37
end_of_record
TN:
SF:src\screens\auth\SignUpScreen.tsx
FN:37,(anonymous_0)
FN:52,(anonymous_1)
FN:63,(anonymous_2)
FN:65,(anonymous_3)
FN:90,(anonymous_4)
FN:215,(anonymous_5)
FN:236,(anonymous_6)
FN:251,(anonymous_7)
FN:257,(anonymous_8)
FN:261,(anonymous_9)
FN:282,(anonymous_10)
FN:319,(anonymous_11)
FN:350,(anonymous_12)
FN:383,(anonymous_13)
FN:402,(anonymous_14)
FN:423,(anonymous_15)
FNF:16
FNH:0
FNDA:0,(anonymous_0)
FNDA:0,(anonymous_1)
FNDA:0,(anonymous_2)
FNDA:0,(anonymous_3)
FNDA:0,(anonymous_4)
FNDA:0,(anonymous_5)
FNDA:0,(anonymous_6)
FNDA:0,(anonymous_7)
FNDA:0,(anonymous_8)
FNDA:0,(anonymous_9)
FNDA:0,(anonymous_10)
FNDA:0,(anonymous_11)
FNDA:0,(anonymous_12)
FNDA:0,(anonymous_13)
FNDA:0,(anonymous_14)
FNDA:0,(anonymous_15)
DA:37,0
DA:38,0
DA:39,0
DA:40,0
DA:41,0
DA:42,0
DA:43,0
DA:44,0
DA:45,0
DA:46,0
DA:47,0
DA:48,0
DA:49,0
DA:50,0
DA:52,0
DA:53,0
DA:62,0
DA:63,0
DA:65,0
DA:66,0
DA:67,0
DA:76,0
DA:77,0
DA:81,0
DA:85,0
DA:88,0
DA:90,0
DA:91,0
DA:92,0
DA:93,0
DA:96,0
DA:97,0
DA:98,0
DA:101,0
DA:102,0
DA:103,0
DA:107,0
DA:108,0
DA:109,0
DA:112,0
DA:113,0
DA:115,0
DA:118,0
DA:119,0
DA:120,0
DA:123,0
DA:155,0
DA:156,0
DA:157,0
DA:161,0
DA:169,0
DA:170,0
DA:171,0
DA:173,0
DA:175,0
DA:179,0
DA:215,0
DA:236,0
DA:251,0
DA:257,0
DA:261,0
DA:282,0
DA:319,0
DA:350,0
DA:383,0
DA:402,0
DA:423,0
DA:424,0
DA:440,0
LF:69
LH:0
BRDA:66,0,0,0
BRDA:66,0,1,0
BRDA:88,1,0,0
BRDA:88,1,1,0
BRDA:88,1,2,0
BRDA:88,1,3,0
BRDA:88,1,4,0
BRDA:91,2,0,0
BRDA:91,2,1,0
BRDA:96,3,0,0
BRDA:96,3,1,0
BRDA:96,4,0,0
BRDA:96,4,1,0
BRDA:96,4,2,0
BRDA:101,5,0,0
BRDA:101,5,1,0
BRDA:107,6,0,0
BRDA:107,6,1,0
BRDA:118,7,0,0
BRDA:118,7,1,0
BRDA:119,8,0,0
BRDA:119,8,1,0
BRDA:155,9,0,0
BRDA:155,9,1,0
BRDA:157,10,0,0
BRDA:157,10,1,0
BRDA:170,11,0,0
BRDA:170,11,1,0
BRDA:182,12,0,0
BRDA:182,12,1,0
BRDA:183,13,0,0
BRDA:183,13,1,0
BRDA:216,14,0,0
BRDA:216,14,1,0
BRDA:239,15,0,0
BRDA:239,15,1,0
BRDA:250,16,0,0
BRDA:250,16,1,0
BRDA:253,17,0,0
BRDA:253,17,1,0
BRDA:269,18,0,0
BRDA:269,18,1,0
BRDA:273,19,0,0
BRDA:273,19,1,0
BRDA:409,20,0,0
BRDA:409,20,1,0
BRDA:427,21,0,0
BRDA:427,21,1,0
BRDA:429,22,0,0
BRDA:429,22,1,0
BRDA:433,23,0,0
BRDA:433,23,1,0
BRF:52
BRH:0
end_of_record
TN:
SF:src\screens\auth\VerificationCodeScreen.tsx
FN:31,(anonymous_0)
FN:45,(anonymous_1)
FN:67,(anonymous_2)
FN:81,(anonymous_3)
FN:87,(anonymous_4)
FN:154,(anonymous_5)
FN:221,(anonymous_6)
FN:234,(anonymous_7)
FN:237,(anonymous_8)
FN:242,(anonymous_9)
FN:243,(anonymous_10)
FN:302,(anonymous_11)
FN:317,(anonymous_12)
FNF:13
FNH:0
FNDA:0,(anonymous_0)
FNDA:0,(anonymous_1)
FNDA:0,(anonymous_2)
FNDA:0,(anonymous_3)
FNDA:0,(anonymous_4)
FNDA:0,(anonymous_5)
FNDA:0,(anonymous_6)
FNDA:0,(anonymous_7)
FNDA:0,(anonymous_8)
FNDA:0,(anonymous_9)
FNDA:0,(anonymous_10)
FNDA:0,(anonymous_11)
FNDA:0,(anonymous_12)
DA:31,0
DA:32,0
DA:33,0
DA:34,0
DA:36,0
DA:37,0
DA:38,0
DA:39,0
DA:40,0
DA:41,0
DA:42,0
DA:43,0
DA:45,0
DA:46,0
DA:47,0
DA:56,0
DA:57,0
DA:61,0
DA:65,0
DA:67,0
DA:68,0
DA:69,0
DA:72,0
DA:73,0
DA:74,0
DA:76,0
DA:77,0
DA:81,0
DA:82,0
DA:83,0
DA:87,0
DA:88,0
DA:90,0
DA:91,0
DA:92,0
DA:93,0
DA:96,0
DA:97,0
DA:98,0
DA:99,0
DA:102,0
DA:103,0
DA:104,0
DA:106,0
DA:107,0
DA:108,0
DA:109,0
DA:111,0
DA:112,0
DA:115,0
DA:116,0
DA:117,0
DA:118,0
DA:122,0
DA:123,0
DA:132,0
DA:133,0
DA:134,0
DA:137,0
DA:138,0
DA:139,0
DA:140,0
DA:141,0
DA:142,0
DA:143,0
DA:144,0
DA:145,0
DA:147,0
DA:148,0
DA:150,0
DA:154,0
DA:155,0
DA:156,0
DA:157,0
DA:159,0
DA:160,0
DA:161,0
DA:164,0
DA:196,0
DA:197,0
DA:198,0
DA:200,0
DA:203,0
DA:204,0
DA:206,0
DA:210,0
DA:221,0
DA:235,0
DA:238,0
DA:242,0
DA:243,0
DA:302,0
DA:317,0
DA:328,0
LF:94
LH:0
BRDA:46,0,0,0
BRDA:46,0,1,0
BRDA:68,1,0,0
BRDA:68,1,1,0
BRDA:76,2,0,0
BRDA:76,2,1,0
BRDA:76,3,0,0
BRDA:76,3,1,0
BRDA:82,4,0,0
BRDA:82,4,1,0
BRDA:82,5,0,0
BRDA:82,5,1,0
BRDA:82,5,2,0
BRDA:90,6,0,0
BRDA:90,6,1,0
BRDA:96,7,0,0
BRDA:96,7,1,0
BRDA:104,8,0,0
BRDA:104,8,1,0
BRDA:106,9,0,0
BRDA:106,9,1,0
BRDA:109,10,0,0
BRDA:109,10,1,0
BRDA:116,11,0,0
BRDA:116,11,1,0
BRDA:138,12,0,0
BRDA:138,12,1,0
BRDA:140,13,0,0
BRDA:140,13,1,0
BRDA:142,14,0,0
BRDA:142,14,1,0
BRDA:144,15,0,0
BRDA:144,15,1,0
BRDA:159,16,0,0
BRDA:159,16,1,0
BRDA:160,17,0,0
BRDA:160,17,1,0
BRDA:196,18,0,0
BRDA:196,18,1,0
BRDA:213,19,0,0
BRDA:213,19,1,0
BRDA:214,20,0,0
BRDA:214,20,1,0
BRDA:254,21,0,0
BRDA:254,21,1,0
BRDA:255,22,0,0
BRDA:255,22,1,0
BRDA:255,22,2,0
BRDA:262,23,0,0
BRDA:262,23,1,0
BRDA:262,23,2,0
BRDA:264,24,0,0
BRDA:264,24,1,0
BRDA:266,25,0,0
BRDA:266,25,1,0
BRDA:277,26,0,0
BRDA:277,26,1,0
BRDA:288,27,0,0
BRDA:288,27,1,0
BRDA:294,28,0,0
BRDA:294,28,1,0
BRDA:296,29,0,0
BRDA:296,29,1,0
BRDA:310,30,0,0
BRDA:310,30,1,0
BRF:65
BRH:0
end_of_record
TN:
SF:src\stores\machineStore.ts
FN:52,(anonymous_0)
FN:55,(anonymous_1)
FN:56,(anonymous_2)
FN:59,(anonymous_3)
FN:60,(anonymous_4)
FN:70,(anonymous_5)
FN:70,(anonymous_6)
FN:73,(anonymous_7)
FN:77,(anonymous_8)
FN:104,(anonymous_9)
FN:105,(anonymous_10)
FN:113,(anonymous_11)
FN:117,(anonymous_12)
FN:120,(anonymous_13)
FN:145,(anonymous_14)
FN:146,(anonymous_15)
FN:161,(anonymous_16)
FN:161,(anonymous_17)
FN:162,(anonymous_18)
FN:162,(anonymous_19)
FN:163,(anonymous_20)
FN:165,(anonymous_21)
FN:165,(anonymous_22)
FN:166,(anonymous_23)
FN:171,(anonymous_24)
FN:175,(anonymous_25)
FN:175,(anonymous_26)
FN:178,(anonymous_27)
FN:178,(anonymous_28)
FN:200,(anonymous_29)
FN:203,(anonymous_30)
FN:203,(anonymous_31)
FN:207,(anonymous_32)
FN:207,(anonymous_33)
FN:210,(anonymous_34)
FN:218,(anonymous_35)
FN:218,(anonymous_36)
FN:222,(anonymous_37)
FN:234,(anonymous_38)
FN:241,(anonymous_39)
FN:245,(anonymous_40)
FN:245,(anonymous_41)
FN:249,(anonymous_42)
FN:255,(anonymous_43)
FN:259,(anonymous_44)
FN:259,(anonymous_45)
FN:263,(anonymous_46)
FN:268,(anonymous_47)
FN:272,(anonymous_48)
FN:272,(anonymous_49)
FN:273,(anonymous_50)
FN:282,(anonymous_51)
FN:305,(anonymous_52)
FN:307,(anonymous_53)
FN:319,(anonymous_54)
FN:338,(anonymous_55)
FN:340,(anonymous_56)
FN:353,(anonymous_57)
FN:387,(anonymous_58)
FN:420,(anonymous_59)
FNF:60
FNH:28
FNDA:1,(anonymous_0)
FNDA:3,(anonymous_1)
FNDA:1,(anonymous_2)
FNDA:1,(anonymous_3)
FNDA:1,(anonymous_4)
FNDA:3,(anonymous_5)
FNDA:3,(anonymous_6)
FNDA:0,(anonymous_7)
FNDA:0,(anonymous_8)
FNDA:0,(anonymous_9)
FNDA:0,(anonymous_10)
FNDA:0,(anonymous_11)
FNDA:0,(anonymous_12)
FNDA:0,(anonymous_13)
FNDA:0,(anonymous_14)
FNDA:0,(anonymous_15)
FNDA:5,(anonymous_16)
FNDA:5,(anonymous_17)
FNDA:1,(anonymous_18)
FNDA:1,(anonymous_19)
FNDA:1,(anonymous_20)
FNDA:1,(anonymous_21)
FNDA:1,(anonymous_22)
FNDA:1,(anonymous_23)
FNDA:4,(anonymous_24)
FNDA:3,(anonymous_25)
FNDA:3,(anonymous_26)
FNDA:3,(anonymous_27)
FNDA:3,(anonymous_28)
FNDA:0,(anonymous_29)
FNDA:1,(anonymous_30)
FNDA:1,(anonymous_31)
FNDA:1,(anonymous_32)
FNDA:1,(anonymous_33)
FNDA:0,(anonymous_34)
FNDA:1,(anonymous_35)
FNDA:1,(anonymous_36)
FNDA:1,(anonymous_37)
FNDA:0,(anonymous_38)
FNDA:1,(anonymous_39)
FNDA:0,(anonymous_40)
FNDA:0,(anonymous_41)
FNDA:0,(anonymous_42)
FNDA:0,(anonymous_43)
FNDA:0,(anonymous_44)
FNDA:0,(anonymous_45)
FNDA:0,(anonymous_46)
FNDA:0,(anonymous_47)
FNDA:0,(anonymous_48)
FNDA:0,(anonymous_49)
FNDA:0,(anonymous_50)
FNDA:0,(anonymous_51)
FNDA:0,(anonymous_52)
FNDA:0,(anonymous_53)
FNDA:0,(anonymous_54)
FNDA:0,(anonymous_55)
FNDA:0,(anonymous_56)
FNDA:0,(anonymous_57)
FNDA:0,(anonymous_58)
FNDA:0,(anonymous_59)
DA:52,1
DA:55,3
DA:56,1
DA:59,1
DA:60,1
DA:70,3
DA:74,0
DA:76,0
DA:77,0
DA:79,0
DA:80,0
DA:81,0
DA:84,0
DA:85,0
DA:86,0
DA:89,0
DA:91,0
DA:95,0
DA:96,0
DA:97,0
DA:98,0
DA:101,0
DA:102,0
DA:104,0
DA:105,0
DA:109,0
DA:110,0
DA:114,0
DA:116,0
DA:117,0
DA:119,0
DA:120,0
DA:121,0
DA:124,0
DA:125,0
DA:126,0
DA:129,0
DA:131,0
DA:136,0
DA:137,0
DA:138,0
DA:139,0
DA:142,0
DA:143,0
DA:145,0
DA:147,0
DA:154,0
DA:155,0
DA:161,5
DA:162,1
DA:163,1
DA:165,1
DA:166,1
DA:171,4
DA:175,3
DA:178,3
DA:180,3
DA:190,3
DA:197,3
DA:200,0
DA:203,1
DA:207,1
DA:209,1
DA:210,1
DA:212,1
DA:218,1
DA:219,1
DA:220,1
DA:222,1
DA:223,1
DA:226,1
DA:227,1
DA:228,1
DA:230,1
DA:232,0
DA:233,0
DA:234,0
DA:239,1
DA:240,1
DA:241,1
DA:245,0
DA:246,0
DA:247,0
DA:249,0
DA:250,0
DA:252,0
DA:253,0
DA:254,0
DA:255,0
DA:259,0
DA:260,0
DA:261,0
DA:263,0
DA:264,0
DA:266,0
DA:267,0
DA:268,0
DA:272,0
DA:273,0
DA:274,0
DA:283,0
DA:284,0
DA:285,0
DA:286,0
DA:289,0
DA:290,0
DA:291,0
DA:293,0
DA:301,0
DA:302,0
DA:303,0
DA:305,0
DA:308,0
DA:314,0
DA:315,0
DA:320,0
DA:321,0
DA:322,0
DA:323,0
DA:326,0
DA:327,0
DA:329,0
DA:334,0
DA:335,0
DA:336,0
DA:338,0
DA:341,0
DA:347,0
DA:348,0
DA:354,0
DA:355,0
DA:356,0
DA:357,0
DA:360,0
DA:361,0
DA:363,0
DA:367,0
DA:368,0
DA:370,0
DA:373,0
DA:378,0
DA:379,0
DA:380,0
DA:382,0
DA:383,0
DA:388,0
DA:389,0
DA:390,0
DA:391,0
DA:394,0
DA:395,0
DA:397,0
DA:398,0
DA:400,0
DA:401,0
DA:404,0
DA:406,0
DA:411,0
DA:412,0
DA:413,0
DA:415,0
DA:416,0
DA:421,0
DA:422,0
DA:423,0
DA:424,0
DA:427,0
DA:428,0
DA:429,0
DA:433,0
DA:434,0
DA:435,0
DA:437,0
DA:438,0
LF:174
LH:34
BRDA:79,0,0,0
BRDA:79,0,1,0
BRDA:84,1,0,0
BRDA:84,1,1,0
BRDA:95,2,0,0
BRDA:95,2,1,0
BRDA:106,3,0,0
BRDA:106,3,1,0
BRDA:119,4,0,0
BRDA:119,4,1,0
BRDA:124,5,0,0
BRDA:124,5,1,0
BRDA:136,6,0,0
BRDA:136,6,1,0
BRDA:147,7,0,0
BRDA:147,7,1,0
BRDA:149,8,0,0
BRDA:149,8,1,0
BRDA:163,9,0,1
BRDA:163,9,1,0
BRDA:182,10,0,3
BRDA:182,10,1,3
BRDA:183,11,0,3
BRDA:183,11,1,3
BRDA:184,12,0,3
BRDA:184,12,1,3
BRDA:185,13,0,3
BRDA:185,13,1,3
BRDA:186,14,0,3
BRDA:186,14,1,3
BRDA:190,15,0,3
BRDA:190,15,1,0
BRDA:193,16,0,3
BRDA:193,16,1,0
BRDA:194,17,0,3
BRDA:194,17,1,3
BRDA:200,18,0,3
BRDA:200,18,1,0
BRDA:200,19,0,0
BRDA:200,19,1,0
BRDA:205,20,0,1
BRDA:205,20,1,0
BRDA:209,21,0,1
BRDA:209,21,1,0
BRDA:210,22,0,1
BRDA:210,22,1,0
BRDA:210,23,0,0
BRDA:210,23,1,0
BRDA:219,24,0,1
BRDA:219,24,1,1
BRDA:220,25,0,0
BRDA:220,25,1,1
BRDA:223,26,0,0
BRDA:223,26,1,1
BRDA:227,27,0,0
BRDA:227,27,1,1
BRDA:228,28,0,0
BRDA:228,28,1,1
BRDA:230,29,0,0
BRDA:230,29,1,1
BRDA:234,30,0,0
BRDA:234,30,1,0
BRDA:235,31,0,0
BRDA:235,31,1,0
BRDA:235,32,0,0
BRDA:235,32,1,0
BRDA:241,33,0,1
BRDA:241,33,1,0
BRDA:242,34,0,1
BRDA:242,34,1,0
BRDA:242,35,0,1
BRDA:242,35,1,1
BRDA:246,36,0,0
BRDA:246,36,1,0
BRDA:247,37,0,0
BRDA:247,37,1,0
BRDA:250,38,0,0
BRDA:250,38,1,0
BRDA:255,39,0,0
BRDA:255,39,1,0
BRDA:256,40,0,0
BRDA:256,40,1,0
BRDA:256,41,0,0
BRDA:256,41,1,0
BRDA:260,42,0,0
BRDA:260,42,1,0
BRDA:261,43,0,0
BRDA:261,43,1,0
BRDA:264,44,0,0
BRDA:264,44,1,0
BRDA:266,45,0,0
BRDA:266,45,1,0
BRDA:268,46,0,0
BRDA:268,46,1,0
BRDA:269,47,0,0
BRDA:269,47,1,0
BRDA:269,48,0,0
BRDA:269,48,1,0
BRDA:273,49,0,0
BRDA:273,49,1,0
BRDA:273,50,0,0
BRDA:273,50,1,0
BRDA:284,51,0,0
BRDA:284,51,1,0
BRDA:297,52,0,0
BRDA:297,52,1,0
BRDA:306,53,0,0
BRDA:306,53,1,0
BRDA:308,54,0,0
BRDA:308,54,1,0
BRDA:309,55,0,0
BRDA:309,55,1,0
BRDA:321,56,0,0
BRDA:321,56,1,0
BRDA:341,57,0,0
BRDA:341,57,1,0
BRDA:355,58,0,0
BRDA:355,58,1,0
BRDA:367,59,0,0
BRDA:367,59,1,0
BRDA:389,60,0,0
BRDA:389,60,1,0
BRDA:397,61,0,0
BRDA:397,61,1,0
BRDA:397,62,0,0
BRDA:397,62,1,0
BRDA:400,63,0,0
BRDA:400,63,1,0
BRDA:400,64,0,0
BRDA:400,64,1,0
BRDA:422,65,0,0
BRDA:422,65,1,0
BRF:132
BRH:30
end_of_record
TN:
SF:src\theme\colors.ts
FNF:0
FNH:0
DA:2,3
LF:1
LH:1
BRF:0
BRH:0
end_of_record
TN:
SF:src\types\index.ts
FNF:0
FNH:0
LF:0
LH:0
BRF:0
BRH:0
end_of_record
